\BOOKMARK [0][-]{title.0}{封面}{}% 1
\BOOKMARK [0][-]{toc.0}{目录}{}% 2
\BOOKMARK [1][-]{section.0.1}{板单元（Plate Element）}{toc.0}% 3
\BOOKMARK [2][-]{subsection.0.1.1}{板单元的基本公式}{section.0.1}% 4
\BOOKMARK [2][-]{subsection.0.1.2}{板单元的应力应变以及刚度阵构造}{section.0.1}% 5
\BOOKMARK [2][-]{subsection.0.1.3}{应力计算以及后处理}{section.0.1}% 6
\BOOKMARK [2][-]{subsection.0.1.4}{输入文件格式和自由度约束}{section.0.1}% 7
\BOOKMARK [2][-]{subsection.0.1.5}{分片测试}{section.0.1}% 8
\BOOKMARK [2][-]{subsection.0.1.6}{收敛率计算}{section.0.1}% 9
\BOOKMARK [1][-]{section.0.2}{9节点平面亚参元（Subparameter Element）}{toc.0}% 10
\BOOKMARK [2][-]{subsection.0.2.1}{9节点平面亚参元基本公式}{section.0.2}% 11
\BOOKMARK [2][-]{subsection.0.2.2}{9节点平面亚参元的应力应变以及刚度阵构造}{section.0.2}% 12
\BOOKMARK [2][-]{subsection.0.2.3}{输入文件格式和自由度约束}{section.0.2}% 13
\BOOKMARK [2][-]{subsection.0.2.4}{分片测试}{section.0.2}% 14
\BOOKMARK [2][-]{subsection.0.2.5}{收敛率计算}{section.0.2}% 15
\BOOKMARK [1][-]{section.0.3}{无限单元（Infinite element）}{toc.0}% 16
\BOOKMARK [2][-]{subsection.0.3.1}{无限单元的基本公式}{section.0.3}% 17
\BOOKMARK [2][-]{subsection.0.3.2}{无限单元的应力应变以及刚度阵构造}{section.0.3}% 18
\BOOKMARK [2][-]{subsection.0.3.3}{无限单元的收敛性分析}{section.0.3}% 19
\BOOKMARK [1][-]{section.0.4}{Euler-Bernoulli Beam单元}{toc.0}% 20
\BOOKMARK [2][-]{subsection.0.4.1}{单元构造}{section.0.4}% 21
\BOOKMARK [2][-]{subsection.0.4.2}{梁单元的输入规定}{section.0.4}% 22
\BOOKMARK [2][-]{subsection.0.4.3}{Patch\040Test}{section.0.4}% 23
\BOOKMARK [2][-]{subsection.0.4.4}{收敛性分析}{section.0.4}% 24
\BOOKMARK [1][-]{section.0.5}{Timoshenko\040Beam}{toc.0}% 25
\BOOKMARK [2][-]{subsection.0.5.1}{Timoshenko Beam的基本假设}{section.0.5}% 26
\BOOKMARK [2][-]{subsection.0.5.2}{Timoshenko Beam 的控制方程}{section.0.5}% 27
\BOOKMARK [2][-]{subsection.0.5.3}{有限元离散与插值函数}{section.0.5}% 28
\BOOKMARK [2][-]{subsection.0.5.4}{程序实现}{section.0.5}% 29
\BOOKMARK [2][-]{subsection.0.5.5}{Patch\040Test}{section.0.5}% 30
\BOOKMARK [2][-]{subsection.0.5.6}{收敛率验证}{section.0.5}% 31
\BOOKMARK [1][-]{section.0.6}{稀疏矩阵求解器}{toc.0}% 32
\BOOKMARK [2][-]{subsection.0.6.1}{稀疏矩阵的存储方式}{section.0.6}% 33
\BOOKMARK [2][-]{subsection.0.6.2}{稀疏矩阵的具体实现}{section.0.6}% 34
\BOOKMARK [2][-]{subsection.0.6.3}{PARDISO的参数调节}{section.0.6}% 35
