\BOOKMARK [0][-]{title.0}{封面}{}% 1
\BOOKMARK [0][-]{toc.0}{目录}{}% 2
\BOOKMARK [0][-]{chapter.1}{摘要}{}% 3
\BOOKMARK [0][-]{chapter.2}{稀疏矩阵存储方法}{}% 4
\BOOKMARK [1][-]{section.2.1}{基本存储方式}{chapter.2}% 5
\BOOKMARK [2][-]{subsection.2.1.1}{Diagonal\040Format}{section.2.1}% 6
\BOOKMARK [2][-]{subsection.2.1.2}{ELLPACK\040Format}{section.2.1}% 7
\BOOKMARK [2][-]{subsection.2.1.3}{COO\040Coordinate\040Format}{section.2.1}% 8
\BOOKMARK [2][-]{subsection.2.1.4}{Compressed\040Row\040Format}{section.2.1}% 9
\BOOKMARK [2][-]{subsection.2.1.5}{Compressed\040Column\040Format}{section.2.1}% 10
\BOOKMARK [1][-]{section.2.2}{基于分块的存储方式}{chapter.2}% 11
\BOOKMARK [2][-]{subsection.2.2.1}{Blocked\040CSR\040Format}{section.2.2}% 12
\BOOKMARK [2][-]{subsection.2.2.2}{Row\040Grouped\040CSR\040Format}{section.2.2}% 13
\BOOKMARK [2][-]{subsection.2.2.3}{Quad\040Tree\040CSR\040Format}{section.2.2}% 14
\BOOKMARK [2][-]{subsection.2.2.4}{Minimal\040Quad\040Tree\040Format}{section.2.2}% 15
\BOOKMARK [1][-]{section.2.3}{向量化的存储方式}{chapter.2}% 16
\BOOKMARK [2][-]{subsection.2.3.1}{Compressed\040Multi\040Row\040Format}{section.2.3}% 17
\BOOKMARK [2][-]{subsection.2.3.2}{Adaptive\040CSR\040Format}{section.2.3}% 18
\BOOKMARK [2][-]{subsection.2.3.3}{Streamed\040Storage\040Format}{section.2.3}% 19
\BOOKMARK [3][-]{subsubsection.2.3.3.1}{Streamed\040CSR\040Format}{subsection.2.3.3}% 20
\BOOKMARK [3][-]{subsubsection.2.3.3.2}{Streamed\040BCSR\040Format}{subsection.2.3.3}% 21
\BOOKMARK [2][-]{subsection.2.3.4}{Sliced\040ELLPACK-C-SIGMA\040Format}{section.2.3}% 22
