TITLE : Cables to test STAP90
        (14:41:31 on June 10, 2019, Monday)

C O N T R O L   I N F O R M A T I O N

      NUMBER OF NODAL POINTS . . . . . . . . . . (NUMNP)  =     9
      NUMBER OF ELEMENT GROUPS . . . . . . . . . (NUMEG)  =     1
      NUMBER OF LOAD CASES . . . . . . . . . . . (NLCASE) =     1
      SOLUTION MODE  . . . . . . . . . . . . . . (MODEX)  =     1
         EQ.0, DATA CHECK
         EQ.1, EXECUTION

 N O D A L   P O I N T   D A T A

    NODE       BOUNDARY                          NODAL POINT
   NUMBER   CONDITION  CODES                     COORDINATES
        1    1    1    1       0.00000e+00    0.00000e+00    0.00000e+00
        2    1    1    0       1.00000e+00    0.00000e+00    0.00000e+00
        3    1    1    1       2.00000e+00    0.00000e+00    0.00000e+00
        4    1    1    0       0.00000e+00    1.00000e+00    0.00000e+00
        5    1    1    0       1.00000e+00    1.00000e+00    0.00000e+00
        6    1    1    0       2.00000e+00    1.00000e+00    0.00000e+00
        7    1    1    1       0.00000e+00    2.00000e+00    0.00000e+00
        8    1    1    0       1.00000e+00    2.00000e+00    0.00000e+00
        9    1    1    1       2.00000e+00    2.00000e+00    0.00000e+00

 L O A D   C A S E   D A T A

     LOAD CASE NUMBER . . . . . . . =     1
     NUMBER OF CONCENTRATED LOADS . =     1

    NODE       DIRECTION      LOAD
   NUMBER                   MAGNITUDE
      5            3       -1.00000e+05

 E L E M E N T   G R O U P   D A T A


 E L E M E N T   D E F I N I T I O N

 ELEMENT TYPE  . . . . . . . . . . . . .( NPAR(1) ) . . =    7
     EQ.1, TRUSS ELEMENTS
     EQ.2, ELEMENTS CURRENTLY
     EQ.3, NOT AVAILABLE

 NUMBER OF ELEMENTS. . . . . . . . . . .( NPAR(2) ) . . =    4

 M A T E R I A L   D E F I N I T I O N

 NUMBER OF DIFFERENT SETS OF MATERIAL
 AND CROSS-SECTIONAL  CONSTANTS  . . . .( NPAR(3) ) . . =    1

  SET       YOUNG'S   ELASTIC CONSTANTS      PLANE
 NUMBER     MODULUS         POISSON          THICKNESS
               E            poisson            thick   
    1     3.00000e+07     3.00000e-01     1.00000e+00     0.00000e+00


 E L E M E N T   I N F O R M A T I O N
 ELEMENT     NODE     NODE     NODE     NODE       MATERIAL
 NUMBER-N      I        J        K        L       SET NUMBER
    1          1        2        5        4           1
    2          2        3        6        5           1
    3          4        5        8        7           1
    4          5        6        9        8           1

 EQUATION NUMBERS

   NODE NUMBER                     DEGREES OF FREEDOM
        N              X        Y        Z      sitax     sitay     sitaz
        1                0         0         0         0         0         0
        2                0         0         1         2         3         0
        3                0         0         0         0         0         0
        4                0         0         4         5         6         0
        5                0         0         7         8         9         0
        6                0         0        10        11        12         0
        7                0         0         0         0         0         0
        8                0         0        13        14        15         0
        9                0         0         0         0         0         0

	TOTAL SYSTEM DATA

     NUMBER OF EQUATIONS . . . . . . . . . . . . . .(NEQ) = 15
     NUMBER OF MATRIX ELEMENTS . . . . . . . . . . .(NWK) = 111
     MAXIMUM HALF BANDWIDTH  . . . . . . . . . . . .(MK ) = 12
     MEAN HALF BANDWIDTH . . . . . . . . . . . . . .(MM ) = 7


 LOAD CASE    1


 D I S P L A C E M E N T S

  NODE           X-DISPLACEMENT    Y-DISPLACEMENT    Z-DISPLACEMENT     X-ROTATION     Y-ROTATION     Z-ROTATION
    1               0.00000e+00       0.00000e+00       0.00000e+00       0.00000e+00       0.00000e+00       0.00000e+00
    2               0.00000e+00       0.00000e+00      -9.24225e-04      -3.20537e-03      -5.42101e-20       0.00000e+00
    3               0.00000e+00       0.00000e+00       0.00000e+00       0.00000e+00       0.00000e+00       0.00000e+00
    4               0.00000e+00       0.00000e+00      -9.24225e-04       4.74338e-20       3.20537e-03       0.00000e+00
    5               0.00000e+00       0.00000e+00      -2.95908e-03      -6.53848e-20       2.16840e-19       0.00000e+00
    6               0.00000e+00       0.00000e+00      -9.24225e-04      -8.13152e-20      -3.20537e-03       0.00000e+00
    7               0.00000e+00       0.00000e+00       0.00000e+00       0.00000e+00       0.00000e+00       0.00000e+00
    8               0.00000e+00       0.00000e+00      -9.24225e-04       3.20537e-03       1.28691e-21       0.00000e+00
    9               0.00000e+00       0.00000e+00       0.00000e+00       0.00000e+00       0.00000e+00       0.00000e+00

 S T R E S S  C A L C U L A T I O N S  F O R  E L E M E N T  G R O U P    1

 ELEMENT NUMBER :    1
 GAUSS POINT   DEGREES    OF    FREEDOM     BENDING MOMENT   BENDING MOMENT    BENDING MOMENT
   NUMBER         X                Y                X                Y                 XY 
    1       2.11325e-01       2.11325e-01       4.63720e+04       4.63720e+04       3.41683e+04
    2       2.11325e-01       7.88675e-01      -2.84560e+04      -6.13185e+04       1.28150e+04
    3       7.88675e-01       2.11325e-01      -6.13185e+04      -2.84560e+04       1.28150e+04
    4       7.88675e-01       7.88675e-01      -9.39706e+04      -9.39706e+04      -8.53833e+03
 ELEMENT NUMBER :    2
 GAUSS POINT   DEGREES    OF    FREEDOM     BENDING MOMENT   BENDING MOMENT    BENDING MOMENT
   NUMBER         X                Y                X                Y                 XY 
    1       1.21132e+00       2.11325e-01      -6.13185e+04      -2.84560e+04      -1.28150e+04
    2       1.21132e+00       7.88675e-01      -9.39706e+04      -9.39706e+04       8.53833e+03
    3       1.78868e+00       2.11325e-01       4.63720e+04       4.63720e+04      -3.41683e+04
    4       1.78868e+00       7.88675e-01      -2.84560e+04      -6.13185e+04      -1.28150e+04
 ELEMENT NUMBER :    3
 GAUSS POINT   DEGREES    OF    FREEDOM     BENDING MOMENT   BENDING MOMENT    BENDING MOMENT
   NUMBER         X                Y                X                Y                 XY 
    1       2.11325e-01       1.21132e+00      -2.84560e+04      -6.13185e+04      -1.28150e+04
    2       2.11325e-01       1.78868e+00       4.63720e+04       4.63720e+04      -3.41683e+04
    3       7.88675e-01       1.21132e+00      -9.39706e+04      -9.39706e+04       8.53833e+03
    4       7.88675e-01       1.78868e+00      -6.13185e+04      -2.84560e+04      -1.28150e+04
 ELEMENT NUMBER :    4
 GAUSS POINT   DEGREES    OF    FREEDOM     BENDING MOMENT   BENDING MOMENT    BENDING MOMENT
   NUMBER         X                Y                X                Y                 XY 
    1       1.21132e+00       1.21132e+00      -9.39706e+04      -9.39706e+04      -8.53833e+03
    2       1.21132e+00       1.78868e+00      -6.13185e+04      -2.84560e+04       1.28150e+04
    3       1.78868e+00       1.21132e+00      -2.84560e+04      -6.13185e+04       1.28150e+04
    4       1.78868e+00       1.78868e+00       4.63720e+04       4.63720e+04       3.41683e+04

 S O L U T I O N   T I M E   L O G   I N   S E C 

     TIME FOR INPUT PHASE = 1.75000e-01
     TIME FOR CALCULATION OF STIFFNESS MATRIX = 1.20000e-02
     TIME FOR FACTORIZATION AND LOAD CASE SOLUTIONS = 2.03000e-01

     T O T A L   S O L U T I O N   T I M E = 3.90000e-01
