TITLE : Cables to test STAP90
        (14:42:47 on June 10, 2019, Monday)

C O N T R O L   I N F O R M A T I O N

      NUMBER OF NODAL POINTS . . . . . . . . . . (NUMNP)  =    81
      NUMBER OF ELEMENT GROUPS . . . . . . . . . (NUMEG)  =     1
      NUMBER OF LOAD CASES . . . . . . . . . . . (NLCASE) =     1
      SOLUTION MODE  . . . . . . . . . . . . . . (MODEX)  =     1
         EQ.0, DATA CHECK
         EQ.1, EXECUTION

 N O D A L   P O I N T   D A T A

    NODE       BOUNDARY                          NODAL POINT
   NUMBER   CONDITION  CODES                     COORDINATES
        1    1    1    1       0.00000e+00    0.00000e+00    0.00000e+00
        2    1    1    0       2.50000e-01    0.00000e+00    0.00000e+00
        3    1    1    0       5.00000e-01    0.00000e+00    0.00000e+00
        4    1    1    0       7.50000e-01    0.00000e+00    0.00000e+00
        5    1    1    0       1.00000e+00    0.00000e+00    0.00000e+00
        6    1    1    0       1.25000e+00    0.00000e+00    0.00000e+00
        7    1    1    0       1.50000e+00    0.00000e+00    0.00000e+00
        8    1    1    0       1.75000e+00    0.00000e+00    0.00000e+00
        9    1    1    1       2.00000e+00    0.00000e+00    0.00000e+00
       10    1    1    0       0.00000e+00    2.50000e-01    0.00000e+00
       11    1    1    0       2.50000e-01    2.50000e-01    0.00000e+00
       12    1    1    0       5.00000e-01    2.50000e-01    0.00000e+00
       13    1    1    0       7.50000e-01    2.50000e-01    0.00000e+00
       14    1    1    0       1.00000e+00    2.50000e-01    0.00000e+00
       15    1    1    0       1.25000e+00    2.50000e-01    0.00000e+00
       16    1    1    0       1.50000e+00    2.50000e-01    0.00000e+00
       17    1    1    0       1.75000e+00    2.50000e-01    0.00000e+00
       18    1    1    0       2.00000e+00    2.50000e-01    0.00000e+00
       19    1    1    0       0.00000e+00    5.00000e-01    0.00000e+00
       20    1    1    0       2.50000e-01    5.00000e-01    0.00000e+00
       21    1    1    0       5.00000e-01    5.00000e-01    0.00000e+00
       22    1    1    0       7.50000e-01    5.00000e-01    0.00000e+00
       23    1    1    0       1.00000e+00    5.00000e-01    0.00000e+00
       24    1    1    0       1.25000e+00    5.00000e-01    0.00000e+00
       25    1    1    0       1.50000e+00    5.00000e-01    0.00000e+00
       26    1    1    0       1.75000e+00    5.00000e-01    0.00000e+00
       27    1    1    0       2.00000e+00    5.00000e-01    0.00000e+00
       28    1    1    0       0.00000e+00    7.50000e-01    0.00000e+00
       29    1    1    0       2.50000e-01    7.50000e-01    0.00000e+00
       30    1    1    0       5.00000e-01    7.50000e-01    0.00000e+00
       31    1    1    0       7.50000e-01    7.50000e-01    0.00000e+00
       32    1    1    0       1.00000e+00    7.50000e-01    0.00000e+00
       33    1    1    0       1.25000e+00    7.50000e-01    0.00000e+00
       34    1    1    0       1.50000e+00    7.50000e-01    0.00000e+00
       35    1    1    0       1.75000e+00    7.50000e-01    0.00000e+00
       36    1    1    0       2.00000e+00    7.50000e-01    0.00000e+00
       37    1    1    0       0.00000e+00    1.00000e+00    0.00000e+00
       38    1    1    0       2.50000e-01    1.00000e+00    0.00000e+00
       39    1    1    0       5.00000e-01    1.00000e+00    0.00000e+00
       40    1    1    0       7.50000e-01    1.00000e+00    0.00000e+00
       41    1    1    0       1.00000e+00    1.00000e+00    0.00000e+00
       42    1    1    0       1.25000e+00    1.00000e+00    0.00000e+00
       43    1    1    0       1.50000e+00    1.00000e+00    0.00000e+00
       44    1    1    0       1.75000e+00    1.00000e+00    0.00000e+00
       45    1    1    0       2.00000e+00    1.00000e+00    0.00000e+00
       46    1    1    0       0.00000e+00    1.25000e+00    0.00000e+00
       47    1    1    0       2.50000e-01    1.25000e+00    0.00000e+00
       48    1    1    0       5.00000e-01    1.25000e+00    0.00000e+00
       49    1    1    0       7.50000e-01    1.25000e+00    0.00000e+00
       50    1    1    0       1.00000e+00    1.25000e+00    0.00000e+00
       51    1    1    0       1.25000e+00    1.25000e+00    0.00000e+00
       52    1    1    0       1.50000e+00    1.25000e+00    0.00000e+00
       53    1    1    0       1.75000e+00    1.25000e+00    0.00000e+00
       54    1    1    0       2.00000e+00    1.25000e+00    0.00000e+00
       55    1    1    0       0.00000e+00    1.50000e+00    0.00000e+00
       56    1    1    0       2.50000e-01    1.50000e+00    0.00000e+00
       57    1    1    0       5.00000e-01    1.50000e+00    0.00000e+00
       58    1    1    0       7.50000e-01    1.50000e+00    0.00000e+00
       59    1    1    0       1.00000e+00    1.50000e+00    0.00000e+00
       60    1    1    0       1.25000e+00    1.50000e+00    0.00000e+00
       61    1    1    0       1.50000e+00    1.50000e+00    0.00000e+00
       62    1    1    0       1.75000e+00    1.50000e+00    0.00000e+00
       63    1    1    0       2.00000e+00    1.50000e+00    0.00000e+00
       64    1    1    0       0.00000e+00    1.75000e+00    0.00000e+00
       65    1    1    0       2.50000e-01    1.75000e+00    0.00000e+00
       66    1    1    0       5.00000e-01    1.75000e+00    0.00000e+00
       67    1    1    0       7.50000e-01    1.75000e+00    0.00000e+00
       68    1    1    0       1.00000e+00    1.75000e+00    0.00000e+00
       69    1    1    0       1.25000e+00    1.75000e+00    0.00000e+00
       70    1    1    0       1.50000e+00    1.75000e+00    0.00000e+00
       71    1    1    0       1.75000e+00    1.75000e+00    0.00000e+00
       72    1    1    0       2.00000e+00    1.75000e+00    0.00000e+00
       73    1    1    1       0.00000e+00    2.00000e+00    0.00000e+00
       74    1    1    0       2.50000e-01    2.00000e+00    0.00000e+00
       75    1    1    0       5.00000e-01    2.00000e+00    0.00000e+00
       76    1    1    0       7.50000e-01    2.00000e+00    0.00000e+00
       77    1    1    0       1.00000e+00    2.00000e+00    0.00000e+00
       78    1    1    0       1.25000e+00    2.00000e+00    0.00000e+00
       79    1    1    0       1.50000e+00    2.00000e+00    0.00000e+00
       80    1    1    0       1.75000e+00    2.00000e+00    0.00000e+00
       81    1    1    1       2.00000e+00    2.00000e+00    0.00000e+00

 L O A D   C A S E   D A T A

     LOAD CASE NUMBER . . . . . . . =     1
     NUMBER OF CONCENTRATED LOADS . =     1

    NODE       DIRECTION      LOAD
   NUMBER                   MAGNITUDE
     41            3       -1.00000e+05

 E L E M E N T   G R O U P   D A T A


 E L E M E N T   D E F I N I T I O N

 ELEMENT TYPE  . . . . . . . . . . . . .( NPAR(1) ) . . =    7
     EQ.1, TRUSS ELEMENTS
     EQ.2, ELEMENTS CURRENTLY
     EQ.3, NOT AVAILABLE

 NUMBER OF ELEMENTS. . . . . . . . . . .( NPAR(2) ) . . =   64

 M A T E R I A L   D E F I N I T I O N

 NUMBER OF DIFFERENT SETS OF MATERIAL
 AND CROSS-SECTIONAL  CONSTANTS  . . . .( NPAR(3) ) . . =    1

  SET       YOUNG'S   ELASTIC CONSTANTS      PLANE
 NUMBER     MODULUS         POISSON          THICKNESS
               E            poisson            thick   
    1     3.00000e+07     3.00000e-01     1.00000e+00     0.00000e+00


 E L E M E N T   I N F O R M A T I O N
 ELEMENT     NODE     NODE     NODE     NODE       MATERIAL
 NUMBER-N      I        J        K        L       SET NUMBER
    1          1        2       11       10           1
    2          2        3       12       11           1
    3          3        4       13       12           1
    4          4        5       14       13           1
    5          5        6       15       14           1
    6          6        7       16       15           1
    7          7        8       17       16           1
    8          8        9       18       17           1
    9         10       11       20       19           1
   10         11       12       21       20           1
   11         12       13       22       21           1
   12         13       14       23       22           1
   13         14       15       24       23           1
   14         15       16       25       24           1
   15         16       17       26       25           1
   16         17       18       27       26           1
   17         19       20       29       28           1
   18         20       21       30       29           1
   19         21       22       31       30           1
   20         22       23       32       31           1
   21         23       24       33       32           1
   22         24       25       34       33           1
   23         25       26       35       34           1
   24         26       27       36       35           1
   25         28       29       38       37           1
   26         29       30       39       38           1
   27         30       31       40       39           1
   28         31       32       41       40           1
   29         32       33       42       41           1
   30         33       34       43       42           1
   31         34       35       44       43           1
   32         35       36       45       44           1
   33         37       38       47       46           1
   34         38       39       48       47           1
   35         39       40       49       48           1
   36         40       41       50       49           1
   37         41       42       51       50           1
   38         42       43       52       51           1
   39         43       44       53       52           1
   40         44       45       54       53           1
   41         46       47       56       55           1
   42         47       48       57       56           1
   43         48       49       58       57           1
   44         49       50       59       58           1
   45         50       51       60       59           1
   46         51       52       61       60           1
   47         52       53       62       61           1
   48         53       54       63       62           1
   49         55       56       65       64           1
   50         56       57       66       65           1
   51         57       58       67       66           1
   52         58       59       68       67           1
   53         59       60       69       68           1
   54         60       61       70       69           1
   55         61       62       71       70           1
   56         62       63       72       71           1
   57         64       65       74       73           1
   58         65       66       75       74           1
   59         66       67       76       75           1
   60         67       68       77       76           1
   61         68       69       78       77           1
   62         69       70       79       78           1
   63         70       71       80       79           1
   64         71       72       81       80           1

 EQUATION NUMBERS

   NODE NUMBER                     DEGREES OF FREEDOM
        N              X        Y        Z      sitax     sitay     sitaz
        1                0         0         0         0         0         0
        2                0         0         1         2         3         0
        3                0         0         4         5         6         0
        4                0         0         7         8         9         0
        5                0         0        10        11        12         0
        6                0         0        13        14        15         0
        7                0         0        16        17        18         0
        8                0         0        19        20        21         0
        9                0         0         0         0         0         0
       10                0         0        22        23        24         0
       11                0         0        25        26        27         0
       12                0         0        28        29        30         0
       13                0         0        31        32        33         0
       14                0         0        34        35        36         0
       15                0         0        37        38        39         0
       16                0         0        40        41        42         0
       17                0         0        43        44        45         0
       18                0         0        46        47        48         0
       19                0         0        49        50        51         0
       20                0         0        52        53        54         0
       21                0         0        55        56        57         0
       22                0         0        58        59        60         0
       23                0         0        61        62        63         0
       24                0         0        64        65        66         0
       25                0         0        67        68        69         0
       26                0         0        70        71        72         0
       27                0         0        73        74        75         0
       28                0         0        76        77        78         0
       29                0         0        79        80        81         0
       30                0         0        82        83        84         0
       31                0         0        85        86        87         0
       32                0         0        88        89        90         0
       33                0         0        91        92        93         0
       34                0         0        94        95        96         0
       35                0         0        97        98        99         0
       36                0         0       100       101       102         0
       37                0         0       103       104       105         0
       38                0         0       106       107       108         0
       39                0         0       109       110       111         0
       40                0         0       112       113       114         0
       41                0         0       115       116       117         0
       42                0         0       118       119       120         0
       43                0         0       121       122       123         0
       44                0         0       124       125       126         0
       45                0         0       127       128       129         0
       46                0         0       130       131       132         0
       47                0         0       133       134       135         0
       48                0         0       136       137       138         0
       49                0         0       139       140       141         0
       50                0         0       142       143       144         0
       51                0         0       145       146       147         0
       52                0         0       148       149       150         0
       53                0         0       151       152       153         0
       54                0         0       154       155       156         0
       55                0         0       157       158       159         0
       56                0         0       160       161       162         0
       57                0         0       163       164       165         0
       58                0         0       166       167       168         0
       59                0         0       169       170       171         0
       60                0         0       172       173       174         0
       61                0         0       175       176       177         0
       62                0         0       178       179       180         0
       63                0         0       181       182       183         0
       64                0         0       184       185       186         0
       65                0         0       187       188       189         0
       66                0         0       190       191       192         0
       67                0         0       193       194       195         0
       68                0         0       196       197       198         0
       69                0         0       199       200       201         0
       70                0         0       202       203       204         0
       71                0         0       205       206       207         0
       72                0         0       208       209       210         0
       73                0         0         0         0         0         0
       74                0         0       211       212       213         0
       75                0         0       214       215       216         0
       76                0         0       217       218       219         0
       77                0         0       220       221       222         0
       78                0         0       223       224       225         0
       79                0         0       226       227       228         0
       80                0         0       229       230       231         0
       81                0         0         0         0         0         0

	TOTAL SYSTEM DATA

     NUMBER OF EQUATIONS . . . . . . . . . . . . . .(NEQ) = 231
     NUMBER OF MATRIX ELEMENTS . . . . . . . . . . .(NWK) = 6591
     MAXIMUM HALF BANDWIDTH  . . . . . . . . . . . .(MK ) = 33
     MEAN HALF BANDWIDTH . . . . . . . . . . . . . .(MM ) = 28


 LOAD CASE    1


 D I S P L A C E M E N T S

  NODE           X-DISPLACEMENT    Y-DISPLACEMENT    Z-DISPLACEMENT     X-ROTATION     Y-ROTATION     Z-ROTATION
    1               0.00000e+00       0.00000e+00       0.00000e+00       0.00000e+00       0.00000e+00       0.00000e+00
    2               0.00000e+00       0.00000e+00      -3.48717e-04      -2.53434e-03       2.09647e-03       0.00000e+00
    3               0.00000e+00       0.00000e+00      -9.04540e-04      -2.21037e-03       2.10756e-03       0.00000e+00
    4               0.00000e+00       0.00000e+00      -1.33326e-03      -2.09666e-03       1.23126e-03       0.00000e+00
    5               0.00000e+00       0.00000e+00      -1.49099e-03      -2.03772e-03      -4.33681e-18       0.00000e+00
    6               0.00000e+00       0.00000e+00      -1.33326e-03      -2.09666e-03      -1.23126e-03       0.00000e+00
    7               0.00000e+00       0.00000e+00      -9.04540e-04      -2.21037e-03      -2.10756e-03       0.00000e+00
    8               0.00000e+00       0.00000e+00      -3.48717e-04      -2.53434e-03      -2.09647e-03       0.00000e+00
    9               0.00000e+00       0.00000e+00       0.00000e+00       0.00000e+00       0.00000e+00       0.00000e+00
   10               0.00000e+00       0.00000e+00      -3.48717e-04      -2.09647e-03       2.53434e-03       0.00000e+00
   11               0.00000e+00       0.00000e+00      -9.25618e-04      -2.30605e-03       2.30605e-03       0.00000e+00
   12               0.00000e+00       0.00000e+00      -1.47720e-03      -2.29761e-03       2.02116e-03       0.00000e+00
   13               0.00000e+00       0.00000e+00      -1.88706e-03      -2.29827e-03       1.17963e-03       0.00000e+00
   14               0.00000e+00       0.00000e+00      -2.03830e-03      -2.29628e-03      -1.21431e-17       0.00000e+00
   15               0.00000e+00       0.00000e+00      -1.88706e-03      -2.29827e-03      -1.17963e-03       0.00000e+00
   16               0.00000e+00       0.00000e+00      -1.47720e-03      -2.29761e-03      -2.02116e-03       0.00000e+00
   17               0.00000e+00       0.00000e+00      -9.25618e-04      -2.30605e-03      -2.30605e-03       0.00000e+00
   18               0.00000e+00       0.00000e+00      -3.48717e-04      -2.09647e-03      -2.53434e-03       0.00000e+00
   19               0.00000e+00       0.00000e+00      -9.04540e-04      -2.10756e-03       2.21037e-03       0.00000e+00
   20               0.00000e+00       0.00000e+00      -1.47720e-03      -2.02116e-03       2.29761e-03       0.00000e+00
   21               0.00000e+00       0.00000e+00      -2.03056e-03      -2.04222e-03       2.04222e-03       0.00000e+00
   22               0.00000e+00       0.00000e+00      -2.45284e-03      -2.15821e-03       1.23815e-03       0.00000e+00
   23               0.00000e+00       0.00000e+00      -2.61268e-03      -2.23513e-03      -1.90820e-17       0.00000e+00
   24               0.00000e+00       0.00000e+00      -2.45284e-03      -2.15821e-03      -1.23815e-03       0.00000e+00
   25               0.00000e+00       0.00000e+00      -2.03056e-03      -2.04222e-03      -2.04222e-03       0.00000e+00
   26               0.00000e+00       0.00000e+00      -1.47720e-03      -2.02116e-03      -2.29761e-03       0.00000e+00
   27               0.00000e+00       0.00000e+00      -9.04540e-04      -2.10756e-03      -2.21037e-03       0.00000e+00
   28               0.00000e+00       0.00000e+00      -1.33326e-03      -1.23126e-03       2.09666e-03       0.00000e+00
   29               0.00000e+00       0.00000e+00      -1.88706e-03      -1.17963e-03       2.29827e-03       0.00000e+00
   30               0.00000e+00       0.00000e+00      -2.45284e-03      -1.23815e-03       2.15821e-03       0.00000e+00
   31               0.00000e+00       0.00000e+00      -2.92017e-03      -1.45545e-03       1.45545e-03       0.00000e+00
   32               0.00000e+00       0.00000e+00      -3.11621e-03      -1.71612e-03      -1.30104e-17       0.00000e+00
   33               0.00000e+00       0.00000e+00      -2.92017e-03      -1.45545e-03      -1.45545e-03       0.00000e+00
   34               0.00000e+00       0.00000e+00      -2.45284e-03      -1.23815e-03      -2.15821e-03       0.00000e+00
   35               0.00000e+00       0.00000e+00      -1.88706e-03      -1.17963e-03      -2.29827e-03       0.00000e+00
   36               0.00000e+00       0.00000e+00      -1.33326e-03      -1.23126e-03      -2.09666e-03       0.00000e+00
   37               0.00000e+00       0.00000e+00      -1.49099e-03      -7.91468e-18       2.03772e-03       0.00000e+00
   38               0.00000e+00       0.00000e+00      -2.03830e-03       8.99888e-18       2.29628e-03       0.00000e+00
   39               0.00000e+00       0.00000e+00      -2.61268e-03       3.06829e-17       2.23513e-03       0.00000e+00
   40               0.00000e+00       0.00000e+00      -3.11621e-03       2.82977e-17       1.71612e-03       0.00000e+00
   41               0.00000e+00       0.00000e+00      -3.37649e-03       2.45520e-17      -1.73472e-18       0.00000e+00
   42               0.00000e+00       0.00000e+00      -3.11621e-03       3.08998e-18      -1.71612e-03       0.00000e+00
   43               0.00000e+00       0.00000e+00      -2.61268e-03      -2.40151e-17      -2.23513e-03       0.00000e+00
   44               0.00000e+00       0.00000e+00      -2.03830e-03      -3.17671e-17      -2.29628e-03       0.00000e+00
   45               0.00000e+00       0.00000e+00      -1.49099e-03      -3.57787e-17      -2.03772e-03       0.00000e+00
   46               0.00000e+00       0.00000e+00      -1.33326e-03       1.23126e-03       2.09666e-03       0.00000e+00
   47               0.00000e+00       0.00000e+00      -1.88706e-03       1.17963e-03       2.29827e-03       0.00000e+00
   48               0.00000e+00       0.00000e+00      -2.45284e-03       1.23815e-03       2.15821e-03       0.00000e+00
   49               0.00000e+00       0.00000e+00      -2.92017e-03       1.45545e-03       1.45545e-03       0.00000e+00
   50               0.00000e+00       0.00000e+00      -3.11621e-03       1.71612e-03       9.54098e-18       0.00000e+00
   51               0.00000e+00       0.00000e+00      -2.92017e-03       1.45545e-03      -1.45545e-03       0.00000e+00
   52               0.00000e+00       0.00000e+00      -2.45284e-03       1.23815e-03      -2.15821e-03       0.00000e+00
   53               0.00000e+00       0.00000e+00      -1.88706e-03       1.17963e-03      -2.29827e-03       0.00000e+00
   54               0.00000e+00       0.00000e+00      -1.33326e-03       1.23126e-03      -2.09666e-03       0.00000e+00
   55               0.00000e+00       0.00000e+00      -9.04540e-04       2.10756e-03       2.21037e-03       0.00000e+00
   56               0.00000e+00       0.00000e+00      -1.47720e-03       2.02116e-03       2.29761e-03       0.00000e+00
   57               0.00000e+00       0.00000e+00      -2.03056e-03       2.04222e-03       2.04222e-03       0.00000e+00
   58               0.00000e+00       0.00000e+00      -2.45284e-03       2.15821e-03       1.23815e-03       0.00000e+00
   59               0.00000e+00       0.00000e+00      -2.61268e-03       2.23513e-03       1.73472e-17       0.00000e+00
   60               0.00000e+00       0.00000e+00      -2.45284e-03       2.15821e-03      -1.23815e-03       0.00000e+00
   61               0.00000e+00       0.00000e+00      -2.03056e-03       2.04222e-03      -2.04222e-03       0.00000e+00
   62               0.00000e+00       0.00000e+00      -1.47720e-03       2.02116e-03      -2.29761e-03       0.00000e+00
   63               0.00000e+00       0.00000e+00      -9.04540e-04       2.10756e-03      -2.21037e-03       0.00000e+00
   64               0.00000e+00       0.00000e+00      -3.48717e-04       2.09647e-03       2.53434e-03       0.00000e+00
   65               0.00000e+00       0.00000e+00      -9.25618e-04       2.30605e-03       2.30605e-03       0.00000e+00
   66               0.00000e+00       0.00000e+00      -1.47720e-03       2.29761e-03       2.02116e-03       0.00000e+00
   67               0.00000e+00       0.00000e+00      -1.88706e-03       2.29827e-03       1.17963e-03       0.00000e+00
   68               0.00000e+00       0.00000e+00      -2.03830e-03       2.29628e-03       2.51535e-17       0.00000e+00
   69               0.00000e+00       0.00000e+00      -1.88706e-03       2.29827e-03      -1.17963e-03       0.00000e+00
   70               0.00000e+00       0.00000e+00      -1.47720e-03       2.29761e-03      -2.02116e-03       0.00000e+00
   71               0.00000e+00       0.00000e+00      -9.25618e-04       2.30605e-03      -2.30605e-03       0.00000e+00
   72               0.00000e+00       0.00000e+00      -3.48717e-04       2.09647e-03      -2.53434e-03       0.00000e+00
   73               0.00000e+00       0.00000e+00       0.00000e+00       0.00000e+00       0.00000e+00       0.00000e+00
   74               0.00000e+00       0.00000e+00      -3.48717e-04       2.53434e-03       2.09647e-03       0.00000e+00
   75               0.00000e+00       0.00000e+00      -9.04540e-04       2.21037e-03       2.10756e-03       0.00000e+00
   76               0.00000e+00       0.00000e+00      -1.33326e-03       2.09666e-03       1.23126e-03       0.00000e+00
   77               0.00000e+00       0.00000e+00      -1.49099e-03       2.03772e-03       1.68593e-17       0.00000e+00
   78               0.00000e+00       0.00000e+00      -1.33326e-03       2.09666e-03      -1.23126e-03       0.00000e+00
   79               0.00000e+00       0.00000e+00      -9.04540e-04       2.21037e-03      -2.10756e-03       0.00000e+00
   80               0.00000e+00       0.00000e+00      -3.48717e-04       2.53434e-03      -2.09647e-03       0.00000e+00
   81               0.00000e+00       0.00000e+00       0.00000e+00       0.00000e+00       0.00000e+00       0.00000e+00

 S T R E S S  C A L C U L A T I O N S  F O R  E L E M E N T  G R O U P    1

 ELEMENT NUMBER :    1
 GAUSS POINT   DEGREES    OF    FREEDOM     BENDING MOMENT   BENDING MOMENT    BENDING MOMENT
   NUMBER         X                Y                X                Y                 XY 
    1       5.28312e-02       5.28312e-02       2.11696e+05       2.11696e+05       1.04074e+05
    2       5.28312e-02       1.97169e-01       2.84384e+04       5.29670e+04       4.21263e+04
    3       1.97169e-01       5.28312e-02       5.29670e+04       2.84384e+04       4.21263e+04
    4       1.97169e-01       1.97169e-01       2.71582e+04       2.71582e+04      -1.98212e+04
 ELEMENT NUMBER :    2
 GAUSS POINT   DEGREES    OF    FREEDOM     BENDING MOMENT   BENDING MOMENT    BENDING MOMENT
   NUMBER         X                Y                X                Y                 XY 
    1       3.02831e-01       5.28312e-02       1.17658e+04      -2.30126e+04      -1.04273e+03
    2       3.02831e-01       1.97169e-01       1.24820e+03       7.52392e+03       7.36512e+03
    3       4.47169e-01       5.28312e-02      -2.65437e+04      -5.66401e+03      -8.92969e+03
    4       4.47169e-01       1.97169e-01      -2.81556e+04      -8.27823e+03      -5.21846e+02
 ELEMENT NUMBER :    3
 GAUSS POINT   DEGREES    OF    FREEDOM     BENDING MOMENT   BENDING MOMENT    BENDING MOMENT
   NUMBER         X                Y                X                Y                 XY 
    1       5.52831e-01       5.28312e-02      -4.27766e+04       6.40092e+02      -5.47062e+03
    2       5.52831e-01       1.97169e-01      -4.67821e+04      -1.41384e+04      -2.42307e+03
    3       6.97169e-01       5.28312e-02      -6.23712e+04      -3.55189e+03      -4.54434e+03
    4       6.97169e-01       1.97169e-01      -6.31707e+04      -1.28178e+04      -1.49679e+03
 ELEMENT NUMBER :    4
 GAUSS POINT   DEGREES    OF    FREEDOM     BENDING MOMENT   BENDING MOMENT    BENDING MOMENT
   NUMBER         X                Y                X                Y                 XY 
    1       8.02831e-01       5.28312e-02      -7.14716e+04      -4.74309e+03      -2.64307e+03
    2       8.02831e-01       1.97169e-01      -7.20784e+04      -1.26848e+04      -1.12573e+03
    3       9.47169e-01       5.28312e-02      -7.76135e+04      -4.06767e+03      -1.26723e+03
    4       9.47169e-01       1.97169e-01      -7.85515e+04      -1.31996e+04       2.50111e+02
 ELEMENT NUMBER :    5
 GAUSS POINT   DEGREES    OF    FREEDOM     BENDING MOMENT   BENDING MOMENT    BENDING MOMENT
   NUMBER         X                Y                X                Y                 XY 
    1       1.05283e+00       5.28312e-02      -7.76135e+04      -4.06767e+03       1.26723e+03
    2       1.05283e+00       1.97169e-01      -7.85515e+04      -1.31996e+04      -2.50111e+02
    3       1.19717e+00       5.28312e-02      -7.14716e+04      -4.74309e+03       2.64307e+03
    4       1.19717e+00       1.97169e-01      -7.20784e+04      -1.26848e+04       1.12573e+03
 ELEMENT NUMBER :    6
 GAUSS POINT   DEGREES    OF    FREEDOM     BENDING MOMENT   BENDING MOMENT    BENDING MOMENT
   NUMBER         X                Y                X                Y                 XY 
    1       1.30283e+00       5.28312e-02      -6.23712e+04      -3.55189e+03       4.54434e+03
    2       1.30283e+00       1.97169e-01      -6.31707e+04      -1.28178e+04       1.49679e+03
    3       1.44717e+00       5.28312e-02      -4.27766e+04       6.40092e+02       5.47062e+03
    4       1.44717e+00       1.97169e-01      -4.67821e+04      -1.41384e+04       2.42307e+03
 ELEMENT NUMBER :    7
 GAUSS POINT   DEGREES    OF    FREEDOM     BENDING MOMENT   BENDING MOMENT    BENDING MOMENT
   NUMBER         X                Y                X                Y                 XY 
    1       1.55283e+00       5.28312e-02      -2.65437e+04      -5.66401e+03       8.92969e+03
    2       1.55283e+00       1.97169e-01      -2.81556e+04      -8.27823e+03       5.21846e+02
    3       1.69717e+00       5.28312e-02       1.17658e+04      -2.30126e+04       1.04273e+03
    4       1.69717e+00       1.97169e-01       1.24820e+03       7.52392e+03      -7.36512e+03
 ELEMENT NUMBER :    8
 GAUSS POINT   DEGREES    OF    FREEDOM     BENDING MOMENT   BENDING MOMENT    BENDING MOMENT
   NUMBER         X                Y                X                Y                 XY 
    1       1.80283e+00       5.28312e-02       5.29670e+04       2.84384e+04      -4.21263e+04
    2       1.80283e+00       1.97169e-01       2.71582e+04       2.71582e+04       1.98212e+04
    3       1.94717e+00       5.28312e-02       2.11696e+05       2.11696e+05      -1.04074e+05
    4       1.94717e+00       1.97169e-01       2.84384e+04       5.29670e+04      -4.21263e+04
 ELEMENT NUMBER :    9
 GAUSS POINT   DEGREES    OF    FREEDOM     BENDING MOMENT   BENDING MOMENT    BENDING MOMENT
   NUMBER         X                Y                X                Y                 XY 
    1       5.28312e-02       3.02831e-01      -2.30126e+04       1.17658e+04      -1.04273e+03
    2       5.28312e-02       4.47169e-01      -5.66401e+03      -2.65437e+04      -8.92969e+03
    3       1.97169e-01       3.02831e-01       7.52392e+03       1.24820e+03       7.36512e+03
    4       1.97169e-01       4.47169e-01      -8.27823e+03      -2.81556e+04      -5.21846e+02
 ELEMENT NUMBER :   10
 GAUSS POINT   DEGREES    OF    FREEDOM     BENDING MOMENT   BENDING MOMENT    BENDING MOMENT
   NUMBER         X                Y                X                Y                 XY 
    1       3.02831e-01       3.02831e-01      -1.11487e+04      -1.11487e+04      -4.59665e+02
    2       3.02831e-01       4.47169e-01      -1.58027e+04      -3.03755e+04       3.26388e+02
    3       4.47169e-01       3.02831e-01      -3.03755e+04      -1.58027e+04       3.26388e+02
    4       4.47169e-01       4.47169e-01      -3.52929e+04      -3.52929e+04       1.11244e+03
 ELEMENT NUMBER :   11
 GAUSS POINT   DEGREES    OF    FREEDOM     BENDING MOMENT   BENDING MOMENT    BENDING MOMENT
   NUMBER         X                Y                X                Y                 XY 
    1       5.52831e-01       3.02831e-01      -4.72868e+04      -1.93834e+04       2.59672e+02
    2       5.52831e-01       4.47169e-01      -5.02609e+04      -3.76031e+04       3.33292e+03
    3       6.97169e-01       3.02831e-01      -6.50906e+04      -2.17607e+04       1.25818e+03
    4       6.97169e-01       4.47169e-01      -7.00084e+04      -3.85008e+04       4.33143e+03
 ELEMENT NUMBER :   12
 GAUSS POINT   DEGREES    OF    FREEDOM     BENDING MOMENT   BENDING MOMENT    BENDING MOMENT
   NUMBER         X                Y                X                Y                 XY 
    1       8.02831e-01       3.02831e-01      -7.49737e+04      -2.27759e+04       1.31458e+03
    2       8.02831e-01       4.47169e-01      -8.12223e+04      -3.88889e+04       3.41730e+03
    3       9.47169e-01       3.02831e-01      -8.16207e+04      -2.24073e+04      -2.44921e+02
    4       9.47169e-01       4.47169e-01      -8.89713e+04      -3.81092e+04       1.85780e+03
 ELEMENT NUMBER :   13
 GAUSS POINT   DEGREES    OF    FREEDOM     BENDING MOMENT   BENDING MOMENT    BENDING MOMENT
   NUMBER         X                Y                X                Y                 XY 
    1       1.05283e+00       3.02831e-01      -8.16207e+04      -2.24073e+04       2.44921e+02
    2       1.05283e+00       4.47169e-01      -8.89713e+04      -3.81092e+04      -1.85780e+03
    3       1.19717e+00       3.02831e-01      -7.49737e+04      -2.27759e+04      -1.31458e+03
    4       1.19717e+00       4.47169e-01      -8.12223e+04      -3.88889e+04      -3.41730e+03
 ELEMENT NUMBER :   14
 GAUSS POINT   DEGREES    OF    FREEDOM     BENDING MOMENT   BENDING MOMENT    BENDING MOMENT
   NUMBER         X                Y                X                Y                 XY 
    1       1.30283e+00       3.02831e-01      -6.50906e+04      -2.17607e+04      -1.25818e+03
    2       1.30283e+00       4.47169e-01      -7.00084e+04      -3.85008e+04      -4.33143e+03
    3       1.44717e+00       3.02831e-01      -4.72868e+04      -1.93834e+04      -2.59672e+02
    4       1.44717e+00       4.47169e-01      -5.02609e+04      -3.76031e+04      -3.33292e+03
 ELEMENT NUMBER :   15
 GAUSS POINT   DEGREES    OF    FREEDOM     BENDING MOMENT   BENDING MOMENT    BENDING MOMENT
   NUMBER         X                Y                X                Y                 XY 
    1       1.55283e+00       3.02831e-01      -3.03755e+04      -1.58027e+04      -3.26388e+02
    2       1.55283e+00       4.47169e-01      -3.52929e+04      -3.52929e+04      -1.11244e+03
    3       1.69717e+00       3.02831e-01      -1.11487e+04      -1.11487e+04       4.59665e+02
    4       1.69717e+00       4.47169e-01      -1.58027e+04      -3.03755e+04      -3.26388e+02
 ELEMENT NUMBER :   16
 GAUSS POINT   DEGREES    OF    FREEDOM     BENDING MOMENT   BENDING MOMENT    BENDING MOMENT
   NUMBER         X                Y                X                Y                 XY 
    1       1.80283e+00       3.02831e-01       7.52392e+03       1.24820e+03      -7.36512e+03
    2       1.80283e+00       4.47169e-01      -8.27823e+03      -2.81556e+04       5.21846e+02
    3       1.94717e+00       3.02831e-01      -2.30126e+04       1.17658e+04       1.04273e+03
    4       1.94717e+00       4.47169e-01      -5.66401e+03      -2.65437e+04       8.92969e+03
 ELEMENT NUMBER :   17
 GAUSS POINT   DEGREES    OF    FREEDOM     BENDING MOMENT   BENDING MOMENT    BENDING MOMENT
   NUMBER         X                Y                X                Y                 XY 
    1       5.28312e-02       5.52831e-01       6.40092e+02      -4.27766e+04      -5.47062e+03
    2       5.28312e-02       6.97169e-01      -3.55189e+03      -6.23712e+04      -4.54434e+03
    3       1.97169e-01       5.52831e-01      -1.41384e+04      -4.67821e+04      -2.42307e+03
    4       1.97169e-01       6.97169e-01      -1.28178e+04      -6.31707e+04      -1.49679e+03
 ELEMENT NUMBER :   18
 GAUSS POINT   DEGREES    OF    FREEDOM     BENDING MOMENT   BENDING MOMENT    BENDING MOMENT
   NUMBER         X                Y                X                Y                 XY 
    1       3.02831e-01       5.52831e-01      -1.93834e+04      -4.72868e+04       2.59672e+02
    2       3.02831e-01       6.97169e-01      -2.17607e+04      -6.50906e+04       1.25818e+03
    3       4.47169e-01       5.52831e-01      -3.76031e+04      -5.02609e+04       3.33292e+03
    4       4.47169e-01       6.97169e-01      -3.85008e+04      -7.00084e+04       4.33143e+03
 ELEMENT NUMBER :   19
 GAUSS POINT   DEGREES    OF    FREEDOM     BENDING MOMENT   BENDING MOMENT    BENDING MOMENT
   NUMBER         X                Y                X                Y                 XY 
    1       5.52831e-01       5.52831e-01      -5.16995e+04      -5.16995e+04       5.61601e+03
    2       5.52831e-01       6.97169e-01      -5.31618e+04      -7.36778e+04       8.31530e+03
    3       6.97169e-01       5.52831e-01      -7.36778e+04      -5.31618e+04       8.31530e+03
    4       6.97169e-01       6.97169e-01      -7.97749e+04      -7.97749e+04       1.10146e+04
 ELEMENT NUMBER :   20
 GAUSS POINT   DEGREES    OF    FREEDOM     BENDING MOMENT   BENDING MOMENT    BENDING MOMENT
   NUMBER         X                Y                X                Y                 XY 
    1       8.02831e-01       5.52831e-01      -8.74862e+04      -5.41504e+04       7.12946e+03
    2       8.02831e-01       6.97169e-01      -9.88589e+04      -8.14252e+04       1.20261e+04
    3       9.47169e-01       5.52831e-01      -9.90915e+04      -5.41466e+04       1.33920e+03
    4       9.47169e-01       6.97169e-01      -1.18097e+05      -7.79508e+04       6.23584e+03
 ELEMENT NUMBER :   21
 GAUSS POINT   DEGREES    OF    FREEDOM     BENDING MOMENT   BENDING MOMENT    BENDING MOMENT
   NUMBER         X                Y                X                Y                 XY 
    1       1.05283e+00       5.52831e-01      -9.90915e+04      -5.41466e+04      -1.33920e+03
    2       1.05283e+00       6.97169e-01      -1.18097e+05      -7.79508e+04      -6.23584e+03
    3       1.19717e+00       5.52831e-01      -8.74862e+04      -5.41504e+04      -7.12946e+03
    4       1.19717e+00       6.97169e-01      -9.88589e+04      -8.14252e+04      -1.20261e+04
 ELEMENT NUMBER :   22
 GAUSS POINT   DEGREES    OF    FREEDOM     BENDING MOMENT   BENDING MOMENT    BENDING MOMENT
   NUMBER         X                Y                X                Y                 XY 
    1       1.30283e+00       5.52831e-01      -7.36778e+04      -5.31618e+04      -8.31530e+03
    2       1.30283e+00       6.97169e-01      -7.97749e+04      -7.97749e+04      -1.10146e+04
    3       1.44717e+00       5.52831e-01      -5.16995e+04      -5.16995e+04      -5.61601e+03
    4       1.44717e+00       6.97169e-01      -5.31618e+04      -7.36778e+04      -8.31530e+03
 ELEMENT NUMBER :   23
 GAUSS POINT   DEGREES    OF    FREEDOM     BENDING MOMENT   BENDING MOMENT    BENDING MOMENT
   NUMBER         X                Y                X                Y                 XY 
    1       1.55283e+00       5.52831e-01      -3.76031e+04      -5.02609e+04      -3.33292e+03
    2       1.55283e+00       6.97169e-01      -3.85008e+04      -7.00084e+04      -4.33143e+03
    3       1.69717e+00       5.52831e-01      -1.93834e+04      -4.72868e+04      -2.59672e+02
    4       1.69717e+00       6.97169e-01      -2.17607e+04      -6.50906e+04      -1.25818e+03
 ELEMENT NUMBER :   24
 GAUSS POINT   DEGREES    OF    FREEDOM     BENDING MOMENT   BENDING MOMENT    BENDING MOMENT
   NUMBER         X                Y                X                Y                 XY 
    1       1.80283e+00       5.52831e-01      -1.41384e+04      -4.67821e+04       2.42307e+03
    2       1.80283e+00       6.97169e-01      -1.28178e+04      -6.31707e+04       1.49679e+03
    3       1.94717e+00       5.52831e-01       6.40092e+02      -4.27766e+04       5.47062e+03
    4       1.94717e+00       6.97169e-01      -3.55189e+03      -6.23712e+04       4.54434e+03
 ELEMENT NUMBER :   25
 GAUSS POINT   DEGREES    OF    FREEDOM     BENDING MOMENT   BENDING MOMENT    BENDING MOMENT
   NUMBER         X                Y                X                Y                 XY 
    1       5.28312e-02       8.02831e-01      -4.74309e+03      -7.14716e+04      -2.64307e+03
    2       5.28312e-02       9.47169e-01      -4.06767e+03      -7.76135e+04      -1.26723e+03
    3       1.97169e-01       8.02831e-01      -1.26848e+04      -7.20784e+04      -1.12573e+03
    4       1.97169e-01       9.47169e-01      -1.31996e+04      -7.85515e+04       2.50111e+02
 ELEMENT NUMBER :   26
 GAUSS POINT   DEGREES    OF    FREEDOM     BENDING MOMENT   BENDING MOMENT    BENDING MOMENT
   NUMBER         X                Y                X                Y                 XY 
    1       3.02831e-01       8.02831e-01      -2.27759e+04      -7.49737e+04       1.31458e+03
    2       3.02831e-01       9.47169e-01      -2.24073e+04      -8.16207e+04      -2.44921e+02
    3       4.47169e-01       8.02831e-01      -3.88889e+04      -8.12223e+04       3.41730e+03
    4       4.47169e-01       9.47169e-01      -3.81092e+04      -8.89713e+04       1.85780e+03
 ELEMENT NUMBER :   27
 GAUSS POINT   DEGREES    OF    FREEDOM     BENDING MOMENT   BENDING MOMENT    BENDING MOMENT
   NUMBER         X                Y                X                Y                 XY 
    1       5.52831e-01       8.02831e-01      -5.41504e+04      -8.74862e+04       7.12946e+03
    2       5.52831e-01       9.47169e-01      -5.41466e+04      -9.90915e+04       1.33920e+03
    3       6.97169e-01       8.02831e-01      -8.14252e+04      -9.88589e+04       1.20261e+04
    4       6.97169e-01       9.47169e-01      -7.79508e+04      -1.18097e+05       6.23584e+03
 ELEMENT NUMBER :   28
 GAUSS POINT   DEGREES    OF    FREEDOM     BENDING MOMENT   BENDING MOMENT    BENDING MOMENT
   NUMBER         X                Y                X                Y                 XY 
    1       8.02831e-01       8.02831e-01      -1.04775e+05      -1.04775e+05       1.88061e+04
    2       8.02831e-01       9.47169e-01      -1.09399e+05      -1.40742e+05       1.18600e+04
    3       9.47169e-01       8.02831e-01      -1.40742e+05      -1.09399e+05       1.18600e+04
    4       9.47169e-01       9.47169e-01      -1.88782e+05      -1.88782e+05       4.91388e+03
 ELEMENT NUMBER :   29
 GAUSS POINT   DEGREES    OF    FREEDOM     BENDING MOMENT   BENDING MOMENT    BENDING MOMENT
   NUMBER         X                Y                X                Y                 XY 
    1       1.05283e+00       8.02831e-01      -1.40742e+05      -1.09399e+05      -1.18600e+04
    2       1.05283e+00       9.47169e-01      -1.88782e+05      -1.88782e+05      -4.91388e+03
    3       1.19717e+00       8.02831e-01      -1.04775e+05      -1.04775e+05      -1.88061e+04
    4       1.19717e+00       9.47169e-01      -1.09399e+05      -1.40742e+05      -1.18600e+04
 ELEMENT NUMBER :   30
 GAUSS POINT   DEGREES    OF    FREEDOM     BENDING MOMENT   BENDING MOMENT    BENDING MOMENT
   NUMBER         X                Y                X                Y                 XY 
    1       1.30283e+00       8.02831e-01      -8.14252e+04      -9.88589e+04      -1.20261e+04
    2       1.30283e+00       9.47169e-01      -7.79508e+04      -1.18097e+05      -6.23584e+03
    3       1.44717e+00       8.02831e-01      -5.41504e+04      -8.74862e+04      -7.12946e+03
    4       1.44717e+00       9.47169e-01      -5.41466e+04      -9.90915e+04      -1.33920e+03
 ELEMENT NUMBER :   31
 GAUSS POINT   DEGREES    OF    FREEDOM     BENDING MOMENT   BENDING MOMENT    BENDING MOMENT
   NUMBER         X                Y                X                Y                 XY 
    1       1.55283e+00       8.02831e-01      -3.88889e+04      -8.12223e+04      -3.41730e+03
    2       1.55283e+00       9.47169e-01      -3.81092e+04      -8.89713e+04      -1.85780e+03
    3       1.69717e+00       8.02831e-01      -2.27759e+04      -7.49737e+04      -1.31458e+03
    4       1.69717e+00       9.47169e-01      -2.24073e+04      -8.16207e+04       2.44921e+02
 ELEMENT NUMBER :   32
 GAUSS POINT   DEGREES    OF    FREEDOM     BENDING MOMENT   BENDING MOMENT    BENDING MOMENT
   NUMBER         X                Y                X                Y                 XY 
    1       1.80283e+00       8.02831e-01      -1.26848e+04      -7.20784e+04       1.12573e+03
    2       1.80283e+00       9.47169e-01      -1.31996e+04      -7.85515e+04      -2.50111e+02
    3       1.94717e+00       8.02831e-01      -4.74309e+03      -7.14716e+04       2.64307e+03
    4       1.94717e+00       9.47169e-01      -4.06767e+03      -7.76135e+04       1.26723e+03
 ELEMENT NUMBER :   33
 GAUSS POINT   DEGREES    OF    FREEDOM     BENDING MOMENT   BENDING MOMENT    BENDING MOMENT
   NUMBER         X                Y                X                Y                 XY 
    1       5.28312e-02       1.05283e+00      -4.06767e+03      -7.76135e+04       1.26723e+03
    2       5.28312e-02       1.19717e+00      -4.74309e+03      -7.14716e+04       2.64307e+03
    3       1.97169e-01       1.05283e+00      -1.31996e+04      -7.85515e+04      -2.50111e+02
    4       1.97169e-01       1.19717e+00      -1.26848e+04      -7.20784e+04       1.12573e+03
 ELEMENT NUMBER :   34
 GAUSS POINT   DEGREES    OF    FREEDOM     BENDING MOMENT   BENDING MOMENT    BENDING MOMENT
   NUMBER         X                Y                X                Y                 XY 
    1       3.02831e-01       1.05283e+00      -2.24073e+04      -8.16207e+04       2.44921e+02
    2       3.02831e-01       1.19717e+00      -2.27759e+04      -7.49737e+04      -1.31458e+03
    3       4.47169e-01       1.05283e+00      -3.81092e+04      -8.89713e+04      -1.85780e+03
    4       4.47169e-01       1.19717e+00      -3.88889e+04      -8.12223e+04      -3.41730e+03
 ELEMENT NUMBER :   35
 GAUSS POINT   DEGREES    OF    FREEDOM     BENDING MOMENT   BENDING MOMENT    BENDING MOMENT
   NUMBER         X                Y                X                Y                 XY 
    1       5.52831e-01       1.05283e+00      -5.41466e+04      -9.90915e+04      -1.33920e+03
    2       5.52831e-01       1.19717e+00      -5.41504e+04      -8.74862e+04      -7.12946e+03
    3       6.97169e-01       1.05283e+00      -7.79508e+04      -1.18097e+05      -6.23584e+03
    4       6.97169e-01       1.19717e+00      -8.14252e+04      -9.88589e+04      -1.20261e+04
 ELEMENT NUMBER :   36
 GAUSS POINT   DEGREES    OF    FREEDOM     BENDING MOMENT   BENDING MOMENT    BENDING MOMENT
   NUMBER         X                Y                X                Y                 XY 
    1       8.02831e-01       1.05283e+00      -1.09399e+05      -1.40742e+05      -1.18600e+04
    2       8.02831e-01       1.19717e+00      -1.04775e+05      -1.04775e+05      -1.88061e+04
    3       9.47169e-01       1.05283e+00      -1.88782e+05      -1.88782e+05      -4.91388e+03
    4       9.47169e-01       1.19717e+00      -1.40742e+05      -1.09399e+05      -1.18600e+04
 ELEMENT NUMBER :   37
 GAUSS POINT   DEGREES    OF    FREEDOM     BENDING MOMENT   BENDING MOMENT    BENDING MOMENT
   NUMBER         X                Y                X                Y                 XY 
    1       1.05283e+00       1.05283e+00      -1.88782e+05      -1.88782e+05       4.91388e+03
    2       1.05283e+00       1.19717e+00      -1.40742e+05      -1.09399e+05       1.18600e+04
    3       1.19717e+00       1.05283e+00      -1.09399e+05      -1.40742e+05       1.18600e+04
    4       1.19717e+00       1.19717e+00      -1.04775e+05      -1.04775e+05       1.88061e+04
 ELEMENT NUMBER :   38
 GAUSS POINT   DEGREES    OF    FREEDOM     BENDING MOMENT   BENDING MOMENT    BENDING MOMENT
   NUMBER         X                Y                X                Y                 XY 
    1       1.30283e+00       1.05283e+00      -7.79508e+04      -1.18097e+05       6.23584e+03
    2       1.30283e+00       1.19717e+00      -8.14252e+04      -9.88589e+04       1.20261e+04
    3       1.44717e+00       1.05283e+00      -5.41466e+04      -9.90915e+04       1.33920e+03
    4       1.44717e+00       1.19717e+00      -5.41504e+04      -8.74862e+04       7.12946e+03
 ELEMENT NUMBER :   39
 GAUSS POINT   DEGREES    OF    FREEDOM     BENDING MOMENT   BENDING MOMENT    BENDING MOMENT
   NUMBER         X                Y                X                Y                 XY 
    1       1.55283e+00       1.05283e+00      -3.81092e+04      -8.89713e+04       1.85780e+03
    2       1.55283e+00       1.19717e+00      -3.88889e+04      -8.12223e+04       3.41730e+03
    3       1.69717e+00       1.05283e+00      -2.24073e+04      -8.16207e+04      -2.44921e+02
    4       1.69717e+00       1.19717e+00      -2.27759e+04      -7.49737e+04       1.31458e+03
 ELEMENT NUMBER :   40
 GAUSS POINT   DEGREES    OF    FREEDOM     BENDING MOMENT   BENDING MOMENT    BENDING MOMENT
   NUMBER         X                Y                X                Y                 XY 
    1       1.80283e+00       1.05283e+00      -1.31996e+04      -7.85515e+04       2.50111e+02
    2       1.80283e+00       1.19717e+00      -1.26848e+04      -7.20784e+04      -1.12573e+03
    3       1.94717e+00       1.05283e+00      -4.06767e+03      -7.76135e+04      -1.26723e+03
    4       1.94717e+00       1.19717e+00      -4.74309e+03      -7.14716e+04      -2.64307e+03
 ELEMENT NUMBER :   41
 GAUSS POINT   DEGREES    OF    FREEDOM     BENDING MOMENT   BENDING MOMENT    BENDING MOMENT
   NUMBER         X                Y                X                Y                 XY 
    1       5.28312e-02       1.30283e+00      -3.55189e+03      -6.23712e+04       4.54434e+03
    2       5.28312e-02       1.44717e+00       6.40092e+02      -4.27766e+04       5.47062e+03
    3       1.97169e-01       1.30283e+00      -1.28178e+04      -6.31707e+04       1.49679e+03
    4       1.97169e-01       1.44717e+00      -1.41384e+04      -4.67821e+04       2.42307e+03
 ELEMENT NUMBER :   42
 GAUSS POINT   DEGREES    OF    FREEDOM     BENDING MOMENT   BENDING MOMENT    BENDING MOMENT
   NUMBER         X                Y                X                Y                 XY 
    1       3.02831e-01       1.30283e+00      -2.17607e+04      -6.50906e+04      -1.25818e+03
    2       3.02831e-01       1.44717e+00      -1.93834e+04      -4.72868e+04      -2.59672e+02
    3       4.47169e-01       1.30283e+00      -3.85008e+04      -7.00084e+04      -4.33143e+03
    4       4.47169e-01       1.44717e+00      -3.76031e+04      -5.02609e+04      -3.33292e+03
 ELEMENT NUMBER :   43
 GAUSS POINT   DEGREES    OF    FREEDOM     BENDING MOMENT   BENDING MOMENT    BENDING MOMENT
   NUMBER         X                Y                X                Y                 XY 
    1       5.52831e-01       1.30283e+00      -5.31618e+04      -7.36778e+04      -8.31530e+03
    2       5.52831e-01       1.44717e+00      -5.16995e+04      -5.16995e+04      -5.61601e+03
    3       6.97169e-01       1.30283e+00      -7.97749e+04      -7.97749e+04      -1.10146e+04
    4       6.97169e-01       1.44717e+00      -7.36778e+04      -5.31618e+04      -8.31530e+03
 ELEMENT NUMBER :   44
 GAUSS POINT   DEGREES    OF    FREEDOM     BENDING MOMENT   BENDING MOMENT    BENDING MOMENT
   NUMBER         X                Y                X                Y                 XY 
    1       8.02831e-01       1.30283e+00      -9.88589e+04      -8.14252e+04      -1.20261e+04
    2       8.02831e-01       1.44717e+00      -8.74862e+04      -5.41504e+04      -7.12946e+03
    3       9.47169e-01       1.30283e+00      -1.18097e+05      -7.79508e+04      -6.23584e+03
    4       9.47169e-01       1.44717e+00      -9.90915e+04      -5.41466e+04      -1.33920e+03
 ELEMENT NUMBER :   45
 GAUSS POINT   DEGREES    OF    FREEDOM     BENDING MOMENT   BENDING MOMENT    BENDING MOMENT
   NUMBER         X                Y                X                Y                 XY 
    1       1.05283e+00       1.30283e+00      -1.18097e+05      -7.79508e+04       6.23584e+03
    2       1.05283e+00       1.44717e+00      -9.90915e+04      -5.41466e+04       1.33920e+03
    3       1.19717e+00       1.30283e+00      -9.88589e+04      -8.14252e+04       1.20261e+04
    4       1.19717e+00       1.44717e+00      -8.74862e+04      -5.41504e+04       7.12946e+03
 ELEMENT NUMBER :   46
 GAUSS POINT   DEGREES    OF    FREEDOM     BENDING MOMENT   BENDING MOMENT    BENDING MOMENT
   NUMBER         X                Y                X                Y                 XY 
    1       1.30283e+00       1.30283e+00      -7.97749e+04      -7.97749e+04       1.10146e+04
    2       1.30283e+00       1.44717e+00      -7.36778e+04      -5.31618e+04       8.31530e+03
    3       1.44717e+00       1.30283e+00      -5.31618e+04      -7.36778e+04       8.31530e+03
    4       1.44717e+00       1.44717e+00      -5.16995e+04      -5.16995e+04       5.61601e+03
 ELEMENT NUMBER :   47
 GAUSS POINT   DEGREES    OF    FREEDOM     BENDING MOMENT   BENDING MOMENT    BENDING MOMENT
   NUMBER         X                Y                X                Y                 XY 
    1       1.55283e+00       1.30283e+00      -3.85008e+04      -7.00084e+04       4.33143e+03
    2       1.55283e+00       1.44717e+00      -3.76031e+04      -5.02609e+04       3.33292e+03
    3       1.69717e+00       1.30283e+00      -2.17607e+04      -6.50906e+04       1.25818e+03
    4       1.69717e+00       1.44717e+00      -1.93834e+04      -4.72868e+04       2.59672e+02
 ELEMENT NUMBER :   48
 GAUSS POINT   DEGREES    OF    FREEDOM     BENDING MOMENT   BENDING MOMENT    BENDING MOMENT
   NUMBER         X                Y                X                Y                 XY 
    1       1.80283e+00       1.30283e+00      -1.28178e+04      -6.31707e+04      -1.49679e+03
    2       1.80283e+00       1.44717e+00      -1.41384e+04      -4.67821e+04      -2.42307e+03
    3       1.94717e+00       1.30283e+00      -3.55189e+03      -6.23712e+04      -4.54434e+03
    4       1.94717e+00       1.44717e+00       6.40092e+02      -4.27766e+04      -5.47062e+03
 ELEMENT NUMBER :   49
 GAUSS POINT   DEGREES    OF    FREEDOM     BENDING MOMENT   BENDING MOMENT    BENDING MOMENT
   NUMBER         X                Y                X                Y                 XY 
    1       5.28312e-02       1.55283e+00      -5.66401e+03      -2.65437e+04       8.92969e+03
    2       5.28312e-02       1.69717e+00      -2.30126e+04       1.17658e+04       1.04273e+03
    3       1.97169e-01       1.55283e+00      -8.27823e+03      -2.81556e+04       5.21846e+02
    4       1.97169e-01       1.69717e+00       7.52392e+03       1.24820e+03      -7.36512e+03
 ELEMENT NUMBER :   50
 GAUSS POINT   DEGREES    OF    FREEDOM     BENDING MOMENT   BENDING MOMENT    BENDING MOMENT
   NUMBER         X                Y                X                Y                 XY 
    1       3.02831e-01       1.55283e+00      -1.58027e+04      -3.03755e+04      -3.26388e+02
    2       3.02831e-01       1.69717e+00      -1.11487e+04      -1.11487e+04       4.59665e+02
    3       4.47169e-01       1.55283e+00      -3.52929e+04      -3.52929e+04      -1.11244e+03
    4       4.47169e-01       1.69717e+00      -3.03755e+04      -1.58027e+04      -3.26388e+02
 ELEMENT NUMBER :   51
 GAUSS POINT   DEGREES    OF    FREEDOM     BENDING MOMENT   BENDING MOMENT    BENDING MOMENT
   NUMBER         X                Y                X                Y                 XY 
    1       5.52831e-01       1.55283e+00      -5.02609e+04      -3.76031e+04      -3.33292e+03
    2       5.52831e-01       1.69717e+00      -4.72868e+04      -1.93834e+04      -2.59672e+02
    3       6.97169e-01       1.55283e+00      -7.00084e+04      -3.85008e+04      -4.33143e+03
    4       6.97169e-01       1.69717e+00      -6.50906e+04      -2.17607e+04      -1.25818e+03
 ELEMENT NUMBER :   52
 GAUSS POINT   DEGREES    OF    FREEDOM     BENDING MOMENT   BENDING MOMENT    BENDING MOMENT
   NUMBER         X                Y                X                Y                 XY 
    1       8.02831e-01       1.55283e+00      -8.12223e+04      -3.88889e+04      -3.41730e+03
    2       8.02831e-01       1.69717e+00      -7.49737e+04      -2.27759e+04      -1.31458e+03
    3       9.47169e-01       1.55283e+00      -8.89713e+04      -3.81092e+04      -1.85780e+03
    4       9.47169e-01       1.69717e+00      -8.16207e+04      -2.24073e+04       2.44921e+02
 ELEMENT NUMBER :   53
 GAUSS POINT   DEGREES    OF    FREEDOM     BENDING MOMENT   BENDING MOMENT    BENDING MOMENT
   NUMBER         X                Y                X                Y                 XY 
    1       1.05283e+00       1.55283e+00      -8.89713e+04      -3.81092e+04       1.85780e+03
    2       1.05283e+00       1.69717e+00      -8.16207e+04      -2.24073e+04      -2.44921e+02
    3       1.19717e+00       1.55283e+00      -8.12223e+04      -3.88889e+04       3.41730e+03
    4       1.19717e+00       1.69717e+00      -7.49737e+04      -2.27759e+04       1.31458e+03
 ELEMENT NUMBER :   54
 GAUSS POINT   DEGREES    OF    FREEDOM     BENDING MOMENT   BENDING MOMENT    BENDING MOMENT
   NUMBER         X                Y                X                Y                 XY 
    1       1.30283e+00       1.55283e+00      -7.00084e+04      -3.85008e+04       4.33143e+03
    2       1.30283e+00       1.69717e+00      -6.50906e+04      -2.17607e+04       1.25818e+03
    3       1.44717e+00       1.55283e+00      -5.02609e+04      -3.76031e+04       3.33292e+03
    4       1.44717e+00       1.69717e+00      -4.72868e+04      -1.93834e+04       2.59672e+02
 ELEMENT NUMBER :   55
 GAUSS POINT   DEGREES    OF    FREEDOM     BENDING MOMENT   BENDING MOMENT    BENDING MOMENT
   NUMBER         X                Y                X                Y                 XY 
    1       1.55283e+00       1.55283e+00      -3.52929e+04      -3.52929e+04       1.11244e+03
    2       1.55283e+00       1.69717e+00      -3.03755e+04      -1.58027e+04       3.26388e+02
    3       1.69717e+00       1.55283e+00      -1.58027e+04      -3.03755e+04       3.26388e+02
    4       1.69717e+00       1.69717e+00      -1.11487e+04      -1.11487e+04      -4.59665e+02
 ELEMENT NUMBER :   56
 GAUSS POINT   DEGREES    OF    FREEDOM     BENDING MOMENT   BENDING MOMENT    BENDING MOMENT
   NUMBER         X                Y                X                Y                 XY 
    1       1.80283e+00       1.55283e+00      -8.27823e+03      -2.81556e+04      -5.21846e+02
    2       1.80283e+00       1.69717e+00       7.52392e+03       1.24820e+03       7.36512e+03
    3       1.94717e+00       1.55283e+00      -5.66401e+03      -2.65437e+04      -8.92969e+03
    4       1.94717e+00       1.69717e+00      -2.30126e+04       1.17658e+04      -1.04273e+03
 ELEMENT NUMBER :   57
 GAUSS POINT   DEGREES    OF    FREEDOM     BENDING MOMENT   BENDING MOMENT    BENDING MOMENT
   NUMBER         X                Y                X                Y                 XY 
    1       5.28312e-02       1.80283e+00       2.84384e+04       5.29670e+04      -4.21263e+04
    2       5.28312e-02       1.94717e+00       2.11696e+05       2.11696e+05      -1.04074e+05
    3       1.97169e-01       1.80283e+00       2.71582e+04       2.71582e+04       1.98212e+04
    4       1.97169e-01       1.94717e+00       5.29670e+04       2.84384e+04      -4.21263e+04
 ELEMENT NUMBER :   58
 GAUSS POINT   DEGREES    OF    FREEDOM     BENDING MOMENT   BENDING MOMENT    BENDING MOMENT
   NUMBER         X                Y                X                Y                 XY 
    1       3.02831e-01       1.80283e+00       1.24820e+03       7.52392e+03      -7.36512e+03
    2       3.02831e-01       1.94717e+00       1.17658e+04      -2.30126e+04       1.04273e+03
    3       4.47169e-01       1.80283e+00      -2.81556e+04      -8.27823e+03       5.21846e+02
    4       4.47169e-01       1.94717e+00      -2.65437e+04      -5.66401e+03       8.92969e+03
 ELEMENT NUMBER :   59
 GAUSS POINT   DEGREES    OF    FREEDOM     BENDING MOMENT   BENDING MOMENT    BENDING MOMENT
   NUMBER         X                Y                X                Y                 XY 
    1       5.52831e-01       1.80283e+00      -4.67821e+04      -1.41384e+04       2.42307e+03
    2       5.52831e-01       1.94717e+00      -4.27766e+04       6.40092e+02       5.47062e+03
    3       6.97169e-01       1.80283e+00      -6.31707e+04      -1.28178e+04       1.49679e+03
    4       6.97169e-01       1.94717e+00      -6.23712e+04      -3.55189e+03       4.54434e+03
 ELEMENT NUMBER :   60
 GAUSS POINT   DEGREES    OF    FREEDOM     BENDING MOMENT   BENDING MOMENT    BENDING MOMENT
   NUMBER         X                Y                X                Y                 XY 
    1       8.02831e-01       1.80283e+00      -7.20784e+04      -1.26848e+04       1.12573e+03
    2       8.02831e-01       1.94717e+00      -7.14716e+04      -4.74309e+03       2.64307e+03
    3       9.47169e-01       1.80283e+00      -7.85515e+04      -1.31996e+04      -2.50111e+02
    4       9.47169e-01       1.94717e+00      -7.76135e+04      -4.06767e+03       1.26723e+03
 ELEMENT NUMBER :   61
 GAUSS POINT   DEGREES    OF    FREEDOM     BENDING MOMENT   BENDING MOMENT    BENDING MOMENT
   NUMBER         X                Y                X                Y                 XY 
    1       1.05283e+00       1.80283e+00      -7.85515e+04      -1.31996e+04       2.50111e+02
    2       1.05283e+00       1.94717e+00      -7.76135e+04      -4.06767e+03      -1.26723e+03
    3       1.19717e+00       1.80283e+00      -7.20784e+04      -1.26848e+04      -1.12573e+03
    4       1.19717e+00       1.94717e+00      -7.14716e+04      -4.74309e+03      -2.64307e+03
 ELEMENT NUMBER :   62
 GAUSS POINT   DEGREES    OF    FREEDOM     BENDING MOMENT   BENDING MOMENT    BENDING MOMENT
   NUMBER         X                Y                X                Y                 XY 
    1       1.30283e+00       1.80283e+00      -6.31707e+04      -1.28178e+04      -1.49679e+03
    2       1.30283e+00       1.94717e+00      -6.23712e+04      -3.55189e+03      -4.54434e+03
    3       1.44717e+00       1.80283e+00      -4.67821e+04      -1.41384e+04      -2.42307e+03
    4       1.44717e+00       1.94717e+00      -4.27766e+04       6.40092e+02      -5.47062e+03
 ELEMENT NUMBER :   63
 GAUSS POINT   DEGREES    OF    FREEDOM     BENDING MOMENT   BENDING MOMENT    BENDING MOMENT
   NUMBER         X                Y                X                Y                 XY 
    1       1.55283e+00       1.80283e+00      -2.81556e+04      -8.27823e+03      -5.21846e+02
    2       1.55283e+00       1.94717e+00      -2.65437e+04      -5.66401e+03      -8.92969e+03
    3       1.69717e+00       1.80283e+00       1.24820e+03       7.52392e+03       7.36512e+03
    4       1.69717e+00       1.94717e+00       1.17658e+04      -2.30126e+04      -1.04273e+03
 ELEMENT NUMBER :   64
 GAUSS POINT   DEGREES    OF    FREEDOM     BENDING MOMENT   BENDING MOMENT    BENDING MOMENT
   NUMBER         X                Y                X                Y                 XY 
    1       1.80283e+00       1.80283e+00       2.71582e+04       2.71582e+04      -1.98212e+04
    2       1.80283e+00       1.94717e+00       5.29670e+04       2.84384e+04       4.21263e+04
    3       1.94717e+00       1.80283e+00       2.84384e+04       5.29670e+04       4.21263e+04
    4       1.94717e+00       1.94717e+00       2.11696e+05       2.11696e+05       1.04074e+05

 S O L U T I O N   T I M E   L O G   I N   S E C 

     TIME FOR INPUT PHASE = 1.01700e+00
     TIME FOR CALCULATION OF STIFFNESS MATRIX = 5.00000e-03
     TIME FOR FACTORIZATION AND LOAD CASE SOLUTIONS = 1.80300e+00

     T O T A L   S O L U T I O N   T I M E = 2.82500e+00
