TITLE : Cables to test STAP90
        (9:26:32 on May 10, 2019, Friday)

C O N T R O L   I N F O R M A T I O N

      NUMBER OF NODAL POINTS . . . . . . . . . . (NUMNP)  =    25
      NUMBER OF ELEMENT GROUPS . . . . . . . . . (NUMEG)  =     1
      NUMBER OF LOAD CASES . . . . . . . . . . . (NLCASE) =     1
      SOLUTION MODE  . . . . . . . . . . . . . . (MODEX)  =     1
         EQ.0, DATA CHECK
         EQ.1, EXECUTION

 N O D A L   P O I N T   D A T A

    NODE               BOUNDARY                                   NODAL POINT
   NUMBER          CONDITION  CODES                               COORDINATES
        1    1    1    1    1    1    1       0.00000e+00    0.00000e+00    0.00000e+00
        2    0    0    1    1    1    1       5.00000e-01    1.25000e-01    0.00000e+00
        3    0    0    1    1    1    1       1.00000e+00    2.50000e-01    0.00000e+00
        4    0    0    1    1    1    1       1.50000e+00    3.75000e-01    0.00000e+00
        5    0    0    1    1    1    1       2.00000e+00    5.00000e-01    0.00000e+00
        6    1    1    1    1    1    1       0.00000e+00    2.50000e-01    0.00000e+00
        7    0    0    1    1    1    1       5.00000e-01    3.43800e-01    0.00000e+00
        8    0    0    1    1    1    1       1.00000e+00    4.37500e-01    0.00000e+00
        9    0    0    1    1    1    1       1.50000e+00    5.31300e-01    0.00000e+00
       10    0    0    1    1    1    1       2.00000e+00    6.25000e-01    0.00000e+00
       11    1    1    1    1    1    1       0.00000e+00    5.00000e-01    0.00000e+00
       12    0    0    1    1    1    1       5.00000e-01    5.62500e-01    0.00000e+00
       13    0    0    1    1    1    1       1.00000e+00    6.25000e-01    0.00000e+00
       14    0    0    1    1    1    1       1.50000e+00    6.87500e-01    0.00000e+00
       15    0    0    1    1    1    1       2.00000e+00    7.50000e-01    0.00000e+00
       16    1    1    1    1    1    1       0.00000e+00    7.81300e-01    0.00000e+00
       17    0    0    1    1    1    1       5.00000e-01    8.12500e-01    0.00000e+00
       18    0    0    1    1    1    1       1.00000e+00    8.43800e-01    0.00000e+00
       19    0    0    1    1    1    1       1.50000e+00    8.75000e-01    0.00000e+00
       20    0    0    1    1    1    1       2.00000e+00    1.00000e+00    0.00000e+00
       21    1    1    1    1    1    1       0.00000e+00    1.00000e+00    0.00000e+00
       22    0    0    1    1    1    1       5.00000e-01    1.00000e+00    0.00000e+00
       23    0    0    1    1    1    1       1.00000e+00    1.00000e+00    0.00000e+00
       24    0    0    1    1    1    1       1.50000e+00    1.00000e+00    0.00000e+00
       25    0    0    1    1    1    1       2.00000e+00    1.00000e+00    0.00000e+00

 EQUATION NUMBERS

   NODE NUMBER                DEGREES OF FREEDOM
        N           X    Y    Z  sitax  sitay  sitaz
        1           0    0    0    0    0    0
        2           1    2    0    0    0    0
        3           3    4    0    0    0    0
        4           5    6    0    0    0    0
        5           7    8    0    0    0    0
        6           0    0    0    0    0    0
        7           9   10    0    0    0    0
        8          11   12    0    0    0    0
        9          13   14    0    0    0    0
       10          15   16    0    0    0    0
       11           0    0    0    0    0    0
       12          17   18    0    0    0    0
       13          19   20    0    0    0    0
       14          21   22    0    0    0    0
       15          23   24    0    0    0    0
       16           0    0    0    0    0    0
       17          25   26    0    0    0    0
       18          27   28    0    0    0    0
       19          29   30    0    0    0    0
       20          31   32    0    0    0    0
       21           0    0    0    0    0    0
       22          33   34    0    0    0    0
       23          35   36    0    0    0    0
       24          37   38    0    0    0    0
       25          39   40    0    0    0    0

 L O A D   C A S E   D A T A

     LOAD CASE NUMBER . . . . . . . =     1
     NUMBER OF CONCENTRATED LOADS . =     5

    NODE       DIRECTION      LOAD
   NUMBER                   MAGNITUDE
     21            2       -5.00000e+00
     22            2       -1.00000e+01
     23            2       -1.00000e+01
     24            2       -1.00000e+01
     25            2       -5.00000e+00

 E L E M E N T   G R O U P   D A T A


 E L E M E N T   D E F I N I T I O N

 ELEMENT TYPE  . . . . . . . . . . . . .( NPAR(1) ) . . =    2
     EQ.1, TRUSS ELEMENTS
     EQ.2, ELEMENTS CURRENTLY
     EQ.3, NOT AVAILABLE

 NUMBER OF ELEMENTS. . . . . . . . . . .( NPAR(2) ) . . =   16

 M A T E R I A L   D E F I N I T I O N

 NUMBER OF DIFFERENT SETS OF MATERIAL
 AND ELASTIC CONSTANTS  . . . .( NPAR(3) ) . . =    1

  SET       YOUNG'S    ELASTIC CONSTANTS
 NUMBER     MODULUS        POISSON
               E              v
    1     3.00000e+07     3.00000e-01     0.00000e+00     1.00000e+00


 E L E M E N T   I N F O R M A T I O N
 ELEMENT     NODE     NODE     NODE      NODE    MATERIAL
 NUMBER-N      I        J        K        L     SET NUMBER
    1          1        2        7        6           1
    2          2        3        8        7           1
    3          3        4        9        8           1
    4          4        5       10        9           1
    5          6        7       12       11           1
    6          7        8       13       12           1
    7          8        9       14       13           1
    8          9       10       15       14           1
    9         11       12       17       16           1
   10         12       13       18       17           1
   11         13       14       19       18           1
   12         14       15       20       19           1
   13         16       17       22       21           1
   14         17       18       23       22           1
   15         18       19       24       23           1
   16         19       20       25       24           1

	TOTAL SYSTEM DATA

     NUMBER OF EQUATIONS . . . . . . . . . . . . . .(NEQ) = 40
     NUMBER OF MATRIX ELEMENTS . . . . . . . . . . .(NWK) = 376
     MAXIMUM HALF BANDWIDTH  . . . . . . . . . . . .(MK ) = 12
     MEAN HALF BANDWIDTH . . . . . . . . . . . . . .(MM ) = 9


 LOAD CASE    1


 D I S P L A C E M E N T S

  NODE           X-DISPLACEMENT    Y-DISPLACEMENT    Z-DISPLACEMENT     X-ROTATION     Y-ROTATION     Z-ROTATION
    1               0.00000e+00       0.00000e+00       0.00000e+00       0.00000e+00       0.00000e+00       0.00000e+00
    2              -2.48725e-06      -3.27530e-06       0.00000e+00       0.00000e+00       0.00000e+00       0.00000e+00
    3              -3.54264e-06      -9.00460e-06       0.00000e+00       0.00000e+00       0.00000e+00       0.00000e+00
    4              -2.96231e-06      -1.66656e-05       0.00000e+00       0.00000e+00       0.00000e+00       0.00000e+00
    5              -1.27383e-06      -2.48586e-05       0.00000e+00       0.00000e+00       0.00000e+00       0.00000e+00
    6               0.00000e+00       0.00000e+00       0.00000e+00       0.00000e+00       0.00000e+00       0.00000e+00
    7              -1.18576e-06      -3.03660e-06       0.00000e+00       0.00000e+00       0.00000e+00       0.00000e+00
    8              -1.37741e-06      -8.94459e-06       0.00000e+00       0.00000e+00       0.00000e+00       0.00000e+00
    9              -5.95105e-07      -1.66517e-05       0.00000e+00       0.00000e+00       0.00000e+00       0.00000e+00
   10               7.49768e-07      -2.48648e-05       0.00000e+00       0.00000e+00       0.00000e+00       0.00000e+00
   11               0.00000e+00       0.00000e+00       0.00000e+00       0.00000e+00       0.00000e+00       0.00000e+00
   12               8.78391e-08      -3.01478e-06       0.00000e+00       0.00000e+00       0.00000e+00       0.00000e+00
   13               7.61549e-07      -9.01118e-06       0.00000e+00       0.00000e+00       0.00000e+00       0.00000e+00
   14               1.71759e-06      -1.66991e-05       0.00000e+00       0.00000e+00       0.00000e+00       0.00000e+00
   15               2.75340e-06      -2.48993e-05       0.00000e+00       0.00000e+00       0.00000e+00       0.00000e+00
   16               0.00000e+00       0.00000e+00       0.00000e+00       0.00000e+00       0.00000e+00       0.00000e+00
   17               1.72469e-06      -3.25189e-06       0.00000e+00       0.00000e+00       0.00000e+00       0.00000e+00
   18               3.38957e-06      -9.21994e-06       0.00000e+00       0.00000e+00       0.00000e+00       0.00000e+00
   19               4.51523e-06      -1.68202e-05       0.00000e+00       0.00000e+00       0.00000e+00       0.00000e+00
   20               6.78816e-06      -2.50461e-05       0.00000e+00       0.00000e+00       0.00000e+00       0.00000e+00
   21               0.00000e+00       0.00000e+00       0.00000e+00       0.00000e+00       0.00000e+00       0.00000e+00
   22               3.40608e-06      -3.67844e-06       0.00000e+00       0.00000e+00       0.00000e+00       0.00000e+00
   23               5.42249e-06      -9.41219e-06       0.00000e+00       0.00000e+00       0.00000e+00       0.00000e+00
   24               6.46866e-06      -1.69320e-05       0.00000e+00       0.00000e+00       0.00000e+00       0.00000e+00
   25               6.81256e-06      -2.50409e-05       0.00000e+00       0.00000e+00       0.00000e+00       0.00000e+00

 S T R E S S  C A L C U L A T I O N S  F O R  E L E M E N T  G R O U P    1

  ELEMENT  GAUSS    X-COORD        Y-COORD        Z-COORD         SXX            SYY            TXY
  NUMBER   POINT
    1        1    3.94338e-01    2.76347e-01    0.00000e+00   -1.18201e+02   -1.04034e+01   -2.06279e+01
    1        2    3.94338e-01    1.46216e-01    0.00000e+00   -1.73153e+02   -2.68891e+01   -2.41554e+01
    1        3    1.05662e-01    2.18384e-01    0.00000e+00   -1.01746e+02   -2.43068e+01   -5.86817e+01
    1        4    1.05662e-01    7.78535e-02    0.00000e+00   -1.52632e+02   -3.95725e+01   -6.19482e+01
    2        1    8.94338e-01    3.76678e-01    0.00000e+00   -8.72469e+01   -1.10633e+01   -1.87780e+01
    2        2    8.94338e-01    2.64606e-01    0.00000e+00   -1.32297e+02   -2.45784e+01   -1.66073e+01
    2        3    6.05662e-01    3.18761e-01    0.00000e+00   -6.15642e+01    9.94039e+00   -5.69595e+01
    2        4    6.05662e-01    1.96256e-01    0.00000e+00   -1.02778e+02   -2.42372e+00   -5.49738e+01
    3        1    1.39434e+00    4.77054e-01    0.00000e+00   -4.42568e+01   -8.92009e+00   -1.33105e+01
    3        2    1.39434e+00    3.83008e-01    0.00000e+00   -6.88938e+01   -1.63112e+01   -1.27567e+01
    3        3    1.10566e+00    4.19092e-01    0.00000e+00   -2.92726e+01   -4.45124e-01   -3.74505e+01
    3        4    1.10566e+00    3.14646e-01    0.00000e+00   -5.14565e+01   -7.10028e+00   -3.69518e+01
    4        1    1.89434e+00    5.77385e-01    0.00000e+00   -1.20291e+01   -4.05423e+00   -5.62890e+00
    4        2    1.89434e+00    5.01398e-01    0.00000e+00   -1.79259e+01   -5.82327e+00   -5.35460e+00
    4        3    1.60566e+00    5.19469e-01    0.00000e+00   -7.29188e+00   -2.50854e-01   -1.27068e+01
    4        4    1.60566e+00    4.33048e-01    0.00000e+00   -1.24768e+01   -1.80632e+00   -1.24656e+01
    5        1    3.94338e-01    5.01678e-01    0.00000e+00   -3.15139e+01   -7.16253e+00   -1.83612e+01
    5        2    3.94338e-01    3.71592e-01    0.00000e+00   -8.53079e+01   -2.33007e+01   -1.86838e+01
    5        3    1.05662e-01    4.61774e-01    0.00000e+00   -1.68060e+01   -4.47336e+00   -5.69488e+01
    5        4    1.05662e-01    3.21256e-01    0.00000e+00   -6.66059e+01   -1.94133e+01   -5.72475e+01
    6        1    8.94338e-01    5.70775e-01    0.00000e+00   -1.59897e+01   -1.22012e+01   -2.12684e+01
    6        2    8.94338e-01    4.58716e-01    0.00000e+00   -6.09008e+01   -2.56745e+01   -1.99878e+01
    6        3    6.05662e-01    5.30884e-01    0.00000e+00    1.22743e+00    8.12310e-01   -5.87397e+01
    6        4    6.05662e-01    4.08425e-01    0.00000e+00   -3.98696e+01   -1.15168e+01   -5.75680e+01
    7        1    1.39434e+00    6.39885e-01    0.00000e+00   -6.21549e+00   -1.13537e+01   -1.57065e+01
    7        2    1.39434e+00    5.45884e-01    0.00000e+00   -2.94852e+01   -1.83346e+01   -1.58295e+01
    7        3    1.10566e+00    5.99982e-01    0.00000e+00    2.38420e+00   -9.65777e+00   -3.81721e+01
    7        4    1.10566e+00    4.95548e-01    0.00000e+00   -1.85608e+01   -1.59413e+01   -3.82828e+01
    8        1    1.89434e+00    7.08983e-01    0.00000e+00   -1.82126e+00   -9.03419e+00   -7.43564e+00
    8        2    1.89434e+00    6.33008e-01    0.00000e+00   -8.72921e+00   -1.11066e+01   -7.49075e+00
    8        3    1.60566e+00    6.69092e-01    0.00000e+00    1.21119e+00   -8.60333e+00   -1.54907e+01
    8        4    1.60566e+00    5.82717e-01    0.00000e+00   -4.86501e+00   -1.04262e+01   -1.55391e+01
    9        1    3.94338e-01    7.51678e-01    0.00000e+00    7.11585e+01   -5.14609e-01   -1.52053e+01
    9        2    3.94338e-01    6.03521e-01    0.00000e+00    2.85453e+00   -2.10058e+01   -1.17422e+01
    9        3    1.05662e-01    7.29845e-01    0.00000e+00    8.59647e+01    2.03168e+01   -5.91979e+01
    9        4    1.05662e-01    5.71256e-01    0.00000e+00    2.21543e+01    1.17373e+00   -5.59627e+01
   10        1    8.94338e-01    7.89554e-01    0.00000e+00    5.97292e+01   -1.06652e+01   -1.32171e+01
   10        2    8.94338e-01    6.59423e-01    0.00000e+00    9.25380e+00   -2.58078e+01   -1.31987e+01
   10        3    6.05662e-01    7.67677e-01    0.00000e+00    6.76195e+01   -8.20002e+00   -4.95098e+01
   10        4    6.05662e-01    6.27146e-01    0.00000e+00    2.08795e+01   -2.22220e+01   -4.94928e+01
   11        1    1.39434e+00    8.27385e-01    0.00000e+00    2.92690e+01   -1.27978e+01   -1.10253e+01
   11        2    1.39434e+00    7.15313e-01    0.00000e+00    5.85991e+00   -1.98206e+01   -1.18934e+01
   11        3    1.10566e+00    8.05553e-01    0.00000e+00    3.16875e+01   -1.73906e+01   -3.01773e+01
   11        4    1.10566e+00    6.83048e-01    0.00000e+00    1.02721e+01   -2.38152e+01   -3.09714e+01
   12        1    1.89434e+00    9.23544e-01    0.00000e+00    9.26190e+00   -1.51406e+01   -4.29507e+00
   12        2    1.89434e+00    7.86832e-01    0.00000e+00    8.09591e-02   -1.78949e+01   -4.44884e+00
   12        3    1.60566e+00    8.59001e-01    0.00000e+00    1.40472e+01   -1.47010e+01   -1.22144e+01
   12        4    1.60566e+00    7.43122e-01    0.00000e+00    3.21570e+00   -1.79505e+01   -1.23958e+01
   13        1    3.94338e-01    9.58983e-01    0.00000e+00    1.81037e+02    2.31360e+00   -3.71097e+00
   13        2    3.94338e-01    8.46923e-01    0.00000e+00    1.08917e+02   -1.93224e+01    2.69269e+00
   13        3    1.05662e-01    9.55177e-01    0.00000e+00    1.96217e+02    4.61158e+01   -6.34131e+01
   13        4    1.05662e-01    8.32717e-01    0.00000e+00    1.30222e+02    2.63173e+01   -5.75533e+01
   14        1    8.94338e-01    9.65593e-01    0.00000e+00    1.08120e+02   -1.21110e+01    5.57257e+00
   14        2    8.94338e-01    8.71592e-01    0.00000e+00    8.04047e+01   -2.04256e+01    3.07007e+00
   14        3    6.05662e-01    9.61774e-01    0.00000e+00    1.03204e+02   -3.15709e+01   -2.11493e+01
   14        4    6.05662e-01    8.57340e-01    0.00000e+00    7.82578e+01   -3.90548e+01   -2.34018e+01
   15        1    1.39434e+00    9.72191e-01    0.00000e+00    5.38962e+01   -1.31970e+01   -1.02284e+00
   15        2    1.39434e+00    8.96216e-01    0.00000e+00    3.91399e+01   -1.76239e+01   -1.68761e+00
   15        3    1.10566e+00    9.68384e-01    0.00000e+00    5.26422e+01   -1.93497e+01   -1.82546e+01
   15        4    1.10566e+00    8.82009e-01    0.00000e+00    3.96626e+01   -2.32436e+01   -1.88393e+01
   16        1    1.89434e+00    9.94418e-01    0.00000e+00    1.37811e+01   -1.79637e+01    1.47327e+00
   16        2    1.89434e+00    9.79167e-01    0.00000e+00    9.38585e+00   -1.92823e+01    1.13982e+00
   16        3    1.60566e+00    9.79167e-01    0.00000e+00    1.35092e+01   -2.24424e+01   -6.23959e+00
   16        4    1.60566e+00    9.22249e-01    0.00000e+00    1.23315e+01   -2.27957e+01   -6.32894e+00


 S O L U T I O N   T I M E   L O G   I N   S E C 

     TIME FOR INPUT PHASE = 2.47000e-01
     TIME FOR CALCULATION OF STIFFNESS MATRIX = 4.00000e-03
     TIME FOR FACTORIZATION AND LOAD CASE SOLUTIONS = 1.40000e-01

     T O T A L   S O L U T I O N   T I M E = 9.77000e-01
