TITLE : Cables to test STAP90
        (14:48:23 on May 31, 2019, Friday)

C O N T R O L   I N F O R M A T I O N

      NUMBER OF NODAL POINTS . . . . . . . . . . (NUMNP)  =    25
      NUMBER OF ELEMENT GROUPS . . . . . . . . . (NUMEG)  =     1
      NUMBER OF LOAD CASES . . . . . . . . . . . (NLCASE) =     1
      SOLUTION MODE  . . . . . . . . . . . . . . (MODEX)  =     1
         EQ.0, DATA CHECK
         EQ.1, EXECUTION

 N O D A L   P O I N T   D A T A

    NODE       BOUNDARY                          NODAL POINT
   NUMBER   CONDITION  CODES                     COORDINATES

























 L O A D   C A S E   D A T A

     LOAD CASE NUMBER . . . . . . . =     1
     NUMBER OF CONCENTRATED LOADS . =     5

    NODE       DIRECTION      LOAD
   NUMBER                   MAGNITUDE
      5            1       -5.00000e+00
     10            1       -1.00000e+01
     15            1       -1.00000e+01
     20            1       -1.00000e+01
     25            1       -5.00000e+00

 E L E M E N T   G R O U P   D A T A


 E L E M E N T   D E F I N I T I O N

 ELEMENT TYPE  . . . . . . . . . . . . .( NPAR(1) ) . . =    5
     EQ.1, TRUSS ELEMENTS
     EQ.2, ELEMENTS CURRENTLY
     EQ.3, NOT AVAILABLE

 NUMBER OF ELEMENTS. . . . . . . . . . .( NPAR(2) ) . . =   16

 EQUATION NUMBERS

   NODE NUMBER                     DEGREES OF FREEDOM
        N              X        Y        Z      sitax     sitay     sitaz

























	TOTAL SYSTEM DATA

     NUMBER OF EQUATIONS . . . . . . . . . . . . . .(NEQ) = 40
     NUMBER OF MATRIX ELEMENTS . . . . . . . . . . .(NWK) = 376
     MAXIMUM HALF BANDWIDTH  . . . . . . . . . . . .(MK ) = 12
     MEAN HALF BANDWIDTH . . . . . . . . . . . . . .(MM ) = 9


 LOAD CASE    1


 D I S P L A C E M E N T S

  NODE           X-DISPLACEMENT    Y-DISPLACEMENT    Z-DISPLACEMENT     X-ROTATION     Y-ROTATION     Z-ROTATION
    1               0.00000e+00       0.00000e+00       0.00000e+00       0.00000e+00       0.00000e+00       0.00000e+00
    2              -3.52317e-07      -1.57455e-07       0.00000e+00       0.00000e+00       0.00000e+00       0.00000e+00
    3              -6.70779e-07      -1.94793e-07       0.00000e+00       0.00000e+00       0.00000e+00       0.00000e+00
    4              -9.92311e-07      -2.08185e-07       0.00000e+00       0.00000e+00       0.00000e+00       0.00000e+00
    5              -1.32312e-06      -2.14996e-07       0.00000e+00       0.00000e+00       0.00000e+00       0.00000e+00
    6               0.00000e+00       0.00000e+00       0.00000e+00       0.00000e+00       0.00000e+00       0.00000e+00
    7              -3.09259e-07      -5.93898e-08       0.00000e+00       0.00000e+00       0.00000e+00       0.00000e+00
    8              -6.43518e-07      -1.00433e-07       0.00000e+00       0.00000e+00       0.00000e+00       0.00000e+00
    9              -9.78891e-07      -1.07465e-07       0.00000e+00       0.00000e+00       0.00000e+00       0.00000e+00
   10              -1.31365e-06      -1.12936e-07       0.00000e+00       0.00000e+00       0.00000e+00       0.00000e+00
   11               0.00000e+00       0.00000e+00       0.00000e+00       0.00000e+00       0.00000e+00       0.00000e+00
   12              -3.00880e-07      -6.13478e-09       0.00000e+00       0.00000e+00       0.00000e+00       0.00000e+00
   13              -6.29813e-07      -1.86684e-09       0.00000e+00       0.00000e+00       0.00000e+00       0.00000e+00
   14              -9.69968e-07      -4.11212e-09       0.00000e+00       0.00000e+00       0.00000e+00       0.00000e+00
   15              -1.30692e-06      -6.05619e-09       0.00000e+00       0.00000e+00       0.00000e+00       0.00000e+00
   16               0.00000e+00       0.00000e+00       0.00000e+00       0.00000e+00       0.00000e+00       0.00000e+00
   17              -2.99976e-07       6.33762e-08       0.00000e+00       0.00000e+00       0.00000e+00       0.00000e+00
   18              -6.39708e-07       9.56836e-08       0.00000e+00       0.00000e+00       0.00000e+00       0.00000e+00
   19              -9.74972e-07       9.94737e-08       0.00000e+00       0.00000e+00       0.00000e+00       0.00000e+00
   20              -1.30964e-06       1.00657e-07       0.00000e+00       0.00000e+00       0.00000e+00       0.00000e+00
   21               0.00000e+00       0.00000e+00       0.00000e+00       0.00000e+00       0.00000e+00       0.00000e+00
   22              -3.48838e-07       1.58273e-07       0.00000e+00       0.00000e+00       0.00000e+00       0.00000e+00
   23              -6.62053e-07       1.92343e-07       0.00000e+00       0.00000e+00       0.00000e+00       0.00000e+00
   24              -9.84144e-07       1.99814e-07       0.00000e+00       0.00000e+00       0.00000e+00       0.00000e+00
   25              -1.31498e-06       2.02788e-07       0.00000e+00       0.00000e+00       0.00000e+00       0.00000e+00

 S T R E S S  C A L C U L A T I O N S  F O R  E L E M E N T  G R O U P    1

  ELEMENT  GAUSS    X-COORD        Y-COORD        Z-COORD         SXX            SYY            TXY
  NUMBER   POINT
    1        1    3.94338e-01    3.94338e-01    0.00000e+00   -1.94608e+01   -1.19777e+00   -1.06511e+00
    1        2    3.94338e-01    1.05662e-01    0.00000e+00   -2.10999e+01   -1.68949e+00   -2.37168e+00
    1        3    1.05662e-01    3.94338e-01    0.00000e+00   -2.05807e+01   -4.93081e+00   -1.63879e+00
    1        4    1.05662e-01    1.05662e-01    0.00000e+00   -2.22198e+01   -5.42253e+00   -2.94535e+00
    2        1    8.94338e-01    3.94338e-01    0.00000e+00   -1.99370e+01   -2.72533e-01   -2.22966e-01
    2        2    8.94338e-01    1.05662e-01    0.00000e+00   -1.93356e+01   -9.21249e-02   -1.73602e-01
    2        3    6.05662e-01    3.94338e-01    0.00000e+00   -1.98947e+01   -1.31494e-01   -1.24889e-02
    2        4    6.05662e-01    1.05662e-01    0.00000e+00   -1.92933e+01    4.89142e-02    3.68748e-02
    3        1    1.39434e+00    3.94338e-01    0.00000e+00   -1.99540e+01   -2.36222e-02    1.83902e-01
    3        2    1.39434e+00    1.05662e-01    0.00000e+00   -1.94271e+01    1.34440e-01    9.91611e-02
    3        3    1.10566e+00    3.94338e-01    0.00000e+00   -2.00266e+01   -2.65739e-01    3.68308e-01
    3        4    1.10566e+00    1.05662e-01    0.00000e+00   -1.94997e+01   -1.07677e-01    2.83567e-01
    4        1    1.89434e+00    3.94338e-01    0.00000e+00   -2.00038e+01    1.05445e-01    1.04984e-01
    4        2    1.89434e+00    1.05662e-01    0.00000e+00   -1.98534e+01    1.50558e-01    8.71430e-02
    4        3    1.60566e+00    3.94338e-01    0.00000e+00   -2.00191e+01    5.44702e-02    1.57616e-01
    4        4    1.60566e+00    1.05662e-01    0.00000e+00   -1.98687e+01    9.95834e-02    1.39775e-01
    5        1    3.94338e-01    8.11004e-01    0.00000e+00   -1.93373e+01   -2.60589e+00   -1.17716e+00
    5        2    3.94338e-01    5.83333e-01    0.00000e+00   -1.93373e+01   -2.60589e+00   -1.17716e+00
    5        3    1.05662e-01    5.83333e-01    0.00000e+00   -1.93373e+01   -2.60589e+00   -1.17716e+00
    5        4    1.05662e-01    5.22329e-01    0.00000e+00   -1.93373e+01   -2.60589e+00   -1.17716e+00
    6        1    8.94338e-01    8.94338e-01    0.00000e+00   -2.00018e+01   -6.61093e-01    1.67832e-01
    6        2    8.94338e-01    6.05662e-01    0.00000e+00   -2.02046e+01   -7.21918e-01   -4.35873e-01
    6        3    6.05662e-01    8.94338e-01    0.00000e+00   -2.05193e+01   -2.38596e+00    9.68690e-02
    6        4    6.05662e-01    6.05662e-01    0.00000e+00   -2.07221e+01   -2.44679e+00   -5.06836e-01
    7        1    1.39434e+00    8.94338e-01    0.00000e+00   -2.03369e+01    3.94008e-02    1.54082e-01
    7        2    1.39434e+00    6.05662e-01    0.00000e+00   -2.01548e+01    9.40223e-02    9.03162e-02
    7        3    1.10566e+00    8.94338e-01    0.00000e+00   -2.03915e+01   -1.42788e-01    2.17807e-01
    7        4    1.10566e+00    6.05662e-01    0.00000e+00   -2.02095e+01   -8.81665e-02    1.54041e-01
    8        1    1.89434e+00    8.94338e-01    0.00000e+00   -2.00867e+01    3.42073e-01    1.03916e-01
    8        2    1.89434e+00    6.05662e-01    0.00000e+00   -2.00032e+01    3.67127e-01    5.69155e-02
    8        3    1.60566e+00    8.94338e-01    0.00000e+00   -2.01270e+01    2.07785e-01    1.33146e-01
    8        4    1.60566e+00    6.05662e-01    0.00000e+00   -2.00435e+01    2.32839e-01    8.61450e-02
    9        1    3.94338e-01    1.37201e+00    0.00000e+00   -1.89042e+01   -2.95582e+00    9.16407e-01
    9        2    3.94338e-01    1.02233e+00    0.00000e+00   -1.89610e+01   -2.97285e+00   -6.12707e-01
    9        3    1.05662e-01    1.31100e+00    0.00000e+00   -1.96303e+01   -5.39634e+00    1.08595e+00
    9        4    1.05662e-01    7.94658e-01    0.00000e+00   -1.96687e+01   -5.40787e+00    5.04092e-02
   10        1    8.94338e-01    1.39434e+00    0.00000e+00   -2.04371e+01   -6.33628e-01    4.33120e-01
   10        2    8.94338e-01    1.10566e+00    0.00000e+00   -2.00260e+01   -5.10302e-01    5.95368e-02
   10        3    6.05662e-01    1.39434e+00    0.00000e+00   -2.07573e+01   -1.70101e+00    5.77000e-01
   10        4    6.05662e-01    1.10566e+00    0.00000e+00   -2.03462e+01   -1.57768e+00    2.03417e-01
   11        1    1.39434e+00    1.39434e+00    0.00000e+00   -2.01497e+01    9.37012e-02   -8.12964e-02
   11        2    1.39434e+00    1.10566e+00    0.00000e+00   -2.03360e+01    3.78373e-02   -1.61709e-01
   11        3    1.10566e+00    1.39434e+00    0.00000e+00   -2.02187e+01   -1.36050e-01   -1.46471e-01
   11        4    1.10566e+00    1.10566e+00    0.00000e+00   -2.04049e+01   -1.91914e-01   -2.26884e-01
   12        1    1.89434e+00    1.39434e+00    0.00000e+00   -2.00001e+01    3.63099e-01   -6.18442e-02
   12        2    1.89434e+00    1.10566e+00    0.00000e+00   -2.00870e+01    3.37009e-01   -1.03507e-01
   12        3    1.60566e+00    1.39434e+00    0.00000e+00   -2.00358e+01    2.44063e-01   -9.22825e-02
   12        4    1.60566e+00    1.10566e+00    0.00000e+00   -2.01228e+01    2.17973e-01   -1.33945e-01
   13        1    3.94338e-01    1.89434e+00    0.00000e+00   -2.08391e+01   -1.76117e+00    2.30037e+00
   13        2    3.94338e-01    1.60566e+00    0.00000e+00   -1.89791e+01   -1.20316e+00    1.03602e+00
   13        3    1.05662e-01    1.89434e+00    0.00000e+00   -2.19228e+01   -5.37360e+00    2.95138e+00
   13        4    1.05662e-01    1.60566e+00    0.00000e+00   -2.00628e+01   -4.81560e+00    1.68703e+00
   14        1    8.94338e-01    1.89434e+00    0.00000e+00   -1.91164e+01    4.22631e-02    1.32669e-01
   14        2    8.94338e-01    1.60566e+00    0.00000e+00   -2.01259e+01   -2.60565e-01    1.09188e-01
   14        3    6.05662e-01    1.89434e+00    0.00000e+00   -1.91366e+01   -2.48277e-02   -2.20630e-01
   14        4    6.05662e-01    1.60566e+00    0.00000e+00   -2.01460e+01   -3.27656e-01   -2.44112e-01
   15        1    1.39434e+00    1.89434e+00    0.00000e+00   -1.94509e+01    1.38471e-01   -1.21426e-01
   15        2    1.39434e+00    1.60566e+00    0.00000e+00   -1.99524e+01   -1.19670e-02   -1.70476e-01
   15        3    1.10566e+00    1.89434e+00    0.00000e+00   -1.94930e+01   -1.67166e-03   -2.96936e-01
   15        4    1.10566e+00    1.60566e+00    0.00000e+00   -1.99944e+01   -1.52109e-01   -3.45986e-01
   16        1    1.89434e+00    1.89434e+00    0.00000e+00   -1.98542e+01    1.48896e-01   -8.20809e-02
   16        2    1.89434e+00    1.60566e+00    0.00000e+00   -1.99999e+01    1.05168e-01   -1.05935e-01
   16        3    1.60566e+00    1.89434e+00    0.00000e+00   -1.98746e+01    8.07419e-02   -1.33096e-01
   16        4    1.60566e+00    1.60566e+00    0.00000e+00   -2.00204e+01    3.70144e-02   -1.56950e-01


 S O L U T I O N   T I M E   L O G   I N   S E C 

     TIME FOR INPUT PHASE = 7.10000e-02
     TIME FOR CALCULATION OF STIFFNESS MATRIX = 1.60000e-02
     TIME FOR FACTORIZATION AND LOAD CASE SOLUTIONS = 6.94000e-01

     T O T A L   S O L U T I O N   T I M E = 7.81000e-01
