TITLE : Cables to test STAP90
        (14:39:51 on May 31, 2019, Friday)

C O N T R O L   I N F O R M A T I O N

      NUMBER OF NODAL POINTS . . . . . . . . . . (NUMNP)  =     4
      NUMBER OF ELEMENT GROUPS . . . . . . . . . (NUMEG)  =     1
      NUMBER OF LOAD CASES . . . . . . . . . . . (NLCASE) =     1
      SOLUTION MODE  . . . . . . . . . . . . . . (MODEX)  =     1
         EQ.0, DATA CHECK
         EQ.1, EXECUTION

 N O D A L   P O I N T   D A T A

    NODE       BOUNDARY                          NODAL POINT
   NUMBER   CONDITION  CODES                     COORDINATES




 L O A D   C A S E   D A T A

     LOAD CASE NUMBER . . . . . . . =     1
     NUMBER OF CONCENTRATED LOADS . =     2

    NODE       DIRECTION      LOAD
   NUMBER                   MAGNITUDE
      2            1       -2.00000e+01
      4            1       -2.00000e+01

 E L E M E N T   G R O U P   D A T A


 E L E M E N T   D E F I N I T I O N

 ELEMENT TYPE  . . . . . . . . . . . . .( NPAR(1) ) . . =    5
     EQ.1, TRUSS ELEMENTS
     EQ.2, ELEMENTS CURRENTLY
     EQ.3, NOT AVAILABLE

 NUMBER OF ELEMENTS. . . . . . . . . . .( NPAR(2) ) . . =    1

 EQUATION NUMBERS

   NODE NUMBER                     DEGREES OF FREEDOM
        N              X        Y        Z      sitax     sitay     sitaz




	TOTAL SYSTEM DATA

     NUMBER OF EQUATIONS . . . . . . . . . . . . . .(NEQ) = 4
     NUMBER OF MATRIX ELEMENTS . . . . . . . . . . .(NWK) = 10
     MAXIMUM HALF BANDWIDTH  . . . . . . . . . . . .(MK ) = 4
     MEAN HALF BANDWIDTH . . . . . . . . . . . . . .(MM ) = 2


 LOAD CASE    1


 D I S P L A C E M E N T S

  NODE           X-DISPLACEMENT    Y-DISPLACEMENT    Z-DISPLACEMENT     X-ROTATION     Y-ROTATION     Z-ROTATION
    1               0.00000e+00       0.00000e+00       0.00000e+00       0.00000e+00       0.00000e+00       0.00000e+00
    2              -1.29363e-06      -2.67647e-07       0.00000e+00       0.00000e+00       0.00000e+00       0.00000e+00
    3               0.00000e+00       0.00000e+00       0.00000e+00       0.00000e+00       0.00000e+00       0.00000e+00
    4              -1.29363e-06       2.67647e-07       0.00000e+00       0.00000e+00       0.00000e+00       0.00000e+00

 S T R E S S  C A L C U L A T I O N S  F O R  E L E M E N T  G R O U P    1

  ELEMENT  GAUSS    X-COORD        Y-COORD        Z-COORD         SXX            SYY            TXY
  NUMBER   POINT
    1        1    1.57735e+00    1.57735e+00    0.00000e+00   -1.92359e+01    5.61839e-01    8.91497e-01
    1        2    1.57735e+00    4.22650e-01    0.00000e+00   -1.92359e+01    5.61839e-01   -8.91497e-01
    1        3    4.22650e-01    1.57735e+00    0.00000e+00   -2.07641e+01   -4.53243e+00    8.91497e-01
    1        4    4.22650e-01    4.22650e-01    0.00000e+00   -2.07641e+01   -4.53243e+00   -8.91497e-01


 S O L U T I O N   T I M E   L O G   I N   S E C 

     TIME FOR INPUT PHASE = 3.60000e-02
     TIME FOR CALCULATION OF STIFFNESS MATRIX = 9.00000e-03
     TIME FOR FACTORIZATION AND LOAD CASE SOLUTIONS = 7.70000e-02

     T O T A L   S O L U T I O N   T I M E = 1.22000e-01
