TITLE : Cables to test STAP90
        (9:53:28 on June 1, 2019, Saturday)

C O N T R O L   I N F O R M A T I O N

      NUMBER OF NODAL POINTS . . . . . . . . . . (NUMNP)  =     9
      NUMBER OF ELEMENT GROUPS . . . . . . . . . (NUMEG)  =     1
      NUMBER OF LOAD CASES . . . . . . . . . . . (NLCASE) =     1
      SOLUTION MODE  . . . . . . . . . . . . . . (MODEX)  =     1
         EQ.0, DATA CHECK
         EQ.1, EXECUTION

 N O D A L   P O I N T   D A T A

    NODE       BOUNDARY                          NODAL POINT
   NUMBER   CONDITION  CODES                     COORDINATES
        1    1    1    1       0.00000e+00    0.00000e+00    0.00000e+00
        2    0    0    1       1.00000e+00    0.00000e+00    0.00000e+00
        3    0    0    1       2.00000e+00    0.00000e+00    0.00000e+00
        4    1    1    1       0.00000e+00    1.00000e+00    0.00000e+00
        5    0    0    1       1.00000e+00    1.00000e+00    0.00000e+00
        6    0    0    1       2.00000e+00    1.00000e+00    0.00000e+00
        7    1    1    1       0.00000e+00    2.00000e+00    0.00000e+00
        8    0    0    1       1.00000e+00    2.00000e+00    0.00000e+00
        9    0    0    1       2.00000e+00    2.00000e+00    0.00000e+00

 L O A D   C A S E   D A T A

     LOAD CASE NUMBER . . . . . . . =     1
     NUMBER OF CONCENTRATED LOADS . =     3

    NODE       DIRECTION      LOAD
   NUMBER                   MAGNITUDE
      3            1       -1.00000e+01
      6            1       -2.00000e+01
      9            1       -1.00000e+01

 E L E M E N T   G R O U P   D A T A


 E L E M E N T   D E F I N I T I O N

 ELEMENT TYPE  . . . . . . . . . . . . .( NPAR(1) ) . . =    5
     EQ.1, TRUSS ELEMENTS
     EQ.2, ELEMENTS CURRENTLY
     EQ.3, NOT AVAILABLE

 NUMBER OF ELEMENTS. . . . . . . . . . .( NPAR(2) ) . . =    4

 M A T E R I A L   D E F I N I T I O N

 NUMBER OF DIFFERENT SETS OF MATERIAL
 AND ELASTIC CONSTANTS  . . . .( NPAR(3) ) . . =    1

  SET       YOUNG'S    ELASTIC CONSTANTS
 NUMBER     MODULUS        POISSON
               E              v
    1     3.00000e+07     3.00000e-01     0.00000e+00     1.00000e+00


 E L E M E N T   I N F O R M A T I O N
 ELEMENT     NODE     NODE     NODE      NODE    MATERIAL
 NUMBER-N      I        J        K        L     SET NUMBER
    1          1        2        5        4           1
    2          2        3        6        5           1
    3          4        5        8        7           1
    4          5        6        9        8           1

 EQUATION NUMBERS

   NODE NUMBER                     DEGREES OF FREEDOM
        N              X        Y        Z      sitax     sitay     sitaz
        1                0         0         0         0         0         0
        2                1         2         0         0         0         0
        3                3         4         0         0         0         0
        4                0         0         0         0         0         0
        5                5         6         0         0         0         0
        6                7         8         0         0         0         0
        7                0         0         0         0         0         0
        8                9        10         0         0         0         0
        9               11        12         0         0         0         0

	TOTAL SYSTEM DATA

     NUMBER OF EQUATIONS . . . . . . . . . . . . . .(NEQ) = 12
     NUMBER OF MATRIX ELEMENTS . . . . . . . . . . .(NWK) = 62
     MAXIMUM HALF BANDWIDTH  . . . . . . . . . . . .(MK ) = 8
     MEAN HALF BANDWIDTH . . . . . . . . . . . . . .(MM ) = 5


 LOAD CASE    1


 D I S P L A C E M E N T S

  NODE           X-DISPLACEMENT    Y-DISPLACEMENT    Z-DISPLACEMENT     X-ROTATION     Y-ROTATION     Z-ROTATION
    1               0.00000e+00       0.00000e+00       0.00000e+00       0.00000e+00       0.00000e+00       0.00000e+00
    2              -6.60780e-07      -2.05230e-07       0.00000e+00       0.00000e+00       0.00000e+00       0.00000e+00
    3              -1.31070e-06      -2.10916e-07       0.00000e+00       0.00000e+00       0.00000e+00       0.00000e+00
    4               0.00000e+00       0.00000e+00       0.00000e+00       0.00000e+00       0.00000e+00       0.00000e+00
    5              -6.14122e-07       7.27919e-23       0.00000e+00       0.00000e+00       0.00000e+00       0.00000e+00
    6              -1.30238e-06       2.64698e-22       0.00000e+00       0.00000e+00       0.00000e+00       0.00000e+00
    7               0.00000e+00       0.00000e+00       0.00000e+00       0.00000e+00       0.00000e+00       0.00000e+00
    8              -6.60780e-07       2.05230e-07       0.00000e+00       0.00000e+00       0.00000e+00       0.00000e+00
    9              -1.31070e-06       2.10916e-07       0.00000e+00       0.00000e+00       0.00000e+00       0.00000e+00

 S T R E S S  C A L C U L A T I O N S  F O R  E L E M E N T  G R O U P    1

  ELEMENT  GAUSS    X-COORD        Y-COORD        Z-COORD         SXX            SYY            TXY
  NUMBER   POINT
    1        1    7.88675e-01    7.88675e-01    0.00000e+00   -1.89700e+01   -8.35211e-01   -7.58340e-02
    1        2    7.88675e-01    2.11325e-01    0.00000e+00   -1.98581e+01   -1.10163e+00   -1.44302e+00
    1        3    2.11325e-01    7.88675e-01    0.00000e+00   -2.01419e+01   -4.74146e+00   -3.86657e-01
    1        4    2.11325e-01    2.11325e-01    0.00000e+00   -2.10300e+01   -5.00788e+00   -1.75385e+00
    2        1    1.78868e+00    7.88675e-01    0.00000e+00   -2.03486e+01    1.86855e-01    1.75616e-01
    2        2    1.78868e+00    2.11325e-01    0.00000e+00   -1.96189e+01    4.05768e-01    1.37737e-01
    2        3    1.21132e+00    7.88675e-01    0.00000e+00   -2.03811e+01    7.86279e-02    4.31014e-01
    2        4    1.21132e+00    2.11325e-01    0.00000e+00   -1.96514e+01    2.97540e-01    3.93134e-01
    3        1    7.88675e-01    1.78868e+00    0.00000e+00   -1.98581e+01   -1.10163e+00    1.44302e+00
    3        2    7.88675e-01    1.21132e+00    0.00000e+00   -1.89700e+01   -8.35211e-01    7.58340e-02
    3        3    2.11325e-01    1.78868e+00    0.00000e+00   -2.10300e+01   -5.00788e+00    1.75385e+00
    3        4    2.11325e-01    1.21132e+00    0.00000e+00   -2.01419e+01   -4.74146e+00    3.86657e-01
    4        1    1.78868e+00    1.78868e+00    0.00000e+00   -1.96189e+01    4.05768e-01   -1.37737e-01
    4        2    1.78868e+00    1.21132e+00    0.00000e+00   -2.03486e+01    1.86855e-01   -1.75616e-01
    4        3    1.21132e+00    1.78868e+00    0.00000e+00   -1.96514e+01    2.97540e-01   -3.93134e-01
    4        4    1.21132e+00    1.21132e+00    0.00000e+00   -2.03811e+01    7.86279e-02   -4.31014e-01


 S O L U T I O N   T I M E   L O G   I N   S E C 

     TIME FOR INPUT PHASE = 2.01000e-01
     TIME FOR CALCULATION OF STIFFNESS MATRIX = 1.00000e-02
     TIME FOR FACTORIZATION AND LOAD CASE SOLUTIONS = 1.77000e-01

     T O T A L   S O L U T I O N   T I M E = 3.88000e-01
