TITLE : Cables to test STAP90
        (15:57:28 on May 31, 2019, Friday)

C O N T R O L   I N F O R M A T I O N

      NUMBER OF NODAL POINTS . . . . . . . . . . (NUMNP)  =    81
      NUMBER OF ELEMENT GROUPS . . . . . . . . . (NUMEG)  =     1
      NUMBER OF LOAD CASES . . . . . . . . . . . (NLCASE) =     1
      SOLUTION MODE  . . . . . . . . . . . . . . (MODEX)  =     1
         EQ.0, DATA CHECK
         EQ.1, EXECUTION

 N O D A L   P O I N T   D A T A

    NODE       BOUNDARY                          NODAL POINT
   NUMBER   CONDITION  CODES                     COORDINATES

















































































 L O A D   C A S E   D A T A

     LOAD CASE NUMBER . . . . . . . =     1
     NUMBER OF CONCENTRATED LOADS . =     9

    NODE       DIRECTION      LOAD
   NUMBER                   MAGNITUDE
      9            1        2.50000e+00
     18            1        5.00000e+00
     27            1        5.00000e+00
     36            1        5.00000e+00
     45            1        5.00000e+00
     54            1        5.00000e+00
     63            1        5.00000e+00
     72            1        5.00000e+00
     81            1        2.50000e+00

 E L E M E N T   G R O U P   D A T A


 E L E M E N T   D E F I N I T I O N

 ELEMENT TYPE  . . . . . . . . . . . . .( NPAR(1) ) . . =    5
     EQ.1, TRUSS ELEMENTS
     EQ.2, ELEMENTS CURRENTLY
     EQ.3, NOT AVAILABLE

 NUMBER OF ELEMENTS. . . . . . . . . . .( NPAR(2) ) . . =   64

 EQUATION NUMBERS

   NODE NUMBER                     DEGREES OF FREEDOM
        N              X        Y        Z      sitax     sitay     sitaz

















































































	TOTAL SYSTEM DATA

     NUMBER OF EQUATIONS . . . . . . . . . . . . . .(NEQ) = 144
     NUMBER OF MATRIX ELEMENTS . . . . . . . . . . .(NWK) = 2516
     MAXIMUM HALF BANDWIDTH  . . . . . . . . . . . .(MK ) = 20
     MEAN HALF BANDWIDTH . . . . . . . . . . . . . .(MM ) = 17


 LOAD CASE    1


 D I S P L A C E M E N T S

  NODE           X-DISPLACEMENT    Y-DISPLACEMENT    Z-DISPLACEMENT     X-ROTATION     Y-ROTATION     Z-ROTATION
    1               0.00000e+00       0.00000e+00       0.00000e+00       0.00000e+00       0.00000e+00       0.00000e+00
    2               1.94868e-07       1.11920e-07       0.00000e+00       0.00000e+00       0.00000e+00       0.00000e+00
    3               3.54777e-07       1.58073e-07       0.00000e+00       0.00000e+00       0.00000e+00       0.00000e+00
    4               5.09660e-07       1.83168e-07       0.00000e+00       0.00000e+00       0.00000e+00       0.00000e+00
    5               6.66663e-07       1.95043e-07       0.00000e+00       0.00000e+00       0.00000e+00       0.00000e+00
    6               8.26853e-07       2.00394e-07       0.00000e+00       0.00000e+00       0.00000e+00       0.00000e+00
    7               9.90009e-07       2.02835e-07       0.00000e+00       0.00000e+00       0.00000e+00       0.00000e+00
    8               1.15539e-06       2.04760e-07       0.00000e+00       0.00000e+00       0.00000e+00       0.00000e+00
    9               1.32186e-06       2.07434e-07       0.00000e+00       0.00000e+00       0.00000e+00       0.00000e+00
   10               0.00000e+00       0.00000e+00       0.00000e+00       0.00000e+00       0.00000e+00       0.00000e+00
   11               1.55333e-07       6.36937e-08       0.00000e+00       0.00000e+00       0.00000e+00       0.00000e+00
   12               3.25321e-07       1.11866e-07       0.00000e+00       0.00000e+00       0.00000e+00       0.00000e+00
   13               4.91516e-07       1.35412e-07       0.00000e+00       0.00000e+00       0.00000e+00       0.00000e+00
   14               6.56167e-07       1.46653e-07       0.00000e+00       0.00000e+00       0.00000e+00       0.00000e+00
   15               8.20817e-07       1.51303e-07       0.00000e+00       0.00000e+00       0.00000e+00       0.00000e+00
   16               9.86086e-07       1.53176e-07       0.00000e+00       0.00000e+00       0.00000e+00       0.00000e+00
   17               1.15209e-06       1.54641e-07       0.00000e+00       0.00000e+00       0.00000e+00       0.00000e+00
   18               1.31868e-06       1.57249e-07       0.00000e+00       0.00000e+00       0.00000e+00       0.00000e+00
   19               0.00000e+00       0.00000e+00       0.00000e+00       0.00000e+00       0.00000e+00       0.00000e+00
   20               1.49758e-07       3.72751e-08       0.00000e+00       0.00000e+00       0.00000e+00       0.00000e+00
   21               3.10574e-07       6.84213e-08       0.00000e+00       0.00000e+00       0.00000e+00       0.00000e+00
   22               4.77690e-07       8.79123e-08       0.00000e+00       0.00000e+00       0.00000e+00       0.00000e+00
   23               6.45570e-07       9.73247e-08       0.00000e+00       0.00000e+00       0.00000e+00       0.00000e+00
   24               8.13231e-07       1.01251e-07       0.00000e+00       0.00000e+00       0.00000e+00       0.00000e+00
   25               9.80556e-07       1.02720e-07       0.00000e+00       0.00000e+00       0.00000e+00       0.00000e+00
   26               1.14770e-06       1.03779e-07       0.00000e+00       0.00000e+00       0.00000e+00       0.00000e+00
   27               1.31486e-06       1.06128e-07       0.00000e+00       0.00000e+00       0.00000e+00       0.00000e+00
   28               0.00000e+00       0.00000e+00       0.00000e+00       0.00000e+00       0.00000e+00       0.00000e+00
   29               1.47462e-07       1.75290e-08       0.00000e+00       0.00000e+00       0.00000e+00       0.00000e+00
   30               3.05386e-07       3.25978e-08       0.00000e+00       0.00000e+00       0.00000e+00       0.00000e+00
   31               4.70341e-07       4.28497e-08       0.00000e+00       0.00000e+00       0.00000e+00       0.00000e+00
   32               6.38645e-07       4.83531e-08       0.00000e+00       0.00000e+00       0.00000e+00       0.00000e+00
   33               8.07595e-07       5.06795e-08       0.00000e+00       0.00000e+00       0.00000e+00       0.00000e+00
   34               9.76127e-07       5.15369e-08       0.00000e+00       0.00000e+00       0.00000e+00       0.00000e+00
   35               1.14403e-06       5.21243e-08       0.00000e+00       0.00000e+00       0.00000e+00       0.00000e+00
   36               1.31164e-06       5.35614e-08       0.00000e+00       0.00000e+00       0.00000e+00       0.00000e+00
   37               0.00000e+00       0.00000e+00       0.00000e+00       0.00000e+00       0.00000e+00       0.00000e+00
   38               1.46935e-07      -4.05319e-23       0.00000e+00       0.00000e+00       0.00000e+00       0.00000e+00
   39               3.03902e-07      -1.05879e-22       0.00000e+00       0.00000e+00       0.00000e+00       0.00000e+00
   40               4.68191e-07      -2.38228e-22       0.00000e+00       0.00000e+00       0.00000e+00       0.00000e+00
   41               6.36314e-07      -3.87121e-22       0.00000e+00       0.00000e+00       0.00000e+00       0.00000e+00
   42               8.05567e-07      -5.29396e-22       0.00000e+00       0.00000e+00       0.00000e+00       0.00000e+00
   43               9.74463e-07      -6.94832e-22       0.00000e+00       0.00000e+00       0.00000e+00       0.00000e+00
   44               1.14261e-06      -8.33798e-22       0.00000e+00       0.00000e+00       0.00000e+00       0.00000e+00
   45               1.31039e-06      -9.13414e-22       0.00000e+00       0.00000e+00       0.00000e+00       0.00000e+00
   46               0.00000e+00       0.00000e+00       0.00000e+00       0.00000e+00       0.00000e+00       0.00000e+00
   47               1.47462e-07      -1.75290e-08       0.00000e+00       0.00000e+00       0.00000e+00       0.00000e+00
   48               3.05386e-07      -3.25978e-08       0.00000e+00       0.00000e+00       0.00000e+00       0.00000e+00
   49               4.70341e-07      -4.28497e-08       0.00000e+00       0.00000e+00       0.00000e+00       0.00000e+00
   50               6.38645e-07      -4.83531e-08       0.00000e+00       0.00000e+00       0.00000e+00       0.00000e+00
   51               8.07595e-07      -5.06795e-08       0.00000e+00       0.00000e+00       0.00000e+00       0.00000e+00
   52               9.76127e-07      -5.15369e-08       0.00000e+00       0.00000e+00       0.00000e+00       0.00000e+00
   53               1.14403e-06      -5.21243e-08       0.00000e+00       0.00000e+00       0.00000e+00       0.00000e+00
   54               1.31164e-06      -5.35614e-08       0.00000e+00       0.00000e+00       0.00000e+00       0.00000e+00
   55               0.00000e+00       0.00000e+00       0.00000e+00       0.00000e+00       0.00000e+00       0.00000e+00
   56               1.49758e-07      -3.72751e-08       0.00000e+00       0.00000e+00       0.00000e+00       0.00000e+00
   57               3.10574e-07      -6.84213e-08       0.00000e+00       0.00000e+00       0.00000e+00       0.00000e+00
   58               4.77690e-07      -8.79123e-08       0.00000e+00       0.00000e+00       0.00000e+00       0.00000e+00
   59               6.45570e-07      -9.73247e-08       0.00000e+00       0.00000e+00       0.00000e+00       0.00000e+00
   60               8.13231e-07      -1.01251e-07       0.00000e+00       0.00000e+00       0.00000e+00       0.00000e+00
   61               9.80556e-07      -1.02720e-07       0.00000e+00       0.00000e+00       0.00000e+00       0.00000e+00
   62               1.14770e-06      -1.03779e-07       0.00000e+00       0.00000e+00       0.00000e+00       0.00000e+00
   63               1.31486e-06      -1.06128e-07       0.00000e+00       0.00000e+00       0.00000e+00       0.00000e+00
   64               0.00000e+00       0.00000e+00       0.00000e+00       0.00000e+00       0.00000e+00       0.00000e+00
   65               1.55333e-07      -6.36937e-08       0.00000e+00       0.00000e+00       0.00000e+00       0.00000e+00
   66               3.25321e-07      -1.11866e-07       0.00000e+00       0.00000e+00       0.00000e+00       0.00000e+00
   67               4.91516e-07      -1.35412e-07       0.00000e+00       0.00000e+00       0.00000e+00       0.00000e+00
   68               6.56167e-07      -1.46653e-07       0.00000e+00       0.00000e+00       0.00000e+00       0.00000e+00
   69               8.20817e-07      -1.51303e-07       0.00000e+00       0.00000e+00       0.00000e+00       0.00000e+00
   70               9.86086e-07      -1.53176e-07       0.00000e+00       0.00000e+00       0.00000e+00       0.00000e+00
   71               1.15209e-06      -1.54641e-07       0.00000e+00       0.00000e+00       0.00000e+00       0.00000e+00
   72               1.31868e-06      -1.57249e-07       0.00000e+00       0.00000e+00       0.00000e+00       0.00000e+00
   73               0.00000e+00       0.00000e+00       0.00000e+00       0.00000e+00       0.00000e+00       0.00000e+00
   74               1.94868e-07      -1.11920e-07       0.00000e+00       0.00000e+00       0.00000e+00       0.00000e+00
   75               3.54777e-07      -1.58073e-07       0.00000e+00       0.00000e+00       0.00000e+00       0.00000e+00
   76               5.09660e-07      -1.83168e-07       0.00000e+00       0.00000e+00       0.00000e+00       0.00000e+00
   77               6.66663e-07      -1.95043e-07       0.00000e+00       0.00000e+00       0.00000e+00       0.00000e+00
   78               8.26853e-07      -2.00394e-07       0.00000e+00       0.00000e+00       0.00000e+00       0.00000e+00
   79               9.90009e-07      -2.02835e-07       0.00000e+00       0.00000e+00       0.00000e+00       0.00000e+00
   80               1.15539e-06      -2.04760e-07       0.00000e+00       0.00000e+00       0.00000e+00       0.00000e+00
   81               1.32186e-06      -2.07434e-07       0.00000e+00       0.00000e+00       0.00000e+00       0.00000e+00

 S T R E S S  C A L C U L A T I O N S  F O R  E L E M E N T  G R O U P    1

  ELEMENT  GAUSS    X-COORD        Y-COORD        Z-COORD         SXX            SYY            TXY
  NUMBER   POINT
    1        1    1.97169e-01    1.97169e-01    0.00000e+00    2.00805e+01    1.46002e+00    1.97097e+00
    1        2    1.97169e-01    5.28312e-02    0.00000e+00    2.30905e+01    2.36302e+00    3.25604e+00
    1        3    5.28312e-02    1.97169e-01    0.00000e+00    2.11820e+01    5.13165e+00    3.02447e+00
    1        4    5.28312e-02    5.28312e-02    0.00000e+00    2.41920e+01    6.03465e+00    4.30954e+00
    2        1    4.47169e-01    1.97169e-01    0.00000e+00    2.02902e+01    4.91045e-01    7.45811e-01
    2        2    4.47169e-01    5.28312e-02    0.00000e+00    1.95229e+01    2.60831e-01    6.92012e-01
    2        3    3.02831e-01    1.97169e-01    0.00000e+00    2.02441e+01    3.37334e-01    4.77228e-01
    2        4    3.02831e-01    5.28312e-02    0.00000e+00    1.94768e+01    1.07120e-01    4.23429e-01
    3        1    6.97169e-01    1.97169e-01    0.00000e+00    1.97243e+01    2.25828e-01    1.54104e-01
    3        2    6.97169e-01    5.28312e-02    0.00000e+00    1.88631e+01   -3.25387e-02    1.95392e-01
    3        3    5.52831e-01    1.97169e-01    0.00000e+00    1.97597e+01    3.43794e-01   -1.47324e-01
    3        4    5.52831e-01    5.28312e-02    0.00000e+00    1.88985e+01    8.54274e-02   -1.06036e-01
    4        1    9.47169e-01    1.97169e-01    0.00000e+00    1.95901e+01    8.63161e-02   -3.40368e-02
    4        2    9.47169e-01    5.28312e-02    0.00000e+00    1.90078e+01   -8.83722e-02   -1.71581e-02
    4        3    8.02831e-01    1.97169e-01    0.00000e+00    1.96046e+01    1.34541e-01   -2.37840e-01
    4        4    8.02831e-01    5.28312e-02    0.00000e+00    1.90223e+01   -4.01473e-02   -2.20961e-01
    5        1    1.19717e+00    1.97169e-01    0.00000e+00    1.96516e+01    2.23836e-02   -1.00607e-01
    5        2    1.19717e+00    5.28312e-02    0.00000e+00    1.93120e+01   -7.94961e-02   -8.19344e-02
    5        3    1.05283e+00    1.97169e-01    0.00000e+00    1.96676e+01    7.57350e-02   -2.19467e-01
    5        4    1.05283e+00    5.28312e-02    0.00000e+00    1.93280e+01   -2.61447e-02   -2.00794e-01
    6        1    1.44717e+00    1.97169e-01    0.00000e+00    1.97751e+01   -1.21756e-02   -1.09664e-01
    6        2    1.44717e+00    5.28312e-02    0.00000e+00    1.96142e+01   -6.04451e-02   -9.45087e-02
    6        3    1.30283e+00    1.97169e-01    0.00000e+00    1.97880e+01    3.11254e-02   -1.65978e-01
    6        4    1.30283e+00    5.28312e-02    0.00000e+00    1.96271e+01   -1.71441e-02   -1.50823e-01
    7        1    1.69717e+00    1.97169e-01    0.00000e+00    1.98941e+01   -3.43364e-02   -8.61081e-02
    7        2    1.69717e+00    5.28312e-02    0.00000e+00    1.98465e+01   -4.86306e-02   -7.38725e-02
    7        3    1.55283e+00    1.97169e-01    0.00000e+00    1.99046e+01    6.22502e-04   -1.02785e-01
    7        4    1.55283e+00    5.28312e-02    0.00000e+00    1.98570e+01   -1.36717e-02   -9.05491e-02
    8        1    1.94717e+00    1.97169e-01    0.00000e+00    1.99804e+01   -2.64840e-02   -2.65774e-02
    8        2    1.94717e+00    5.28312e-02    0.00000e+00    1.99708e+01   -2.93513e-02   -2.47802e-02
    8        3    1.80283e+00    1.97169e-01    0.00000e+00    1.99819e+01   -2.13493e-02   -2.99225e-02
    8        4    1.80283e+00    5.28312e-02    0.00000e+00    1.99724e+01   -2.42166e-02   -2.81254e-02
    9        1    1.97169e-01    4.47169e-01    0.00000e+00    1.90794e+01    3.22354e+00    1.77513e+00
    9        2    1.97169e-01    3.02831e-01    0.00000e+00    1.95038e+01    3.35087e+00    2.47910e+00
    9        3    5.28312e-02    4.47169e-01    0.00000e+00    1.96828e+01    5.23489e+00    1.92369e+00
    9        4    5.28312e-02    3.02831e-01    0.00000e+00    2.01072e+01    5.36223e+00    2.62766e+00
   10        1    4.47169e-01    4.47169e-01    0.00000e+00    1.98857e+01    1.18414e+00    1.01240e+00
   10        2    4.47169e-01    3.02831e-01    0.00000e+00    2.05840e+01    1.39363e+00    1.46609e+00
   10        3    3.02831e-01    4.47169e-01    0.00000e+00    2.02746e+01    2.48040e+00    1.25680e+00
   10        4    3.02831e-01    3.02831e-01    0.00000e+00    2.09729e+01    2.68989e+00    1.71049e+00
   11        1    6.97169e-01    4.47169e-01    0.00000e+00    2.01665e+01    4.52806e-01    2.92042e-01
   11        2    6.97169e-01    3.02831e-01    0.00000e+00    2.00963e+01    4.31766e-01    4.00101e-01
   11        3    5.52831e-01    4.47169e-01    0.00000e+00    2.02591e+01    7.61546e-01    2.67495e-01
   11        4    5.52831e-01    3.02831e-01    0.00000e+00    2.01890e+01    7.40506e-01    3.75554e-01
   12        1    9.47169e-01    4.47169e-01    0.00000e+00    2.01119e+01    1.60529e-01   -6.83418e-02
   12        2    9.47169e-01    3.02831e-01    0.00000e+00    1.98661e+01    8.67893e-02   -1.96160e-02
   12        3    8.02831e-01    4.47169e-01    0.00000e+00    2.01536e+01    2.99745e-01   -1.54371e-01
   12        4    8.02831e-01    3.02831e-01    0.00000e+00    1.99078e+01    2.26006e-01   -1.05645e-01
   13        1    1.19717e+00    4.47169e-01    0.00000e+00    2.00512e+01    2.74457e-02   -1.91228e-01
   13        2    1.19717e+00    3.02831e-01    0.00000e+00    1.98220e+01   -4.13296e-02   -1.71936e-01
   13        3    1.05283e+00    4.47169e-01    0.00000e+00    2.00677e+01    8.25645e-02   -2.71466e-01
   13        4    1.05283e+00    3.02831e-01    0.00000e+00    1.98385e+01    1.37892e-02   -2.52174e-01
   14        1    1.44717e+00    4.47169e-01    0.00000e+00    2.00148e+01   -4.00218e-02   -2.03584e-01
   14        2    1.44717e+00    3.02831e-01    0.00000e+00    1.98583e+01   -8.69632e-02   -1.92833e-01
   14        3    1.30283e+00    4.47169e-01    0.00000e+00    2.00240e+01   -9.30254e-03   -2.58349e-01
   14        4    1.30283e+00    3.02831e-01    0.00000e+00    1.98675e+01   -5.62440e-02   -2.47598e-01
   15        1    1.69717e+00    4.47169e-01    0.00000e+00    2.00001e+01   -9.31233e-02   -1.60963e-01
   15        2    1.69717e+00    3.02831e-01    0.00000e+00    1.99134e+01   -1.19133e-01   -1.50133e-01
   15        3    1.55283e+00    4.47169e-01    0.00000e+00    2.00094e+01   -6.21778e-02   -1.91309e-01
   15        4    1.55283e+00    3.02831e-01    0.00000e+00    1.99227e+01   -8.81880e-02   -1.80478e-01
   16        1    1.94717e+00    4.47169e-01    0.00000e+00    2.00073e+01   -1.25697e-01   -7.11896e-02
   16        2    1.94717e+00    3.02831e-01    0.00000e+00    1.99643e+01   -1.38616e-01   -6.43116e-02
   16        3    1.80283e+00    4.47169e-01    0.00000e+00    2.00132e+01   -1.06046e-01   -8.62619e-02
   16        4    1.80283e+00    3.02831e-01    0.00000e+00    1.99702e+01   -1.18965e-01   -7.93839e-02
   17        1    1.97169e-01    6.97169e-01    0.00000e+00    1.88934e+01    3.79924e+00    9.18057e-01
   17        2    1.97169e-01    5.52831e-01    0.00000e+00    1.90682e+01    3.85167e+00    1.44423e+00
   17        3    5.28312e-02    6.97169e-01    0.00000e+00    1.93444e+01    5.30259e+00    9.79233e-01
   17        4    5.28312e-02    5.52831e-01    0.00000e+00    1.95192e+01    5.35503e+00    1.50541e+00
   18        1    4.47169e-01    6.97169e-01    0.00000e+00    1.96229e+01    1.99577e+00    6.41059e-01
   18        2    4.47169e-01    5.52831e-01    0.00000e+00    1.98431e+01    2.06183e+00    1.06947e+00
   18        3    3.02831e-01    6.97169e-01    0.00000e+00    1.99901e+01    3.21980e+00    7.18125e-01
   18        4    3.02831e-01    5.52831e-01    0.00000e+00    2.02103e+01    3.28586e+00    1.14654e+00
   19        1    6.97169e-01    6.97169e-01    0.00000e+00    2.01071e+01    8.58902e-01    2.45145e-01
   19        2    6.97169e-01    5.52831e-01    0.00000e+00    2.02716e+01    9.08277e-01    4.91341e-01
   19        3    5.52831e-01    6.97169e-01    0.00000e+00    2.03181e+01    1.56232e+00    3.02750e-01
   19        4    5.52831e-01    5.52831e-01    0.00000e+00    2.04827e+01    1.61169e+00    5.48945e-01
   20        1    9.47169e-01    6.97169e-01    0.00000e+00    2.02775e+01    3.05796e-01   -3.16176e-02
   20        2    9.47169e-01    5.52831e-01    0.00000e+00    2.02452e+01    2.96089e-01    7.25443e-02
   20        3    8.02831e-01    6.97169e-01    0.00000e+00    2.03668e+01    6.03402e-01   -4.29422e-02
   20        4    8.02831e-01    5.52831e-01    0.00000e+00    2.03345e+01    5.93695e-01    6.12197e-02
   21        1    1.19717e+00    6.97169e-01    0.00000e+00    2.02559e+01    4.87806e-02   -1.49722e-01
   21        2    1.19717e+00    5.52831e-01    0.00000e+00    2.01578e+01    1.93504e-02   -1.07093e-01
   21        3    1.05283e+00    6.97169e-01    0.00000e+00    2.02925e+01    1.70577e-01   -1.84057e-01
   21        4    1.05283e+00    5.52831e-01    0.00000e+00    2.01944e+01    1.41147e-01   -1.41428e-01
   22        1    1.44717e+00    6.97169e-01    0.00000e+00    2.01706e+01   -7.52605e-02   -1.70649e-01
   22        2    1.44717e+00    5.52831e-01    0.00000e+00    2.00787e+01   -1.02835e-01   -1.54353e-01
   22        3    1.30283e+00    6.97169e-01    0.00000e+00    2.01846e+01   -2.86993e-02   -2.02819e-01
   22        4    1.30283e+00    5.52831e-01    0.00000e+00    2.00927e+01   -5.62734e-02   -1.86523e-01
   23        1    1.69717e+00    6.97169e-01    0.00000e+00    2.00799e+01   -1.62641e-01   -1.45097e-01
   23        2    1.69717e+00    5.52831e-01    0.00000e+00    2.00222e+01   -1.79960e-01   -1.32522e-01
   23        3    1.55283e+00    6.97169e-01    0.00000e+00    2.00907e+01   -1.26711e-01   -1.65302e-01
   23        4    1.55283e+00    5.52831e-01    0.00000e+00    2.00330e+01   -1.44029e-01   -1.52726e-01
   24        1    1.94717e+00    6.97169e-01    0.00000e+00    2.00183e+01   -2.79392e-01   -7.77482e-02
   24        2    1.94717e+00    5.52831e-01    0.00000e+00    1.99839e+01   -2.89710e-01   -5.34479e-02
   24        3    1.80283e+00    6.97169e-01    0.00000e+00    2.00392e+01   -2.09962e-01   -8.97869e-02
   24        4    1.80283e+00    5.52831e-01    0.00000e+00    2.00048e+01   -2.20281e-01   -6.54866e-02
   25        1    1.97169e-01    9.47169e-01    0.00000e+00    1.88438e+01    3.99419e+00    1.51790e-01
   25        2    1.97169e-01    8.02831e-01    0.00000e+00    1.88839e+01    4.00622e+00    6.18885e-01
   25        3    5.28312e-02    9.47169e-01    0.00000e+00    1.92442e+01    5.32874e+00    1.65830e-01
   25        4    5.28312e-02    8.02831e-01    0.00000e+00    1.92843e+01    5.34078e+00    6.32924e-01
   26        1    4.47169e-01    9.47169e-01    0.00000e+00    1.95620e+01    2.33900e+00    8.78351e-02
   26        2    4.47169e-01    8.02831e-01    0.00000e+00    1.96349e+01    2.36085e+00    4.89372e-01
   26        3    3.02831e-01    9.47169e-01    0.00000e+00    1.99062e+01    3.48625e+00    1.13326e-01
   26        4    3.02831e-01    8.02831e-01    0.00000e+00    1.99790e+01    3.50810e+00    5.14863e-01
   27        1    6.97169e-01    9.47169e-01    0.00000e+00    2.00736e+01    1.14009e+00    7.28231e-03
   27        2    6.97169e-01    8.02831e-01    0.00000e+00    2.01243e+01    1.15530e+00    2.80463e-01
   27        3    5.52831e-01    9.47169e-01    0.00000e+00    2.03077e+01    1.92060e+00    2.50277e-02
   27        4    5.52831e-01    8.02831e-01    0.00000e+00    2.03584e+01    1.93581e+00    2.98208e-01
   28        1    9.47169e-01    9.47169e-01    0.00000e+00    2.03082e+01    4.29651e-01   -5.21682e-02
   28        2    9.47169e-01    8.02831e-01    0.00000e+00    2.03221e+01    4.33818e-01    9.44805e-02
   28        3    8.02831e-01    9.47169e-01    0.00000e+00    2.04339e+01    8.48647e-01   -4.73064e-02
   28        4    8.02831e-01    8.02831e-01    0.00000e+00    2.04478e+01    8.52814e-01    9.93423e-02
   29        1    1.19717e+00    9.47169e-01    0.00000e+00    2.03252e+01    7.50230e-02   -7.38729e-02
   29        2    1.19717e+00    8.02831e-01    0.00000e+00    2.03021e+01    6.80823e-02   -1.18808e-02
   29        3    1.05283e+00    9.47169e-01    0.00000e+00    2.03784e+01    2.52143e-01   -8.19704e-02
   29        4    1.05283e+00    8.02831e-01    0.00000e+00    2.03552e+01    2.45203e-01   -1.99783e-02
   30        1    1.44717e+00    9.47169e-01    0.00000e+00    2.02302e+01   -9.36338e-02   -7.19826e-02
   30        2    1.44717e+00    8.02831e-01    0.00000e+00    2.02024e+01   -1.01951e-01   -4.91357e-02
   30        3    1.30283e+00    9.47169e-01    0.00000e+00    2.02498e+01   -2.83566e-02   -8.16856e-02
   30        4    1.30283e+00    8.02831e-01    0.00000e+00    2.02220e+01   -3.66735e-02   -5.88386e-02
   31        1    1.69717e+00    9.47169e-01    0.00000e+00    2.01094e+01   -2.07198e-01   -6.19761e-02
   31        2    1.69717e+00    8.02831e-01    0.00000e+00    2.00904e+01   -2.12901e-01   -4.63236e-02
   31        3    1.55283e+00    9.47169e-01    0.00000e+00    2.01228e+01   -1.62477e-01   -6.86293e-02
   31        4    1.55283e+00    8.02831e-01    0.00000e+00    2.01038e+01   -1.68180e-01   -5.29768e-02
   32        1    1.94717e+00    9.47169e-01    0.00000e+00    2.00133e+01   -3.86948e-01   -4.52006e-02
   32        2    1.94717e+00    8.02831e-01    0.00000e+00    2.00006e+01   -3.90746e-01   -6.90619e-03
   32        3    1.80283e+00    9.47169e-01    0.00000e+00    2.00461e+01   -2.77535e-01   -4.96315e-02
   32        4    1.80283e+00    8.02831e-01    0.00000e+00    2.00334e+01   -2.81333e-01   -1.13371e-02
   33        1    1.97169e-01    1.19717e+00    0.00000e+00    1.88839e+01    4.00622e+00   -6.18885e-01
   33        2    1.97169e-01    1.05283e+00    0.00000e+00    1.88438e+01    3.99419e+00   -1.51790e-01
   33        3    5.28312e-02    1.19717e+00    0.00000e+00    1.92843e+01    5.34078e+00   -6.32924e-01
   33        4    5.28312e-02    1.05283e+00    0.00000e+00    1.92442e+01    5.32874e+00   -1.65830e-01
   34        1    4.47169e-01    1.19717e+00    0.00000e+00    1.96349e+01    2.36085e+00   -4.89372e-01
   34        2    4.47169e-01    1.05283e+00    0.00000e+00    1.95620e+01    2.33900e+00   -8.78351e-02
   34        3    3.02831e-01    1.19717e+00    0.00000e+00    1.99790e+01    3.50810e+00   -5.14863e-01
   34        4    3.02831e-01    1.05283e+00    0.00000e+00    1.99062e+01    3.48625e+00   -1.13326e-01
   35        1    6.97169e-01    1.19717e+00    0.00000e+00    2.01243e+01    1.15530e+00   -2.80463e-01
   35        2    6.97169e-01    1.05283e+00    0.00000e+00    2.00736e+01    1.14009e+00   -7.28231e-03
   35        3    5.52831e-01    1.19717e+00    0.00000e+00    2.03584e+01    1.93581e+00   -2.98208e-01
   35        4    5.52831e-01    1.05283e+00    0.00000e+00    2.03077e+01    1.92060e+00   -2.50277e-02
   36        1    9.47169e-01    1.19717e+00    0.00000e+00    2.03221e+01    4.33818e-01   -9.44805e-02
   36        2    9.47169e-01    1.05283e+00    0.00000e+00    2.03082e+01    4.29651e-01    5.21682e-02
   36        3    8.02831e-01    1.19717e+00    0.00000e+00    2.04478e+01    8.52814e-01   -9.93423e-02
   36        4    8.02831e-01    1.05283e+00    0.00000e+00    2.04339e+01    8.48647e-01    4.73064e-02
   37        1    1.19717e+00    1.19717e+00    0.00000e+00    2.03021e+01    6.80823e-02    1.18808e-02
   37        2    1.19717e+00    1.05283e+00    0.00000e+00    2.03252e+01    7.50230e-02    7.38729e-02
   37        3    1.05283e+00    1.19717e+00    0.00000e+00    2.03552e+01    2.45203e-01    1.99783e-02
   37        4    1.05283e+00    1.05283e+00    0.00000e+00    2.03784e+01    2.52143e-01    8.19704e-02
   38        1    1.44717e+00    1.19717e+00    0.00000e+00    2.02024e+01   -1.01951e-01    4.91357e-02
   38        2    1.44717e+00    1.05283e+00    0.00000e+00    2.02302e+01   -9.36338e-02    7.19826e-02
   38        3    1.30283e+00    1.19717e+00    0.00000e+00    2.02220e+01   -3.66735e-02    5.88386e-02
   38        4    1.30283e+00    1.05283e+00    0.00000e+00    2.02498e+01   -2.83566e-02    8.16856e-02
   39        1    1.69717e+00    1.19717e+00    0.00000e+00    2.00904e+01   -2.12901e-01    4.63236e-02
   39        2    1.69717e+00    1.05283e+00    0.00000e+00    2.01094e+01   -2.07198e-01    6.19761e-02
   39        3    1.55283e+00    1.19717e+00    0.00000e+00    2.01038e+01   -1.68180e-01    5.29768e-02
   39        4    1.55283e+00    1.05283e+00    0.00000e+00    2.01228e+01   -1.62477e-01    6.86293e-02
   40        1    1.94717e+00    1.19717e+00    0.00000e+00    2.00006e+01   -3.90746e-01    6.90619e-03
   40        2    1.94717e+00    1.05283e+00    0.00000e+00    2.00133e+01   -3.86948e-01    4.52006e-02
   40        3    1.80283e+00    1.19717e+00    0.00000e+00    2.00334e+01   -2.81333e-01    1.13371e-02
   40        4    1.80283e+00    1.05283e+00    0.00000e+00    2.00461e+01   -2.77535e-01    4.96315e-02
   41        1    1.97169e-01    1.44717e+00    0.00000e+00    1.90682e+01    3.85167e+00   -1.44423e+00
   41        2    1.97169e-01    1.30283e+00    0.00000e+00    1.88934e+01    3.79924e+00   -9.18057e-01
   41        3    5.28312e-02    1.44717e+00    0.00000e+00    1.95192e+01    5.35503e+00   -1.50541e+00
   41        4    5.28312e-02    1.30283e+00    0.00000e+00    1.93444e+01    5.30259e+00   -9.79233e-01
   42        1    4.47169e-01    1.44717e+00    0.00000e+00    1.98431e+01    2.06183e+00   -1.06947e+00
   42        2    4.47169e-01    1.30283e+00    0.00000e+00    1.96229e+01    1.99577e+00   -6.41059e-01
   42        3    3.02831e-01    1.44717e+00    0.00000e+00    2.02103e+01    3.28586e+00   -1.14654e+00
   42        4    3.02831e-01    1.30283e+00    0.00000e+00    1.99901e+01    3.21980e+00   -7.18125e-01
   43        1    6.97169e-01    1.44717e+00    0.00000e+00    2.02716e+01    9.08277e-01   -4.91341e-01
   43        2    6.97169e-01    1.30283e+00    0.00000e+00    2.01071e+01    8.58902e-01   -2.45145e-01
   43        3    5.52831e-01    1.44717e+00    0.00000e+00    2.04827e+01    1.61169e+00   -5.48945e-01
   43        4    5.52831e-01    1.30283e+00    0.00000e+00    2.03181e+01    1.56232e+00   -3.02750e-01
   44        1    9.47169e-01    1.44717e+00    0.00000e+00    2.02452e+01    2.96089e-01   -7.25443e-02
   44        2    9.47169e-01    1.30283e+00    0.00000e+00    2.02775e+01    3.05796e-01    3.16176e-02
   44        3    8.02831e-01    1.44717e+00    0.00000e+00    2.03345e+01    5.93695e-01   -6.12197e-02
   44        4    8.02831e-01    1.30283e+00    0.00000e+00    2.03668e+01    6.03402e-01    4.29422e-02
   45        1    1.19717e+00    1.44717e+00    0.00000e+00    2.01578e+01    1.93504e-02    1.07093e-01
   45        2    1.19717e+00    1.30283e+00    0.00000e+00    2.02559e+01    4.87806e-02    1.49722e-01
   45        3    1.05283e+00    1.44717e+00    0.00000e+00    2.01944e+01    1.41147e-01    1.41428e-01
   45        4    1.05283e+00    1.30283e+00    0.00000e+00    2.02925e+01    1.70577e-01    1.84057e-01
   46        1    1.44717e+00    1.44717e+00    0.00000e+00    2.00787e+01   -1.02835e-01    1.54353e-01
   46        2    1.44717e+00    1.30283e+00    0.00000e+00    2.01706e+01   -7.52605e-02    1.70649e-01
   46        3    1.30283e+00    1.44717e+00    0.00000e+00    2.00927e+01   -5.62734e-02    1.86523e-01
   46        4    1.30283e+00    1.30283e+00    0.00000e+00    2.01846e+01   -2.86993e-02    2.02819e-01
   47        1    1.69717e+00    1.44717e+00    0.00000e+00    2.00222e+01   -1.79960e-01    1.32522e-01
   47        2    1.69717e+00    1.30283e+00    0.00000e+00    2.00799e+01   -1.62641e-01    1.45097e-01
   47        3    1.55283e+00    1.44717e+00    0.00000e+00    2.00330e+01   -1.44029e-01    1.52726e-01
   47        4    1.55283e+00    1.30283e+00    0.00000e+00    2.00907e+01   -1.26711e-01    1.65302e-01
   48        1    1.94717e+00    1.44717e+00    0.00000e+00    1.99839e+01   -2.89710e-01    5.34479e-02
   48        2    1.94717e+00    1.30283e+00    0.00000e+00    2.00183e+01   -2.79392e-01    7.77482e-02
   48        3    1.80283e+00    1.44717e+00    0.00000e+00    2.00048e+01   -2.20281e-01    6.54866e-02
   48        4    1.80283e+00    1.30283e+00    0.00000e+00    2.00392e+01   -2.09962e-01    8.97869e-02
   49        1    1.97169e-01    1.69717e+00    0.00000e+00    1.95038e+01    3.35087e+00   -2.47910e+00
   49        2    1.97169e-01    1.55283e+00    0.00000e+00    1.90794e+01    3.22354e+00   -1.77513e+00
   49        3    5.28312e-02    1.69717e+00    0.00000e+00    2.01072e+01    5.36223e+00   -2.62766e+00
   49        4    5.28312e-02    1.55283e+00    0.00000e+00    1.96828e+01    5.23489e+00   -1.92369e+00
   50        1    4.47169e-01    1.69717e+00    0.00000e+00    2.05840e+01    1.39363e+00   -1.46609e+00
   50        2    4.47169e-01    1.55283e+00    0.00000e+00    1.98857e+01    1.18414e+00   -1.01240e+00
   50        3    3.02831e-01    1.69717e+00    0.00000e+00    2.09729e+01    2.68989e+00   -1.71049e+00
   50        4    3.02831e-01    1.55283e+00    0.00000e+00    2.02746e+01    2.48040e+00   -1.25680e+00
   51        1    6.97169e-01    1.69717e+00    0.00000e+00    2.00963e+01    4.31766e-01   -4.00101e-01
   51        2    6.97169e-01    1.55283e+00    0.00000e+00    2.01665e+01    4.52806e-01   -2.92042e-01
   51        3    5.52831e-01    1.69717e+00    0.00000e+00    2.01890e+01    7.40506e-01   -3.75554e-01
   51        4    5.52831e-01    1.55283e+00    0.00000e+00    2.02591e+01    7.61546e-01   -2.67495e-01
   52        1    9.47169e-01    1.69717e+00    0.00000e+00    1.98661e+01    8.67893e-02    1.96160e-02
   52        2    9.47169e-01    1.55283e+00    0.00000e+00    2.01119e+01    1.60529e-01    6.83418e-02
   52        3    8.02831e-01    1.69717e+00    0.00000e+00    1.99078e+01    2.26006e-01    1.05645e-01
   52        4    8.02831e-01    1.55283e+00    0.00000e+00    2.01536e+01    2.99745e-01    1.54371e-01
   53        1    1.19717e+00    1.69717e+00    0.00000e+00    1.98220e+01   -4.13296e-02    1.71936e-01
   53        2    1.19717e+00    1.55283e+00    0.00000e+00    2.00512e+01    2.74457e-02    1.91228e-01
   53        3    1.05283e+00    1.69717e+00    0.00000e+00    1.98385e+01    1.37892e-02    2.52174e-01
   53        4    1.05283e+00    1.55283e+00    0.00000e+00    2.00677e+01    8.25645e-02    2.71466e-01
   54        1    1.44717e+00    1.69717e+00    0.00000e+00    1.98583e+01   -8.69632e-02    1.92833e-01
   54        2    1.44717e+00    1.55283e+00    0.00000e+00    2.00148e+01   -4.00218e-02    2.03584e-01
   54        3    1.30283e+00    1.69717e+00    0.00000e+00    1.98675e+01   -5.62440e-02    2.47598e-01
   54        4    1.30283e+00    1.55283e+00    0.00000e+00    2.00240e+01   -9.30254e-03    2.58349e-01
   55        1    1.69717e+00    1.69717e+00    0.00000e+00    1.99134e+01   -1.19133e-01    1.50133e-01
   55        2    1.69717e+00    1.55283e+00    0.00000e+00    2.00001e+01   -9.31233e-02    1.60963e-01
   55        3    1.55283e+00    1.69717e+00    0.00000e+00    1.99227e+01   -8.81880e-02    1.80478e-01
   55        4    1.55283e+00    1.55283e+00    0.00000e+00    2.00094e+01   -6.21778e-02    1.91309e-01
   56        1    1.94717e+00    1.69717e+00    0.00000e+00    1.99643e+01   -1.38616e-01    6.43116e-02
   56        2    1.94717e+00    1.55283e+00    0.00000e+00    2.00073e+01   -1.25697e-01    7.11896e-02
   56        3    1.80283e+00    1.69717e+00    0.00000e+00    1.99702e+01   -1.18965e-01    7.93839e-02
   56        4    1.80283e+00    1.55283e+00    0.00000e+00    2.00132e+01   -1.06046e-01    8.62619e-02
   57        1    1.97169e-01    1.94717e+00    0.00000e+00    2.30905e+01    2.36302e+00   -3.25604e+00
   57        2    1.97169e-01    1.80283e+00    0.00000e+00    2.00805e+01    1.46002e+00   -1.97097e+00
   57        3    5.28312e-02    1.94717e+00    0.00000e+00    2.41920e+01    6.03465e+00   -4.30954e+00
   57        4    5.28312e-02    1.80283e+00    0.00000e+00    2.11820e+01    5.13165e+00   -3.02447e+00
   58        1    4.47169e-01    1.94717e+00    0.00000e+00    1.95229e+01    2.60831e-01   -6.92012e-01
   58        2    4.47169e-01    1.80283e+00    0.00000e+00    2.02902e+01    4.91045e-01   -7.45811e-01
   58        3    3.02831e-01    1.94717e+00    0.00000e+00    1.94768e+01    1.07120e-01   -4.23429e-01
   58        4    3.02831e-01    1.80283e+00    0.00000e+00    2.02441e+01    3.37334e-01   -4.77228e-01
   59        1    6.97169e-01    1.94717e+00    0.00000e+00    1.88631e+01   -3.25387e-02   -1.95392e-01
   59        2    6.97169e-01    1.80283e+00    0.00000e+00    1.97243e+01    2.25828e-01   -1.54104e-01
   59        3    5.52831e-01    1.94717e+00    0.00000e+00    1.88985e+01    8.54274e-02    1.06036e-01
   59        4    5.52831e-01    1.80283e+00    0.00000e+00    1.97597e+01    3.43794e-01    1.47324e-01
   60        1    9.47169e-01    1.94717e+00    0.00000e+00    1.90078e+01   -8.83722e-02    1.71581e-02
   60        2    9.47169e-01    1.80283e+00    0.00000e+00    1.95901e+01    8.63161e-02    3.40368e-02
   60        3    8.02831e-01    1.94717e+00    0.00000e+00    1.90223e+01   -4.01473e-02    2.20961e-01
   60        4    8.02831e-01    1.80283e+00    0.00000e+00    1.96046e+01    1.34541e-01    2.37840e-01
   61        1    1.19717e+00    1.94717e+00    0.00000e+00    1.93120e+01   -7.94961e-02    8.19344e-02
   61        2    1.19717e+00    1.80283e+00    0.00000e+00    1.96516e+01    2.23836e-02    1.00607e-01
   61        3    1.05283e+00    1.94717e+00    0.00000e+00    1.93280e+01   -2.61447e-02    2.00794e-01
   61        4    1.05283e+00    1.80283e+00    0.00000e+00    1.96676e+01    7.57350e-02    2.19467e-01
   62        1    1.44717e+00    1.94717e+00    0.00000e+00    1.96142e+01   -6.04451e-02    9.45087e-02
   62        2    1.44717e+00    1.80283e+00    0.00000e+00    1.97751e+01   -1.21756e-02    1.09664e-01
   62        3    1.30283e+00    1.94717e+00    0.00000e+00    1.96271e+01   -1.71441e-02    1.50823e-01
   62        4    1.30283e+00    1.80283e+00    0.00000e+00    1.97880e+01    3.11254e-02    1.65978e-01
   63        1    1.69717e+00    1.94717e+00    0.00000e+00    1.98465e+01   -4.86306e-02    7.38725e-02
   63        2    1.69717e+00    1.80283e+00    0.00000e+00    1.98941e+01   -3.43364e-02    8.61081e-02
   63        3    1.55283e+00    1.94717e+00    0.00000e+00    1.98570e+01   -1.36717e-02    9.05491e-02
   63        4    1.55283e+00    1.80283e+00    0.00000e+00    1.99046e+01    6.22502e-04    1.02785e-01
   64        1    1.94717e+00    1.94717e+00    0.00000e+00    1.99708e+01   -2.93513e-02    2.47802e-02
   64        2    1.94717e+00    1.80283e+00    0.00000e+00    1.99804e+01   -2.64840e-02    2.65774e-02
   64        3    1.80283e+00    1.94717e+00    0.00000e+00    1.99724e+01   -2.42166e-02    2.81254e-02
   64        4    1.80283e+00    1.80283e+00    0.00000e+00    1.99819e+01   -2.13493e-02    2.99225e-02


 S O L U T I O N   T I M E   L O G   I N   S E C 

     TIME FOR INPUT PHASE = 2.40000e-01
     TIME FOR CALCULATION OF STIFFNESS MATRIX = 2.10000e-02
     TIME FOR FACTORIZATION AND LOAD CASE SOLUTIONS = 2.31100e+00

     T O T A L   S O L U T I O N   T I M E = 2.57200e+00
