TITLE : Cables to test STAP90
        (9:50:59 on June 9, 2019, Sunday)

C O N T R O L   I N F O R M A T I O N

      NUMBER OF NODAL POINTS . . . . . . . . . . (NUMNP)  =     9
      NUMBER OF ELEMENT GROUPS . . . . . . . . . (NUMEG)  =     1
      NUMBER OF LOAD CASES . . . . . . . . . . . (NLCASE) =     1
      SOLUTION MODE  . . . . . . . . . . . . . . (MODEX)  =     1
         EQ.0, DATA CHECK
         EQ.1, EXECUTION

 N O D A L   P O I N T   D A T A

    NODE       BOUNDARY                          NODAL POINT
   NUMBER   CONDITION  CODES                     COORDINATES
        1    1    0    1       0.00000e+00    0.00000e+00    0.00000e+00
        2    0    0    1       2.00000e+00    0.00000e+00    0.00000e+00
        3    1    0    1       0.00000e+00    2.00000e+00    0.00000e+00
        4    0    0    1       2.00000e+00    2.00000e+00    0.00000e+00
        5    0    0    1       0.00000e+00    0.00000e+00    0.00000e+00
        6    0    0    1       0.00000e+00    0.00000e+00    0.00000e+00
        7    0    0    1       0.00000e+00    0.00000e+00    0.00000e+00
        8    1    1    1       0.00000e+00    0.00000e+00    0.00000e+00
        9    0    0    1       0.00000e+00    0.00000e+00    0.00000e+00

 L O A D   C A S E   D A T A

     LOAD CASE NUMBER . . . . . . . =     1
     NUMBER OF CONCENTRATED LOADS . =     9

    NODE       DIRECTION      LOAD
   NUMBER                   MAGNITUDE
      1            1        0.00000e+00
      2            1        2.00000e+00
      3            1        0.00000e+00
      4            1        2.00000e+00
      5            1        4.00000e+00
      6            1        8.00000e+00
      7            1        4.00000e+00
      8            1        0.00000e+00
      9            1        1.60000e+01

 E L E M E N T   G R O U P   D A T A


 E L E M E N T   D E F I N I T I O N

 ELEMENT TYPE  . . . . . . . . . . . . .( NPAR(1) ) . . =    9
     EQ.1, TRUSS ELEMENTS
     EQ.2, ELEMENTS CURRENTLY
     EQ.3, NOT AVAILABLE

 NUMBER OF ELEMENTS. . . . . . . . . . .( NPAR(2) ) . . =    1

 M A T E R I A L   D E F I N I T I O N

 NUMBER OF DIFFERENT SETS OF MATERIAL
 AND CROSS-SECTIONAL  CONSTANTS  . . . .( NPAR(3) ) . . =    1

  SET       YOUNG'S        POSSION'S      
 NUMBER     MODULUS          RATIO   
               E              nu     
    1     3.00000e+07     3.00000e-01


 E L E M E N T   I N F O R M A T I O N
 ELEMENT     NODE     NODE     NODE     NODE      NODE     NODE     NODE     NODE     NODE       MATERIAL
 NUMBER-N      I        J        K        L        M        N        O        P        Q       SET NUMBER
    1        1        2        4        3        5        6        7        8        9           1

 EQUATION NUMBERS

   NODE NUMBER                     DEGREES OF FREEDOM
        N              X        Y        Z      sitax     sitay     sitaz
        1                0         1         0         0         0         0
        2                2         3         0         0         0         0
        3                0         4         0         0         0         0
        4                5         6         0         0         0         0
        5                7         8         0         0         0         0
        6                9        10         0         0         0         0
        7               11        12         0         0         0         0
        8                0         0         0         0         0         0
        9               13        14         0         0         0         0

	TOTAL SYSTEM DATA

     NUMBER OF EQUATIONS . . . . . . . . . . . . . .(NEQ) = 14
     NUMBER OF MATRIX ELEMENTS . . . . . . . . . . .(NWK) = 105
     MAXIMUM HALF BANDWIDTH  . . . . . . . . . . . .(MK ) = 14
     MEAN HALF BANDWIDTH . . . . . . . . . . . . . .(MM ) = 7


 LOAD CASE    1


 D I S P L A C E M E N T S

  NODE           X-DISPLACEMENT    Y-DISPLACEMENT    Z-DISPLACEMENT     X-ROTATION     Y-ROTATION     Z-ROTATION
    1               0.00000e+00       1.93722e-07       0.00000e+00       0.00000e+00       0.00000e+00       0.00000e+00
    2               7.67313e-07       2.54774e-08       0.00000e+00       0.00000e+00       0.00000e+00       0.00000e+00
    3               0.00000e+00      -1.93722e-07       0.00000e+00       0.00000e+00       0.00000e+00       0.00000e+00
    4               7.67313e-07      -2.54774e-08       0.00000e+00       0.00000e+00       0.00000e+00       0.00000e+00
    5               5.22870e-07       1.25200e-07       0.00000e+00       0.00000e+00       0.00000e+00       0.00000e+00
    6               8.16343e-07      -3.17637e-22       0.00000e+00       0.00000e+00       0.00000e+00       0.00000e+00
    7               5.22870e-07      -1.25200e-07       0.00000e+00       0.00000e+00       0.00000e+00       0.00000e+00
    8               0.00000e+00       0.00000e+00       0.00000e+00       0.00000e+00       0.00000e+00       0.00000e+00
    9               5.62243e-07      -3.83362e-23       0.00000e+00       0.00000e+00       0.00000e+00       0.00000e+00

 S T R E S S  C A L C U L A T I O N S  F O R  E L E M E N T  G R O U P    1

  ELEMENT       X-COORD        Y-COORD         SXX            SYY            TXY
NUMBER
    1           2.25403e-01       2.25403e-01       1.85946e+01       1.48373e-01      -3.30841e-01
    1           2.25403e-01       1.00000e+00       1.95348e+01       4.30433e-01       1.53518e-15
    1           2.25403e-01       1.77460e+00       1.85946e+01       1.48373e-01       3.30841e-01
    1           1.00000e+00       2.25403e-01       1.17331e+01      -2.36089e-01      -4.80581e-02
    1           1.00000e+00       1.00000e+00       1.22180e+01      -9.06150e-02       2.22045e-15
    1           1.00000e+00       1.77460e+00       1.17331e+01      -2.36089e-01       4.80581e-02
    1           1.77460e+00       2.25403e-01       5.05661e+00      -3.38916e-03      -8.39762e-02
    1           1.77460e+00       1.00000e+00       5.08623e+00       5.49855e-03       6.85271e-16
    1           1.77460e+00       1.77460e+00       5.05661e+00      -3.38916e-03       8.39762e-02

 S O L U T I O N   T I M E   L O G   I N   S E C 

     TIME FOR INPUT PHASE = 1.45000e-01
     TIME FOR CALCULATION OF STIFFNESS MATRIX = 1.10000e-02
     TIME FOR FACTORIZATION AND LOAD CASE SOLUTIONS = 1.75000e-01

     T O T A L   S O L U T I O N   T I M E = 3.31000e-01
