TITLE : Cables to test STAP90
        (10:33:41 on June 9, 2019, Sunday)

C O N T R O L   I N F O R M A T I O N

      NUMBER OF NODAL POINTS . . . . . . . . . . (NUMNP)  =    81
      NUMBER OF ELEMENT GROUPS . . . . . . . . . (NUMEG)  =     1
      NUMBER OF LOAD CASES . . . . . . . . . . . (NLCASE) =     1
      SOLUTION MODE  . . . . . . . . . . . . . . (MODEX)  =     1
         EQ.0, DATA CHECK
         EQ.1, EXECUTION

 N O D A L   P O I N T   D A T A

    NODE       BOUNDARY                          NODAL POINT
   NUMBER   CONDITION  CODES                     COORDINATES
        1    1    0    1       0.00000e+00    0.00000e+00    0.00000e+00
        2    0    0    1       5.00000e-01    0.00000e+00    0.00000e+00
        3    0    0    1       1.00000e+00    0.00000e+00    0.00000e+00
        4    0    0    1       1.50000e+00    0.00000e+00    0.00000e+00
        5    0    0    1       2.00000e+00    0.00000e+00    0.00000e+00
        6    1    0    1       0.00000e+00    5.00000e-01    0.00000e+00
        7    0    0    1       5.00000e-01    5.00000e-01    0.00000e+00
        8    0    0    1       1.00000e+00    5.00000e-01    0.00000e+00
        9    0    0    1       1.50000e+00    5.00000e-01    0.00000e+00
       10    0    0    1       2.00000e+00    5.00000e-01    0.00000e+00
       11    1    1    1       0.00000e+00    1.00000e+00    0.00000e+00
       12    0    0    1       5.00000e-01    1.00000e+00    0.00000e+00
       13    0    0    1       1.00000e+00    1.00000e+00    0.00000e+00
       14    0    0    1       1.50000e+00    1.00000e+00    0.00000e+00
       15    0    0    1       2.00000e+00    1.00000e+00    0.00000e+00
       16    1    0    1       0.00000e+00    1.50000e+00    0.00000e+00
       17    0    0    1       5.00000e-01    1.50000e+00    0.00000e+00
       18    0    0    1       1.00000e+00    1.50000e+00    0.00000e+00
       19    0    0    1       1.50000e+00    1.50000e+00    0.00000e+00
       20    0    0    1       2.00000e+00    1.50000e+00    0.00000e+00
       21    1    0    1       0.00000e+00    2.00000e+00    0.00000e+00
       22    0    0    1       5.00000e-01    2.00000e+00    0.00000e+00
       23    0    0    1       1.00000e+00    2.00000e+00    0.00000e+00
       24    0    0    1       1.50000e+00    2.00000e+00    0.00000e+00
       25    0    0    1       2.00000e+00    2.00000e+00    0.00000e+00
       26    0    0    1       0.00000e+00    0.00000e+00    0.00000e+00
       27    0    0    1       0.00000e+00    0.00000e+00    0.00000e+00
       28    0    0    1       0.00000e+00    0.00000e+00    0.00000e+00
       29    0    0    1       0.00000e+00    0.00000e+00    0.00000e+00
       30    1    0    1       0.00000e+00    0.00000e+00    0.00000e+00
       31    0    0    1       0.00000e+00    0.00000e+00    0.00000e+00
       32    0    0    1       0.00000e+00    0.00000e+00    0.00000e+00
       33    0    0    1       0.00000e+00    0.00000e+00    0.00000e+00
       34    0    0    1       0.00000e+00    0.00000e+00    0.00000e+00
       35    0    0    1       0.00000e+00    0.00000e+00    0.00000e+00
       36    0    0    1       0.00000e+00    0.00000e+00    0.00000e+00
       37    0    0    1       0.00000e+00    0.00000e+00    0.00000e+00
       38    0    0    1       0.00000e+00    0.00000e+00    0.00000e+00
       39    0    0    1       0.00000e+00    0.00000e+00    0.00000e+00
       40    0    0    1       0.00000e+00    0.00000e+00    0.00000e+00
       41    0    0    1       0.00000e+00    0.00000e+00    0.00000e+00
       42    0    0    1       0.00000e+00    0.00000e+00    0.00000e+00
       43    1    0    1       0.00000e+00    0.00000e+00    0.00000e+00
       44    0    0    1       0.00000e+00    0.00000e+00    0.00000e+00
       45    0    0    1       0.00000e+00    0.00000e+00    0.00000e+00
       46    0    0    1       0.00000e+00    0.00000e+00    0.00000e+00
       47    0    0    1       0.00000e+00    0.00000e+00    0.00000e+00
       48    0    0    1       0.00000e+00    0.00000e+00    0.00000e+00
       49    0    0    1       0.00000e+00    0.00000e+00    0.00000e+00
       50    0    0    1       0.00000e+00    0.00000e+00    0.00000e+00
       51    0    0    1       0.00000e+00    0.00000e+00    0.00000e+00
       52    0    0    1       0.00000e+00    0.00000e+00    0.00000e+00
       53    0    0    1       0.00000e+00    0.00000e+00    0.00000e+00
       54    0    0    1       0.00000e+00    0.00000e+00    0.00000e+00
       55    0    0    1       0.00000e+00    0.00000e+00    0.00000e+00
       56    1    0    1       0.00000e+00    0.00000e+00    0.00000e+00
       57    0    0    1       0.00000e+00    0.00000e+00    0.00000e+00
       58    0    0    1       0.00000e+00    0.00000e+00    0.00000e+00
       59    0    0    1       0.00000e+00    0.00000e+00    0.00000e+00
       60    0    0    1       0.00000e+00    0.00000e+00    0.00000e+00
       61    0    0    1       0.00000e+00    0.00000e+00    0.00000e+00
       62    0    0    1       0.00000e+00    0.00000e+00    0.00000e+00
       63    0    0    1       0.00000e+00    0.00000e+00    0.00000e+00
       64    0    0    1       0.00000e+00    0.00000e+00    0.00000e+00
       65    0    0    1       0.00000e+00    0.00000e+00    0.00000e+00
       66    0    0    1       0.00000e+00    0.00000e+00    0.00000e+00
       67    0    0    1       0.00000e+00    0.00000e+00    0.00000e+00
       68    0    0    1       0.00000e+00    0.00000e+00    0.00000e+00
       69    1    0    1       0.00000e+00    0.00000e+00    0.00000e+00
       70    0    0    1       0.00000e+00    0.00000e+00    0.00000e+00
       71    0    0    1       0.00000e+00    0.00000e+00    0.00000e+00
       72    0    0    1       0.00000e+00    0.00000e+00    0.00000e+00
       73    0    0    1       0.00000e+00    0.00000e+00    0.00000e+00
       74    0    0    1       0.00000e+00    0.00000e+00    0.00000e+00
       75    0    0    1       0.00000e+00    0.00000e+00    0.00000e+00
       76    0    0    1       0.00000e+00    0.00000e+00    0.00000e+00
       77    0    0    1       0.00000e+00    0.00000e+00    0.00000e+00
       78    0    0    1       0.00000e+00    0.00000e+00    0.00000e+00
       79    0    0    1       0.00000e+00    0.00000e+00    0.00000e+00
       80    0    0    1       0.00000e+00    0.00000e+00    0.00000e+00
       81    0    0    1       0.00000e+00    0.00000e+00    0.00000e+00

 L O A D   C A S E   D A T A

     LOAD CASE NUMBER . . . . . . . =     1
     NUMBER OF CONCENTRATED LOADS . =    81

    NODE       DIRECTION      LOAD
   NUMBER                   MAGNITUDE
      1            1        0.00000e+00
      2            1        6.25000e-02
      3            1        1.25000e-01
      4            1        1.87500e-01
      5            1        1.25000e-01
      6            1        0.00000e+00
      7            1        1.25000e-01
      8            1        2.50000e-01
      9            1        3.75000e-01
     10            1        2.50000e-01
     11            1        0.00000e+00
     12            1        1.25000e-01
     13            1        2.50000e-01
     14            1        3.75000e-01
     15            1        2.50000e-01
     16            1        0.00000e+00
     17            1        1.25000e-01
     18            1        2.50000e-01
     19            1        3.75000e-01
     20            1        2.50000e-01
     21            1        0.00000e+00
     22            1        6.25000e-02
     23            1        1.25000e-01
     24            1        1.87500e-01
     25            1        1.25000e-01
     26            1        6.25000e-02
     27            1        1.87500e-01
     28            1        3.12500e-01
     29            1        4.37500e-01
     30            1        0.00000e+00
     31            1        2.50000e-01
     32            1        2.50000e-01
     33            1        7.50000e-01
     34            1        5.00000e-01
     35            1        1.25000e+00
     36            1        7.50000e-01
     37            1        1.75000e+00
     38            1        5.00000e-01
     39            1        1.25000e-01
     40            1        3.75000e-01
     41            1        6.25000e-01
     42            1        8.75000e-01
     43            1        0.00000e+00
     44            1        2.50000e-01
     45            1        2.50000e-01
     46            1        7.50000e-01
     47            1        5.00000e-01
     48            1        1.25000e+00
     49            1        7.50000e-01
     50            1        1.75000e+00
     51            1        5.00000e-01
     52            1        1.25000e-01
     53            1        3.75000e-01
     54            1        6.25000e-01
     55            1        8.75000e-01
     56            1        0.00000e+00
     57            1        2.50000e-01
     58            1        2.50000e-01
     59            1        7.50000e-01
     60            1        5.00000e-01
     61            1        1.25000e+00
     62            1        7.50000e-01
     63            1        1.75000e+00
     64            1        5.00000e-01
     65            1        1.25000e-01
     66            1        3.75000e-01
     67            1        6.25000e-01
     68            1        8.75000e-01
     69            1        0.00000e+00
     70            1        2.50000e-01
     71            1        2.50000e-01
     72            1        7.50000e-01
     73            1        5.00000e-01
     74            1        1.25000e+00
     75            1        7.50000e-01
     76            1        1.75000e+00
     77            1        5.00000e-01
     78            1        6.25000e-02
     79            1        1.87500e-01
     80            1        3.12500e-01
     81            1        4.37500e-01

 E L E M E N T   G R O U P   D A T A


 E L E M E N T   D E F I N I T I O N

 ELEMENT TYPE  . . . . . . . . . . . . .( NPAR(1) ) . . =    9
     EQ.1, TRUSS ELEMENTS
     EQ.2, ELEMENTS CURRENTLY
     EQ.3, NOT AVAILABLE

 NUMBER OF ELEMENTS. . . . . . . . . . .( NPAR(2) ) . . =   16

 M A T E R I A L   D E F I N I T I O N

 NUMBER OF DIFFERENT SETS OF MATERIAL
 AND CROSS-SECTIONAL  CONSTANTS  . . . .( NPAR(3) ) . . =    1

  SET       YOUNG'S        POSSION'S      
 NUMBER     MODULUS          RATIO   
               E              nu     
    1     3.00000e+07     3.00000e-01


 E L E M E N T   I N F O R M A T I O N
 ELEMENT     NODE     NODE     NODE     NODE      NODE     NODE     NODE     NODE     NODE       MATERIAL
 NUMBER-N      I        J        K        L        M        N        O        P        Q       SET NUMBER
    1        1        2        7        6       26       32       39       30       31           1
    2        2        3        8        7       27       34       40       32       33           1
    3        3        4        9        8       28       36       41       34       35           1
    4        4        5       10        9       29       38       42       36       37           1
    5        6        7       12       11       39       45       52       43       44           1
    6        7        8       13       12       40       47       53       45       46           1
    7        8        9       14       13       41       49       54       47       48           1
    8        9       10       15       14       42       51       55       49       50           1
    9       11       12       17       16       52       58       65       56       57           1
   10       12       13       18       17       53       60       66       58       59           1
   11       13       14       19       18       54       62       67       60       61           1
   12       14       15       20       19       55       64       68       62       63           1
   13       16       17       22       21       65       71       78       69       70           1
   14       17       18       23       22       66       73       79       71       72           1
   15       18       19       24       23       67       75       80       73       74           1
   16       19       20       25       24       68       77       81       75       76           1

 EQUATION NUMBERS

   NODE NUMBER                     DEGREES OF FREEDOM
        N              X        Y        Z      sitax     sitay     sitaz
        1                0         1         0         0         0         0
        2                2         3         0         0         0         0
        3                4         5         0         0         0         0
        4                6         7         0         0         0         0
        5                8         9         0         0         0         0
        6                0        10         0         0         0         0
        7               11        12         0         0         0         0
        8               13        14         0         0         0         0
        9               15        16         0         0         0         0
       10               17        18         0         0         0         0
       11                0         0         0         0         0         0
       12               19        20         0         0         0         0
       13               21        22         0         0         0         0
       14               23        24         0         0         0         0
       15               25        26         0         0         0         0
       16                0        27         0         0         0         0
       17               28        29         0         0         0         0
       18               30        31         0         0         0         0
       19               32        33         0         0         0         0
       20               34        35         0         0         0         0
       21                0        36         0         0         0         0
       22               37        38         0         0         0         0
       23               39        40         0         0         0         0
       24               41        42         0         0         0         0
       25               43        44         0         0         0         0
       26               45        46         0         0         0         0
       27               47        48         0         0         0         0
       28               49        50         0         0         0         0
       29               51        52         0         0         0         0
       30                0        53         0         0         0         0
       31               54        55         0         0         0         0
       32               56        57         0         0         0         0
       33               58        59         0         0         0         0
       34               60        61         0         0         0         0
       35               62        63         0         0         0         0
       36               64        65         0         0         0         0
       37               66        67         0         0         0         0
       38               68        69         0         0         0         0
       39               70        71         0         0         0         0
       40               72        73         0         0         0         0
       41               74        75         0         0         0         0
       42               76        77         0         0         0         0
       43                0        78         0         0         0         0
       44               79        80         0         0         0         0
       45               81        82         0         0         0         0
       46               83        84         0         0         0         0
       47               85        86         0         0         0         0
       48               87        88         0         0         0         0
       49               89        90         0         0         0         0
       50               91        92         0         0         0         0
       51               93        94         0         0         0         0
       52               95        96         0         0         0         0
       53               97        98         0         0         0         0
       54               99       100         0         0         0         0
       55              101       102         0         0         0         0
       56                0       103         0         0         0         0
       57              104       105         0         0         0         0
       58              106       107         0         0         0         0
       59              108       109         0         0         0         0
       60              110       111         0         0         0         0
       61              112       113         0         0         0         0
       62              114       115         0         0         0         0
       63              116       117         0         0         0         0
       64              118       119         0         0         0         0
       65              120       121         0         0         0         0
       66              122       123         0         0         0         0
       67              124       125         0         0         0         0
       68              126       127         0         0         0         0
       69                0       128         0         0         0         0
       70              129       130         0         0         0         0
       71              131       132         0         0         0         0
       72              133       134         0         0         0         0
       73              135       136         0         0         0         0
       74              137       138         0         0         0         0
       75              139       140         0         0         0         0
       76              141       142         0         0         0         0
       77              143       144         0         0         0         0
       78              145       146         0         0         0         0
       79              147       148         0         0         0         0
       80              149       150         0         0         0         0
       81              151       152         0         0         0         0

	TOTAL SYSTEM DATA

     NUMBER OF EQUATIONS . . . . . . . . . . . . . .(NEQ) = 152
     NUMBER OF MATRIX ELEMENTS . . . . . . . . . . .(NWK) = 9535
     MAXIMUM HALF BANDWIDTH  . . . . . . . . . . . .(MK ) = 121
     MEAN HALF BANDWIDTH . . . . . . . . . . . . . .(MM ) = 62


 LOAD CASE    1


 D I S P L A C E M E N T S

  NODE           X-DISPLACEMENT    Y-DISPLACEMENT    Z-DISPLACEMENT     X-ROTATION     Y-ROTATION     Z-ROTATION
    1               0.00000e+00       1.79495e-07       0.00000e+00       0.00000e+00       0.00000e+00       0.00000e+00
    2               2.78992e-07       1.67894e-07       0.00000e+00       0.00000e+00       0.00000e+00       0.00000e+00
    3               5.21802e-07       1.33407e-07       0.00000e+00       0.00000e+00       0.00000e+00       0.00000e+00
    4               6.93562e-07       7.82888e-08       0.00000e+00       0.00000e+00       0.00000e+00       0.00000e+00
    5               7.59951e-07       1.16957e-08       0.00000e+00       0.00000e+00       0.00000e+00       0.00000e+00
    6               0.00000e+00       9.10907e-08       0.00000e+00       0.00000e+00       0.00000e+00       0.00000e+00
    7               2.95538e-07       8.51063e-08       0.00000e+00       0.00000e+00       0.00000e+00       0.00000e+00
    8               5.53354e-07       6.73488e-08       0.00000e+00       0.00000e+00       0.00000e+00       0.00000e+00
    9               7.35654e-07       3.95180e-08       0.00000e+00       0.00000e+00       0.00000e+00       0.00000e+00
   10               8.05428e-07       8.89925e-09       0.00000e+00       0.00000e+00       0.00000e+00       0.00000e+00
   11               0.00000e+00       0.00000e+00       0.00000e+00       0.00000e+00       0.00000e+00       0.00000e+00
   12               3.00590e-07       3.17089e-21       0.00000e+00       0.00000e+00       0.00000e+00       0.00000e+00
   13               5.62588e-07       4.28800e-21       0.00000e+00       0.00000e+00       0.00000e+00       0.00000e+00
   14               7.47344e-07       4.92162e-21       0.00000e+00       0.00000e+00       0.00000e+00       0.00000e+00
   15               8.18105e-07       4.01255e-21       0.00000e+00       0.00000e+00       0.00000e+00       0.00000e+00
   16               0.00000e+00      -9.10907e-08       0.00000e+00       0.00000e+00       0.00000e+00       0.00000e+00
   17               2.95538e-07      -8.51063e-08       0.00000e+00       0.00000e+00       0.00000e+00       0.00000e+00
   18               5.53354e-07      -6.73488e-08       0.00000e+00       0.00000e+00       0.00000e+00       0.00000e+00
   19               7.35654e-07      -3.95180e-08       0.00000e+00       0.00000e+00       0.00000e+00       0.00000e+00
   20               8.05428e-07      -8.89925e-09       0.00000e+00       0.00000e+00       0.00000e+00       0.00000e+00
   21               0.00000e+00      -1.79495e-07       0.00000e+00       0.00000e+00       0.00000e+00       0.00000e+00
   22               2.78992e-07      -1.67894e-07       0.00000e+00       0.00000e+00       0.00000e+00       0.00000e+00
   23               5.21802e-07      -1.33407e-07       0.00000e+00       0.00000e+00       0.00000e+00       0.00000e+00
   24               6.93562e-07      -7.82888e-08       0.00000e+00       0.00000e+00       0.00000e+00       0.00000e+00
   25               7.59951e-07      -1.16957e-08       0.00000e+00       0.00000e+00       0.00000e+00       0.00000e+00
   26               1.41775e-07       1.76316e-07       0.00000e+00       0.00000e+00       0.00000e+00       0.00000e+00
   27               4.07151e-07       1.53177e-07       0.00000e+00       0.00000e+00       0.00000e+00       0.00000e+00
   28               6.18711e-07       1.07824e-07       0.00000e+00       0.00000e+00       0.00000e+00       0.00000e+00
   29               7.42397e-07       4.50894e-08       0.00000e+00       0.00000e+00       0.00000e+00       0.00000e+00
   30               0.00000e+00       1.35800e-07       0.00000e+00       0.00000e+00       0.00000e+00       0.00000e+00
   31               1.46744e-07       1.33562e-07       0.00000e+00       0.00000e+00       0.00000e+00       0.00000e+00
   32               2.88872e-07       1.26963e-07       0.00000e+00       0.00000e+00       0.00000e+00       0.00000e+00
   33               4.21776e-07       1.15927e-07       0.00000e+00       0.00000e+00       0.00000e+00       0.00000e+00
   34               5.40880e-07       1.00694e-07       0.00000e+00       0.00000e+00       0.00000e+00       0.00000e+00
   35               6.41613e-07       8.14500e-08       0.00000e+00       0.00000e+00       0.00000e+00       0.00000e+00
   36               7.19435e-07       5.90289e-08       0.00000e+00       0.00000e+00       0.00000e+00       0.00000e+00
   37               7.69698e-07       3.47322e-08       0.00000e+00       0.00000e+00       0.00000e+00       0.00000e+00
   38               7.87737e-07       1.09265e-08       0.00000e+00       0.00000e+00       0.00000e+00       0.00000e+00
   39               1.50125e-07       8.95747e-08       0.00000e+00       0.00000e+00       0.00000e+00       0.00000e+00
   40               4.31523e-07       7.76355e-08       0.00000e+00       0.00000e+00       0.00000e+00       0.00000e+00
   41               6.56301e-07       5.44159e-08       0.00000e+00       0.00000e+00       0.00000e+00       0.00000e+00
   42               7.86803e-07       2.36655e-08       0.00000e+00       0.00000e+00       0.00000e+00       0.00000e+00
   43               0.00000e+00       4.56993e-08       0.00000e+00       0.00000e+00       0.00000e+00       0.00000e+00
   44               1.52068e-07       4.49385e-08       0.00000e+00       0.00000e+00       0.00000e+00       0.00000e+00
   45               2.99350e-07       4.26760e-08       0.00000e+00       0.00000e+00       0.00000e+00       0.00000e+00
   46               4.37046e-07       3.89105e-08       0.00000e+00       0.00000e+00       0.00000e+00       0.00000e+00
   47               5.60345e-07       3.37203e-08       0.00000e+00       0.00000e+00       0.00000e+00       0.00000e+00
   48               6.64419e-07       2.72366e-08       0.00000e+00       0.00000e+00       0.00000e+00       0.00000e+00
   49               7.44548e-07       1.97973e-08       0.00000e+00       0.00000e+00       0.00000e+00       0.00000e+00
   50               7.96101e-07       1.20139e-08       0.00000e+00       0.00000e+00       0.00000e+00       0.00000e+00
   51               8.15035e-07       4.91943e-09       0.00000e+00       0.00000e+00       0.00000e+00       0.00000e+00
   52               1.52702e-07       2.39221e-21       0.00000e+00       0.00000e+00       0.00000e+00       0.00000e+00
   53               4.38833e-07       3.94731e-21       0.00000e+00       0.00000e+00       0.00000e+00       0.00000e+00
   54               6.67004e-07       4.45354e-21       0.00000e+00       0.00000e+00       0.00000e+00       0.00000e+00
   55               7.99014e-07       4.83991e-21       0.00000e+00       0.00000e+00       0.00000e+00       0.00000e+00
   56               0.00000e+00      -4.56993e-08       0.00000e+00       0.00000e+00       0.00000e+00       0.00000e+00
   57               1.52068e-07      -4.49385e-08       0.00000e+00       0.00000e+00       0.00000e+00       0.00000e+00
   58               2.99350e-07      -4.26760e-08       0.00000e+00       0.00000e+00       0.00000e+00       0.00000e+00
   59               4.37046e-07      -3.89105e-08       0.00000e+00       0.00000e+00       0.00000e+00       0.00000e+00
   60               5.60345e-07      -3.37203e-08       0.00000e+00       0.00000e+00       0.00000e+00       0.00000e+00
   61               6.64419e-07      -2.72366e-08       0.00000e+00       0.00000e+00       0.00000e+00       0.00000e+00
   62               7.44548e-07      -1.97973e-08       0.00000e+00       0.00000e+00       0.00000e+00       0.00000e+00
   63               7.96101e-07      -1.20139e-08       0.00000e+00       0.00000e+00       0.00000e+00       0.00000e+00
   64               8.15035e-07      -4.91943e-09       0.00000e+00       0.00000e+00       0.00000e+00       0.00000e+00
   65               1.50125e-07      -8.95747e-08       0.00000e+00       0.00000e+00       0.00000e+00       0.00000e+00
   66               4.31523e-07      -7.76355e-08       0.00000e+00       0.00000e+00       0.00000e+00       0.00000e+00
   67               6.56301e-07      -5.44159e-08       0.00000e+00       0.00000e+00       0.00000e+00       0.00000e+00
   68               7.86803e-07      -2.36655e-08       0.00000e+00       0.00000e+00       0.00000e+00       0.00000e+00
   69               0.00000e+00      -1.35800e-07       0.00000e+00       0.00000e+00       0.00000e+00       0.00000e+00
   70               1.46744e-07      -1.33562e-07       0.00000e+00       0.00000e+00       0.00000e+00       0.00000e+00
   71               2.88872e-07      -1.26963e-07       0.00000e+00       0.00000e+00       0.00000e+00       0.00000e+00
   72               4.21776e-07      -1.15927e-07       0.00000e+00       0.00000e+00       0.00000e+00       0.00000e+00
   73               5.40880e-07      -1.00694e-07       0.00000e+00       0.00000e+00       0.00000e+00       0.00000e+00
   74               6.41613e-07      -8.14500e-08       0.00000e+00       0.00000e+00       0.00000e+00       0.00000e+00
   75               7.19435e-07      -5.90289e-08       0.00000e+00       0.00000e+00       0.00000e+00       0.00000e+00
   76               7.69698e-07      -3.47322e-08       0.00000e+00       0.00000e+00       0.00000e+00       0.00000e+00
   77               7.87737e-07      -1.09265e-08       0.00000e+00       0.00000e+00       0.00000e+00       0.00000e+00
   78               1.41775e-07      -1.76316e-07       0.00000e+00       0.00000e+00       0.00000e+00       0.00000e+00
   79               4.07151e-07      -1.53177e-07       0.00000e+00       0.00000e+00       0.00000e+00       0.00000e+00
   80               6.18711e-07      -1.07824e-07       0.00000e+00       0.00000e+00       0.00000e+00       0.00000e+00
   81               7.42397e-07      -4.50894e-08       0.00000e+00       0.00000e+00       0.00000e+00       0.00000e+00

 S T R E S S  C A L C U L A T I O N S  F O R  E L E M E N T  G R O U P    1

  ELEMENT       X-COORD        Y-COORD         SXX            SYY            TXY
NUMBER
    1           5.63508e-02       5.63508e-02       1.73158e+01       4.14572e-03      -1.50650e-02
    1           5.63508e-02       2.50000e-01       1.77729e+01       3.81049e-02      -4.27819e-03
    1           5.63508e-02       4.43649e-01       1.81050e+01       3.45511e-02      -3.53404e-03
    1           2.50000e-01       5.63508e-02       1.68824e+01      -2.51370e-02      -3.97550e-03
    1           2.50000e-01       2.50000e-01       1.73307e+01      -5.29098e-03      -1.12307e-02
    1           2.50000e-01       4.43649e-01       1.76519e+01      -2.35829e-02      -1.72552e-02
    1           4.43649e-01       5.63508e-02       1.64666e+01       4.01203e-03       5.69992e-03
    1           4.43649e-01       2.50000e-01       1.69157e+01       4.19541e-02      -2.03264e-02
    1           4.43649e-01       4.43649e-01       1.72356e+01       4.11332e-02      -3.38488e-02
    2         -1.45682e+144     -1.45682e+144     -1.45682e+144     -1.45682e+144     -1.45682e+144
    2         -1.45682e+144     -1.45682e+144     -1.45682e+144     -1.45682e+144     -1.45682e+144
    2         -1.45682e+144     -1.45682e+144     -1.45682e+144     -1.45682e+144     -1.45682e+144
    2         -1.45682e+144     -1.45682e+144     -1.45682e+144     -1.45682e+144     -1.45682e+144
    2         -1.45682e+144     -1.45682e+144     -1.45682e+144     -1.45682e+144     -1.45682e+144
    2         -1.45682e+144     -1.45682e+144     -1.45682e+144     -1.45682e+144     -1.45682e+144
    2         -1.45682e+144     -1.45682e+144     -1.45682e+144     -1.45682e+144     -1.45682e+144
    2         -1.45682e+144     -1.45682e+144     -1.45682e+144     -1.45682e+144     -1.45682e+144
    2         -1.45682e+144     -1.45682e+144     -1.45682e+144     -1.45682e+144     -1.45682e+144
