TITLE : Cables to test STAP90
        (10:27:10 on June 9, 2019, Sunday)

C O N T R O L   I N F O R M A T I O N

      NUMBER OF NODAL POINTS . . . . . . . . . . (NUMNP)  =    25
      NUMBER OF ELEMENT GROUPS . . . . . . . . . (NUMEG)  =     1
      NUMBER OF LOAD CASES . . . . . . . . . . . (NLCASE) =     1
      SOLUTION MODE  . . . . . . . . . . . . . . (MODEX)  =     1
         EQ.0, DATA CHECK
         EQ.1, EXECUTION

 N O D A L   P O I N T   D A T A

    NODE       BOUNDARY                          NODAL POINT
   NUMBER   CONDITION  CODES                     COORDINATES
        1    1    0    1       0.00000e+00    0.00000e+00    0.00000e+00
        2    0    0    1       1.00000e+00    0.00000e+00    0.00000e+00
        3    0    0    1       2.00000e+00    0.00000e+00    0.00000e+00
        4    1    1    1       0.00000e+00    1.00000e+00    0.00000e+00
        5    0    0    1       1.00000e+00    1.00000e+00    0.00000e+00
        6    0    0    1       2.00000e+00    1.00000e+00    0.00000e+00
        7    1    0    1       0.00000e+00    2.00000e+00    0.00000e+00
        8    0    0    1       1.00000e+00    2.00000e+00    0.00000e+00
        9    0    0    1       2.00000e+00    2.00000e+00    0.00000e+00
       10    0    0    1       0.00000e+00    0.00000e+00    0.00000e+00
       11    0    0    1       0.00000e+00    0.00000e+00    0.00000e+00
       12    1    0    1       0.00000e+00    0.00000e+00    0.00000e+00
       13    0    0    1       0.00000e+00    0.00000e+00    0.00000e+00
       14    0    0    1       0.00000e+00    0.00000e+00    0.00000e+00
       15    0    0    1       0.00000e+00    0.00000e+00    0.00000e+00
       16    0    0    1       0.00000e+00    0.00000e+00    0.00000e+00
       17    0    0    1       0.00000e+00    0.00000e+00    0.00000e+00
       18    0    0    1       0.00000e+00    0.00000e+00    0.00000e+00
       19    1    0    1       0.00000e+00    0.00000e+00    0.00000e+00
       20    0    0    1       0.00000e+00    0.00000e+00    0.00000e+00
       21    0    0    1       0.00000e+00    0.00000e+00    0.00000e+00
       22    0    0    1       0.00000e+00    0.00000e+00    0.00000e+00
       23    0    0    1       0.00000e+00    0.00000e+00    0.00000e+00
       24    0    0    1       0.00000e+00    0.00000e+00    0.00000e+00
       25    0    0    1       0.00000e+00    0.00000e+00    0.00000e+00

 L O A D   C A S E   D A T A

     LOAD CASE NUMBER . . . . . . . =     1
     NUMBER OF CONCENTRATED LOADS . =    25

    NODE       DIRECTION      LOAD
   NUMBER                   MAGNITUDE
      1            1        0.00000e+00
      2            1        5.00000e-01
      3            1        5.00000e-01
      4            1        0.00000e+00
      5            1        1.00000e+00
      6            1        1.00000e+00
      7            1        0.00000e+00
      8            1        5.00000e-01
      9            1        5.00000e-01
     10            1        5.00000e-01
     11            1        1.50000e+00
     12            1        0.00000e+00
     13            1        2.00000e+00
     14            1        2.00000e+00
     15            1        6.00000e+00
     16            1        2.00000e+00
     17            1        1.00000e+00
     18            1        3.00000e+00
     19            1        0.00000e+00
     20            1        2.00000e+00
     21            1        2.00000e+00
     22            1        6.00000e+00
     23            1        2.00000e+00
     24            1        5.00000e-01
     25            1        1.50000e+00

 E L E M E N T   G R O U P   D A T A


 E L E M E N T   D E F I N I T I O N

 ELEMENT TYPE  . . . . . . . . . . . . .( NPAR(1) ) . . =    9
     EQ.1, TRUSS ELEMENTS
     EQ.2, ELEMENTS CURRENTLY
     EQ.3, NOT AVAILABLE

 NUMBER OF ELEMENTS. . . . . . . . . . .( NPAR(2) ) . . =    4

 M A T E R I A L   D E F I N I T I O N

 NUMBER OF DIFFERENT SETS OF MATERIAL
 AND CROSS-SECTIONAL  CONSTANTS  . . . .( NPAR(3) ) . . =    1

  SET       YOUNG'S        POSSION'S      
 NUMBER     MODULUS          RATIO   
               E              nu     
    1     3.00000e+07     3.00000e-01


 E L E M E N T   I N F O R M A T I O N
 ELEMENT     NODE     NODE     NODE     NODE      NODE     NODE     NODE     NODE     NODE       MATERIAL
 NUMBER-N      I        J        K        L        M        N        O        P        Q       SET NUMBER
    1        1        2        5        4       10       14       17       12       13           1
    2        2        3        6        5       11       16       18       14       15           1
    3        4        5        8        7       17       21       24       19       20           1
    4        5        6        9        8       18       23       25       21       22           1

 EQUATION NUMBERS

   NODE NUMBER                     DEGREES OF FREEDOM
        N              X        Y        Z      sitax     sitay     sitaz
        1                0         1         0         0         0         0
        2                2         3         0         0         0         0
        3                4         5         0         0         0         0
        4                0         0         0         0         0         0
        5                6         7         0         0         0         0
        6                8         9         0         0         0         0
        7                0        10         0         0         0         0
        8               11        12         0         0         0         0
        9               13        14         0         0         0         0
       10               15        16         0         0         0         0
       11               17        18         0         0         0         0
       12                0        19         0         0         0         0
       13               20        21         0         0         0         0
       14               22        23         0         0         0         0
       15               24        25         0         0         0         0
       16               26        27         0         0         0         0
       17               28        29         0         0         0         0
       18               30        31         0         0         0         0
       19                0        32         0         0         0         0
       20               33        34         0         0         0         0
       21               35        36         0         0         0         0
       22               37        38         0         0         0         0
       23               39        40         0         0         0         0
       24               41        42         0         0         0         0
       25               43        44         0         0         0         0

	TOTAL SYSTEM DATA

     NUMBER OF EQUATIONS . . . . . . . . . . . . . .(NEQ) = 44
     NUMBER OF MATRIX ELEMENTS . . . . . . . . . . .(NWK) = 888
     MAXIMUM HALF BANDWIDTH  . . . . . . . . . . . .(MK ) = 39
     MEAN HALF BANDWIDTH . . . . . . . . . . . . . .(MM ) = 20


 LOAD CASE    1


 D I S P L A C E M E N T S

  NODE           X-DISPLACEMENT    Y-DISPLACEMENT    Z-DISPLACEMENT     X-ROTATION     Y-ROTATION     Z-ROTATION
    1               0.00000e+00       1.80918e-07       0.00000e+00       0.00000e+00       0.00000e+00       0.00000e+00
    2               5.21575e-07       1.34718e-07       0.00000e+00       0.00000e+00       0.00000e+00       0.00000e+00
    3               7.60591e-07       1.35918e-08       0.00000e+00       0.00000e+00       0.00000e+00       0.00000e+00
    4               0.00000e+00       0.00000e+00       0.00000e+00       0.00000e+00       0.00000e+00       0.00000e+00
    5               5.62695e-07       9.15069e-22       0.00000e+00       0.00000e+00       0.00000e+00       0.00000e+00
    6               8.18364e-07       1.25235e-21       0.00000e+00       0.00000e+00       0.00000e+00       0.00000e+00
    7               0.00000e+00      -1.80918e-07       0.00000e+00       0.00000e+00       0.00000e+00       0.00000e+00
    8               5.21575e-07      -1.34718e-07       0.00000e+00       0.00000e+00       0.00000e+00       0.00000e+00
    9               7.60591e-07      -1.35918e-08       0.00000e+00       0.00000e+00       0.00000e+00       0.00000e+00
   10               2.78882e-07       1.66997e-07       0.00000e+00       0.00000e+00       0.00000e+00       0.00000e+00
   11               6.94193e-07       7.70166e-08       0.00000e+00       0.00000e+00       0.00000e+00       0.00000e+00
   12               0.00000e+00       9.13834e-08       0.00000e+00       0.00000e+00       0.00000e+00       0.00000e+00
   13               2.95555e-07       8.51463e-08       0.00000e+00       0.00000e+00       0.00000e+00       0.00000e+00
   14               5.53454e-07       6.75593e-08       0.00000e+00       0.00000e+00       0.00000e+00       0.00000e+00
   15               7.35536e-07       3.93660e-08       0.00000e+00       0.00000e+00       0.00000e+00       0.00000e+00
   16               8.05261e-07       8.44749e-09       0.00000e+00       0.00000e+00       0.00000e+00       0.00000e+00
   17               3.00713e-07       6.71671e-22       0.00000e+00       0.00000e+00       0.00000e+00       0.00000e+00
   18               7.47085e-07       1.16115e-21       0.00000e+00       0.00000e+00       0.00000e+00       0.00000e+00
   19               0.00000e+00      -9.13834e-08       0.00000e+00       0.00000e+00       0.00000e+00       0.00000e+00
   20               2.95555e-07      -8.51463e-08       0.00000e+00       0.00000e+00       0.00000e+00       0.00000e+00
   21               5.53454e-07      -6.75593e-08       0.00000e+00       0.00000e+00       0.00000e+00       0.00000e+00
   22               7.35536e-07      -3.93660e-08       0.00000e+00       0.00000e+00       0.00000e+00       0.00000e+00
   23               8.05261e-07      -8.44749e-09       0.00000e+00       0.00000e+00       0.00000e+00       0.00000e+00
   24               2.78882e-07      -1.66997e-07       0.00000e+00       0.00000e+00       0.00000e+00       0.00000e+00
   25               6.94193e-07      -7.70166e-08       0.00000e+00       0.00000e+00       0.00000e+00       0.00000e+00

 S T R E S S  C A L C U L A T I O N S  F O R  E L E M E N T  G R O U P    1

  ELEMENT       X-COORD        Y-COORD         SXX            SYY            TXY
NUMBER
    1           1.12702e-01       1.12702e-01       1.76287e+01       2.58343e-02      -6.33027e-02
    1           1.12702e-01       5.00000e-01       1.83948e+01       1.36946e-01      -1.26749e-02
    1           1.12702e-01       8.87298e-01       1.87010e+01       1.10127e-01       1.41639e-03
    1           5.00000e-01       1.12702e-01       1.58957e+01      -8.80357e-02      -1.86239e-02
    1           5.00000e-01       5.00000e-01       1.65941e+01      -3.16738e-02      -2.30042e-02
    1           5.00000e-01       8.87298e-01       1.68448e+01      -1.09649e-01      -1.73592e-02
    1           8.87298e-01       1.12702e-01       1.42317e+01       2.81934e-02       4.26849e-03
    1           8.87298e-01       5.00000e-01       1.49024e+01       1.62839e-01      -5.09265e-02
    1           8.87298e-01       8.87298e-01       1.51373e+01       1.66741e-01      -4.95344e-02
    2         -1.45682e+144     -1.45682e+144     -1.45682e+144     -1.45682e+144     -1.45682e+144
    2         -1.45682e+144     -1.45682e+144     -1.45682e+144     -1.45682e+144     -1.45682e+144
    2         -1.45682e+144     -1.45682e+144     -1.45682e+144     -1.45682e+144     -1.45682e+144
    2         -1.45682e+144     -1.45682e+144      2.80628e-310      4.84691e-305     -1.45682e+144
    2         -1.45682e+144     -1.45682e+144     -1.45682e+144     -1.45682e+144     -1.45682e+144
    2         -1.45682e+144     -1.45682e+144     -1.45682e+144     -1.45682e+144     -1.45682e+144
    2         -1.45682e+144     -1.45682e+144     -1.45682e+144     -1.45682e+144     -1.45682e+144
    2         -1.45682e+144     -1.45682e+144     -1.45682e+144     -1.45682e+144     -1.45682e+144
    2         -1.45682e+144     -1.45682e+144     -1.45682e+144     -1.45682e+144     -1.45682e+144
