TITLE : Cables to test STAP90
        (23:7:36 on March 9, 2019, Saturday)

C O N T R O L   I N F O R M A T I O N

      NUMBER OF NODAL POINTS . . . . . . . . . . (NUMNP)  =     3
      NUMBER OF ELEMENT GROUPS . . . . . . . . . (NUMEG)  =     1
      NUMBER OF LOAD CASES . . . . . . . . . . . (NLCASE) =     1
      SOLUTION MODE  . . . . . . . . . . . . . . (MODEX)  =     1
         EQ.0, DATA CHECK
         EQ.1, EXECUTION

 N O D A L   P O I N T   D A T A

    NODE       BOUNDARY                         NODAL POINT
   NUMBER  CONDITION  CODES                     COORDINATES
        1    1    1    1     -3.00000e-001   5.19600e-001   0.00000e+000
        2    1    1    1      5.19600e-001   5.19600e-001   0.00000e+000
        3    0    0    1      0.00000e+000   0.00000e+000   0.00000e+000

 EQUATION NUMBERS

   NODE NUMBER   DEGREES OF FREEDOM
        N           X    Y    Z
        1           0    0    0
        2           0    0    0
        3           1    2    0

 L O A D   C A S E   D A T A

     LOAD CASE NUMBER . . . . . . . =     1
     NUMBER OF CONCENTRATED LOADS . =     1

    NODE       DIRECTION      LOAD
   NUMBER                   MAGNITUDE
      3            2       8.00000e+004

 E L E M E N T   G R O U P   D A T A


 E L E M E N T   D E F I N I T I O N

 ELEMENT TYPE  . . . . . . . . . . . . .( NPAR(1) ) . . =    1
     EQ.1, TRUSS ELEMENTS
     EQ.2, ELEMENTS CURRENTLY
     EQ.3, NOT AVAILABLE

 NUMBER OF ELEMENTS. . . . . . . . . . .( NPAR(2) ) . . =    2

 M A T E R I A L   D E F I N I T I O N

 NUMBER OF DIFFERENT SETS OF MATERIAL
 AND CROSS-SECTIONAL  CONSTANTS  . . . .( NPAR(3) ) . . =    1

  SET       YOUNG'S     CROSS-SECTIONAL
 NUMBER     MODULUS          AREA
               E              A
    1    2.07000e+011    1.20000e-004


 E L E M E N T   I N F O R M A T I O N
 ELEMENT     NODE     NODE       MATERIAL
 NUMBER-N      I        J       SET NUMBER
    1          1        3           1
    2          3        2           1

*** _Debug_ *** Column Heights
       0       1

*** _Debug_ *** Address of Diagonal Element
       1       2       4

	TOTAL SYSTEM DATA

     NUMBER OF EQUATIONS . . . . . . . . . . . . . .(NEQ) = 2
     NUMBER OF MATRIX ELEMENTS . . . . . . . . . . .(NWK) = 3
     MAXIMUM HALF BANDWIDTH  . . . . . . . . . . . .(MK ) = 2
     MEAN HALF BANDWIDTH . . . . . . . . . . . . . .(MM ) = 1


*** _Debug_ *** Banded stiffness matrix
  2.72527e+007  4.79522e+007 -1.02541e+006

*** _Debug_ *** Full stiffness matrix
  2.72527e+007 -1.02541e+006
 -1.02541e+006  4.79522e+007

*** _Debug_ *** Banded stiffness matrix
  2.72527e+007  4.79136e+007 -3.76260e-002

*** _Debug_ *** Full stiffness matrix
  2.72527e+007 -3.76260e-002
 -3.76260e-002  4.79136e+007

*** _Debug_ *** Displacement vector
  Load case = 0
  6.28230e-005  1.66967e-003

 LOAD CASE    1


 D I S P L A C E M E N T S

  NODE           X-DISPLACEMENT    Y-DISPLACEMENT    Z-DISPLACEMENT
    1              0.00000e+000      0.00000e+000      0.00000e+000
    2              0.00000e+000      0.00000e+000      0.00000e+000
    3              6.28230e-005      1.66967e-003      0.00000e+000

 S T R E S S  C A L C U L A T I O N S  F O R  E L E M E N T  G R O U P    1

  ELEMENT             FORCE            STRESS
  NUMBER
    1         -5.85639e+004     -4.88032e+008
    2         -4.14118e+004     -3.45098e+008


 S O L U T I O N   T I M E   L O G   I N   S E C 

     TIME FOR INPUT PHASE = 1.52000e-001
     TIME FOR CALCULATION OF STIFFNESS MATRIX = 2.90000e-002
     TIME FOR FACTORIZATION AND LOAD CASE SOLUTIONS = 4.00000e-002

     T O T A L   S O L U T I O N   T I M E = 2.51000e-001
